CRITICAL - 2023-05-04 07:50:15 --> Invalid file: "admin/kasbank/penerimaan.php"
in SYSTEMPATH\Exceptions\FrameworkException.php on line 33.
 1 SYSTEMPATH\View\View.php(201): CodeIgniter\Exceptions\FrameworkException::forInvalidFile('admin/kasbank/penerimaan.php')
 2 SYSTEMPATH\Common.php(1184): CodeIgniter\View\View->render('admin/kasbank/penerimaan', [], true)
 3 APPPATH\Views\layout\layout.php(45): view('admin/kasbank/penerimaan')
 4 SYSTEMPATH\View\View.php(213): include('D:\\wamp64\\www\\indo\\app\\Views\\layout\\layout.php')
 5 SYSTEMPATH\View\View.php(216): CodeIgniter\View\View->CodeIgniter\View\{closure}()
 6 SYSTEMPATH\Common.php(1184): CodeIgniter\View\View->render('layout/layout', [], true)
 7 APPPATH\Controllers\Kasbank.php(17): view('layout/layout', [...])
 8 SYSTEMPATH\CodeIgniter.php(934): App\Controllers\Kasbank->penerimaan()
 9 SYSTEMPATH\CodeIgniter.php(499): CodeIgniter\CodeIgniter->runController(Object(App\Controllers\Kasbank))
10 SYSTEMPATH\CodeIgniter.php(368): CodeIgniter\CodeIgniter->handleRequest(null, Object(Config\Cache), false)
11 FCPATH\index.php(67): CodeIgniter\CodeIgniter->run()
CRITICAL - 2023-05-04 07:50:40 --> Invalid file: "admin/kasbank/transaksi/penerimaan.php"
in SYSTEMPATH\Exceptions\FrameworkException.php on line 33.
 1 SYSTEMPATH\View\View.php(201): CodeIgniter\Exceptions\FrameworkException::forInvalidFile('admin/kasbank/transaksi/penerimaan.php')
 2 SYSTEMPATH\Common.php(1184): CodeIgniter\View\View->render('admin/kasbank/transaksi/penerimaan', [], true)
 3 APPPATH\Views\layout\layout.php(45): view('admin/kasbank/transaksi/penerimaan')
 4 SYSTEMPATH\View\View.php(213): include('D:\\wamp64\\www\\indo\\app\\Views\\layout\\layout.php')
 5 SYSTEMPATH\View\View.php(216): CodeIgniter\View\View->CodeIgniter\View\{closure}()
 6 SYSTEMPATH\Common.php(1184): CodeIgniter\View\View->render('layout/layout', [], true)
 7 APPPATH\Controllers\Kasbank.php(17): view('layout/layout', [...])
 8 SYSTEMPATH\CodeIgniter.php(934): App\Controllers\Kasbank->penerimaan()
 9 SYSTEMPATH\CodeIgniter.php(499): CodeIgniter\CodeIgniter->runController(Object(App\Controllers\Kasbank))
10 SYSTEMPATH\CodeIgniter.php(368): CodeIgniter\CodeIgniter->handleRequest(null, Object(Config\Cache), false)
11 FCPATH\index.php(67): CodeIgniter\CodeIgniter->run()
CRITICAL - 2023-05-04 07:51:02 --> Invalid file: "admin/kasbank/transaksi/penerimaan.php"
in SYSTEMPATH\Exceptions\FrameworkException.php on line 33.
 1 SYSTEMPATH\View\View.php(201): CodeIgniter\Exceptions\FrameworkException::forInvalidFile('admin/kasbank/transaksi/penerimaan.php')
 2 SYSTEMPATH\Common.php(1184): CodeIgniter\View\View->render('admin/kasbank/transaksi/penerimaan', [], true)
 3 APPPATH\Views\layout\layout.php(45): view('admin/kasbank/transaksi/penerimaan')
 4 SYSTEMPATH\View\View.php(213): include('D:\\wamp64\\www\\indo\\app\\Views\\layout\\layout.php')
 5 SYSTEMPATH\View\View.php(216): CodeIgniter\View\View->CodeIgniter\View\{closure}()
 6 SYSTEMPATH\Common.php(1184): CodeIgniter\View\View->render('layout/layout', [], true)
 7 APPPATH\Controllers\Kasbank.php(17): view('layout/layout', [...])
 8 SYSTEMPATH\CodeIgniter.php(934): App\Controllers\Kasbank->penerimaan()
 9 SYSTEMPATH\CodeIgniter.php(499): CodeIgniter\CodeIgniter->runController(Object(App\Controllers\Kasbank))
10 SYSTEMPATH\CodeIgniter.php(368): CodeIgniter\CodeIgniter->handleRequest(null, Object(Config\Cache), false)
11 FCPATH\index.php(67): CodeIgniter\CodeIgniter->run()
CRITICAL - 2023-05-04 07:51:04 --> Invalid file: "admin/kasbank/transaksi/penerimaan.php"
in SYSTEMPATH\Exceptions\FrameworkException.php on line 33.
 1 SYSTEMPATH\View\View.php(201): CodeIgniter\Exceptions\FrameworkException::forInvalidFile('admin/kasbank/transaksi/penerimaan.php')
 2 SYSTEMPATH\Common.php(1184): CodeIgniter\View\View->render('admin/kasbank/transaksi/penerimaan', [], true)
 3 APPPATH\Views\layout\layout.php(45): view('admin/kasbank/transaksi/penerimaan')
 4 SYSTEMPATH\View\View.php(213): include('D:\\wamp64\\www\\indo\\app\\Views\\layout\\layout.php')
 5 SYSTEMPATH\View\View.php(216): CodeIgniter\View\View->CodeIgniter\View\{closure}()
 6 SYSTEMPATH\Common.php(1184): CodeIgniter\View\View->render('layout/layout', [], true)
 7 APPPATH\Controllers\Kasbank.php(17): view('layout/layout', [...])
 8 SYSTEMPATH\CodeIgniter.php(934): App\Controllers\Kasbank->penerimaan()
 9 SYSTEMPATH\CodeIgniter.php(499): CodeIgniter\CodeIgniter->runController(Object(App\Controllers\Kasbank))
10 SYSTEMPATH\CodeIgniter.php(368): CodeIgniter\CodeIgniter->handleRequest(null, Object(Config\Cache), false)
11 FCPATH\index.php(67): CodeIgniter\CodeIgniter->run()
CRITICAL - 2023-05-04 07:51:45 --> Invalid file: "admin/kasbank/transaksi/penerimaan.php"
in SYSTEMPATH\Exceptions\FrameworkException.php on line 33.
 1 SYSTEMPATH\View\View.php(201): CodeIgniter\Exceptions\FrameworkException::forInvalidFile('admin/kasbank/transaksi/penerimaan.php')
 2 SYSTEMPATH\Common.php(1184): CodeIgniter\View\View->render('admin/kasbank/transaksi/penerimaan', [], true)
 3 APPPATH\Views\layout\layout.php(45): view('admin/kasbank/transaksi/penerimaan')
 4 SYSTEMPATH\View\View.php(213): include('D:\\wamp64\\www\\indo\\app\\Views\\layout\\layout.php')
 5 SYSTEMPATH\View\View.php(216): CodeIgniter\View\View->CodeIgniter\View\{closure}()
 6 SYSTEMPATH\Common.php(1184): CodeIgniter\View\View->render('layout/layout', [], true)
 7 APPPATH\Controllers\Kasbank.php(17): view('layout/layout', [...])
 8 SYSTEMPATH\CodeIgniter.php(934): App\Controllers\Kasbank->penerimaan_view()
 9 SYSTEMPATH\CodeIgniter.php(499): CodeIgniter\CodeIgniter->runController(Object(App\Controllers\Kasbank))
10 SYSTEMPATH\CodeIgniter.php(368): CodeIgniter\CodeIgniter->handleRequest(null, Object(Config\Cache), false)
11 FCPATH\index.php(67): CodeIgniter\CodeIgniter->run()
CRITICAL - 2023-05-04 07:52:28 --> Invalid file: "admin/kasbank/transaksi/penerimaan.php"
in SYSTEMPATH\Exceptions\FrameworkException.php on line 33.
 1 SYSTEMPATH\View\View.php(201): CodeIgniter\Exceptions\FrameworkException::forInvalidFile('admin/kasbank/transaksi/penerimaan.php')
 2 SYSTEMPATH\Common.php(1184): CodeIgniter\View\View->render('admin/kasbank/transaksi/penerimaan', [], true)
 3 APPPATH\Views\layout\layout.php(45): view('admin/kasbank/transaksi/penerimaan')
 4 SYSTEMPATH\View\View.php(213): include('D:\\wamp64\\www\\indo\\app\\Views\\layout\\layout.php')
 5 SYSTEMPATH\View\View.php(216): CodeIgniter\View\View->CodeIgniter\View\{closure}()
 6 SYSTEMPATH\Common.php(1184): CodeIgniter\View\View->render('layout/layout', [], true)
 7 APPPATH\Controllers\Kasbank.php(17): view('layout/layout', [...])
 8 SYSTEMPATH\CodeIgniter.php(934): App\Controllers\Kasbank->penerimaan_view()
 9 SYSTEMPATH\CodeIgniter.php(499): CodeIgniter\CodeIgniter->runController(Object(App\Controllers\Kasbank))
10 SYSTEMPATH\CodeIgniter.php(368): CodeIgniter\CodeIgniter->handleRequest(null, Object(Config\Cache), false)
11 FCPATH\index.php(67): CodeIgniter\CodeIgniter->run()
CRITICAL - 2023-05-04 08:23:35 --> Invalid file: "admin/kas_bank/laporan.php"
in SYSTEMPATH\Exceptions\FrameworkException.php on line 33.
 1 SYSTEMPATH\View\View.php(201): CodeIgniter\Exceptions\FrameworkException::forInvalidFile('admin/kas_bank/laporan.php')
 2 SYSTEMPATH\Common.php(1184): CodeIgniter\View\View->render('admin/kas_bank/laporan', [], true)
 3 APPPATH\Views\layout\layout.php(45): view('admin/kas_bank/laporan')
 4 SYSTEMPATH\View\View.php(213): include('D:\\wamp64\\www\\indo\\app\\Views\\layout\\layout.php')
 5 SYSTEMPATH\View\View.php(216): CodeIgniter\View\View->CodeIgniter\View\{closure}()
 6 SYSTEMPATH\Common.php(1184): CodeIgniter\View\View->render('layout/layout', [], true)
 7 APPPATH\Controllers\Kasbank.php(55): view('layout/layout', [...])
 8 SYSTEMPATH\CodeIgniter.php(934): App\Controllers\Kasbank->laporan()
 9 SYSTEMPATH\CodeIgniter.php(499): CodeIgniter\CodeIgniter->runController(Object(App\Controllers\Kasbank))
10 SYSTEMPATH\CodeIgniter.php(368): CodeIgniter\CodeIgniter->handleRequest(null, Object(Config\Cache), false)
11 FCPATH\index.php(67): CodeIgniter\CodeIgniter->run()
CRITICAL - 2023-05-04 08:25:19 --> Invalid file: "admin/buku_besar/transaksi/kode_akun.php"
in SYSTEMPATH\Exceptions\FrameworkException.php on line 33.
 1 SYSTEMPATH\View\View.php(201): CodeIgniter\Exceptions\FrameworkException::forInvalidFile('admin/buku_besar/transaksi/kode_akun.php')
 2 SYSTEMPATH\Common.php(1184): CodeIgniter\View\View->render('admin/buku_besar/transaksi/kode_akun', [], true)
 3 APPPATH\Views\layout\layout.php(45): view('admin/buku_besar/transaksi/kode_akun')
 4 SYSTEMPATH\View\View.php(213): include('D:\\wamp64\\www\\indo\\app\\Views\\layout\\layout.php')
 5 SYSTEMPATH\View\View.php(216): CodeIgniter\View\View->CodeIgniter\View\{closure}()
 6 SYSTEMPATH\Common.php(1184): CodeIgniter\View\View->render('layout/layout', [], true)
 7 APPPATH\Controllers\Bukubesar.php(17): view('layout/layout', [...])
 8 SYSTEMPATH\CodeIgniter.php(934): App\Controllers\Bukubesar->kode_akun()
 9 SYSTEMPATH\CodeIgniter.php(499): CodeIgniter\CodeIgniter->runController(Object(App\Controllers\Bukubesar))
10 SYSTEMPATH\CodeIgniter.php(368): CodeIgniter\CodeIgniter->handleRequest(null, Object(Config\Cache), false)
11 FCPATH\index.php(67): CodeIgniter\CodeIgniter->run()
CRITICAL - 2023-05-04 08:27:17 --> Invalid file: "admin/buku_besar/laporan.php"
in SYSTEMPATH\Exceptions\FrameworkException.php on line 33.
 1 SYSTEMPATH\View\View.php(201): CodeIgniter\Exceptions\FrameworkException::forInvalidFile('admin/buku_besar/laporan.php')
 2 SYSTEMPATH\Common.php(1184): CodeIgniter\View\View->render('admin/buku_besar/laporan', [], true)
 3 APPPATH\Views\layout\layout.php(45): view('admin/buku_besar/laporan')
 4 SYSTEMPATH\View\View.php(213): include('D:\\wamp64\\www\\indo\\app\\Views\\layout\\layout.php')
 5 SYSTEMPATH\View\View.php(216): CodeIgniter\View\View->CodeIgniter\View\{closure}()
 6 SYSTEMPATH\Common.php(1184): CodeIgniter\View\View->render('layout/layout', [], true)
 7 APPPATH\Controllers\Bukubesar.php(82): view('layout/layout', [...])
 8 SYSTEMPATH\CodeIgniter.php(934): App\Controllers\Bukubesar->laporan()
 9 SYSTEMPATH\CodeIgniter.php(499): CodeIgniter\CodeIgniter->runController(Object(App\Controllers\Bukubesar))
10 SYSTEMPATH\CodeIgniter.php(368): CodeIgniter\CodeIgniter->handleRequest(null, Object(Config\Cache), false)
11 FCPATH\index.php(67): CodeIgniter\CodeIgniter->run()
CRITICAL - 2023-05-04 08:29:53 --> Invalid file: "admin/untilitas/pengguna.php"
in SYSTEMPATH\Exceptions\FrameworkException.php on line 33.
 1 SYSTEMPATH\View\View.php(201): CodeIgniter\Exceptions\FrameworkException::forInvalidFile('admin/untilitas/pengguna.php')
 2 SYSTEMPATH\Common.php(1184): CodeIgniter\View\View->render('admin/untilitas/pengguna', [], true)
 3 APPPATH\Views\layout\layout.php(45): view('admin/untilitas/pengguna')
 4 SYSTEMPATH\View\View.php(213): include('D:\\wamp64\\www\\indo\\app\\Views\\layout\\layout.php')
 5 SYSTEMPATH\View\View.php(216): CodeIgniter\View\View->CodeIgniter\View\{closure}()
 6 SYSTEMPATH\Common.php(1184): CodeIgniter\View\View->render('layout/layout', [], true)
 7 APPPATH\Controllers\Utilitas.php(17): view('layout/layout', [...])
 8 SYSTEMPATH\CodeIgniter.php(934): App\Controllers\Utilitas->pengguna()
 9 SYSTEMPATH\CodeIgniter.php(499): CodeIgniter\CodeIgniter->runController(Object(App\Controllers\Utilitas))
10 SYSTEMPATH\CodeIgniter.php(368): CodeIgniter\CodeIgniter->handleRequest(null, Object(Config\Cache), false)
11 FCPATH\index.php(67): CodeIgniter\CodeIgniter->run()
CRITICAL - 2023-05-04 10:43:22 --> Invalid file: "admin/kas_bank/transaksi/pembayran_entri.php"
in SYSTEMPATH\Exceptions\FrameworkException.php on line 33.
 1 SYSTEMPATH\View\View.php(201): CodeIgniter\Exceptions\FrameworkException::forInvalidFile('admin/kas_bank/transaksi/pembayran_entri.php')
 2 SYSTEMPATH\Common.php(1184): CodeIgniter\View\View->render('admin/kas_bank/transaksi/pembayran_entri', [], true)
 3 APPPATH\Views\layout\layout.php(45): view('admin/kas_bank/transaksi/pembayran_entri')
 4 SYSTEMPATH\View\View.php(213): include('D:\\wamp64\\www\\indo\\app\\Views\\layout\\layout.php')
 5 SYSTEMPATH\View\View.php(216): CodeIgniter\View\View->CodeIgniter\View\{closure}()
 6 SYSTEMPATH\Common.php(1184): CodeIgniter\View\View->render('layout/layout', [], true)
 7 APPPATH\Controllers\Kasbank.php(42): view('layout/layout', [...])
 8 SYSTEMPATH\CodeIgniter.php(934): App\Controllers\Kasbank->pembayaran_entri()
 9 SYSTEMPATH\CodeIgniter.php(499): CodeIgniter\CodeIgniter->runController(Object(App\Controllers\Kasbank))
10 SYSTEMPATH\CodeIgniter.php(368): CodeIgniter\CodeIgniter->handleRequest(null, Object(Config\Cache), false)
11 FCPATH\index.php(67): CodeIgniter\CodeIgniter->run()
