CRITICAL - 2023-04-18 04:47:21 --> Invalid file: "admin/pembalian/transaksi/uang_muka_pembelian.php"
in SYSTEMPATH\Exceptions\FrameworkException.php on line 33.
 1 SYSTEMPATH\View\View.php(201): CodeIgniter\Exceptions\FrameworkException::forInvalidFile('admin/pembalian/transaksi/uang_muka_pembelian.php')
 2 SYSTEMPATH\Common.php(1184): CodeIgniter\View\View->render('admin/pembalian/transaksi/uang_muka_pembelian', [], true)
 3 APPPATH\Views\layout\layout.php(45): view('admin/pembalian/transaksi/uang_muka_pembelian')
 4 SYSTEMPATH\View\View.php(213): include('D:\\wamp64\\www\\indo\\app\\Views\\layout\\layout.php')
 5 SYSTEMPATH\View\View.php(216): CodeIgniter\View\View->CodeIgniter\View\{closure}()
 6 SYSTEMPATH\Common.php(1184): CodeIgniter\View\View->render('layout/layout', [], true)
 7 APPPATH\Controllers\Pembelian.php(144): view('layout/layout', [...])
 8 SYSTEMPATH\CodeIgniter.php(934): App\Controllers\Pembelian->uang_muka_pembelian()
 9 SYSTEMPATH\CodeIgniter.php(499): CodeIgniter\CodeIgniter->runController(Object(App\Controllers\Pembelian))
10 SYSTEMPATH\CodeIgniter.php(368): CodeIgniter\CodeIgniter->handleRequest(null, Object(Config\Cache), false)
11 FCPATH\index.php(67): CodeIgniter\CodeIgniter->run()
CRITICAL - 2023-04-18 04:47:29 --> Invalid file: "admin/pembelian/transaksi/uang_muka_pembelian.php"
in SYSTEMPATH\Exceptions\FrameworkException.php on line 33.
 1 SYSTEMPATH\View\View.php(201): CodeIgniter\Exceptions\FrameworkException::forInvalidFile('admin/pembelian/transaksi/uang_muka_pembelian.php')
 2 SYSTEMPATH\Common.php(1184): CodeIgniter\View\View->render('admin/pembelian/transaksi/uang_muka_pembelian', [], true)
 3 APPPATH\Views\layout\layout.php(45): view('admin/pembelian/transaksi/uang_muka_pembelian')
 4 SYSTEMPATH\View\View.php(213): include('D:\\wamp64\\www\\indo\\app\\Views\\layout\\layout.php')
 5 SYSTEMPATH\View\View.php(216): CodeIgniter\View\View->CodeIgniter\View\{closure}()
 6 SYSTEMPATH\Common.php(1184): CodeIgniter\View\View->render('layout/layout', [], true)
 7 APPPATH\Controllers\Pembelian.php(144): view('layout/layout', [...])
 8 SYSTEMPATH\CodeIgniter.php(934): App\Controllers\Pembelian->uang_muka_pembelian()
 9 SYSTEMPATH\CodeIgniter.php(499): CodeIgniter\CodeIgniter->runController(Object(App\Controllers\Pembelian))
10 SYSTEMPATH\CodeIgniter.php(368): CodeIgniter\CodeIgniter->handleRequest(null, Object(Config\Cache), false)
11 FCPATH\index.php(67): CodeIgniter\CodeIgniter->run()
CRITICAL - 2023-04-18 04:48:05 --> Invalid file: "admin/pembelian/transaksi/uangmukapembelian.php"
in SYSTEMPATH\Exceptions\FrameworkException.php on line 33.
 1 SYSTEMPATH\View\View.php(201): CodeIgniter\Exceptions\FrameworkException::forInvalidFile('admin/pembelian/transaksi/uangmukapembelian.php')
 2 SYSTEMPATH\Common.php(1184): CodeIgniter\View\View->render('admin/pembelian/transaksi/uangmukapembelian', [], true)
 3 APPPATH\Views\layout\layout.php(45): view('admin/pembelian/transaksi/uangmukapembelian')
 4 SYSTEMPATH\View\View.php(213): include('D:\\wamp64\\www\\indo\\app\\Views\\layout\\layout.php')
 5 SYSTEMPATH\View\View.php(216): CodeIgniter\View\View->CodeIgniter\View\{closure}()
 6 SYSTEMPATH\Common.php(1184): CodeIgniter\View\View->render('layout/layout', [], true)
 7 APPPATH\Controllers\Pembelian.php(144): view('layout/layout', [...])
 8 SYSTEMPATH\CodeIgniter.php(934): App\Controllers\Pembelian->uang_muka_pembelian()
 9 SYSTEMPATH\CodeIgniter.php(499): CodeIgniter\CodeIgniter->runController(Object(App\Controllers\Pembelian))
10 SYSTEMPATH\CodeIgniter.php(368): CodeIgniter\CodeIgniter->handleRequest(null, Object(Config\Cache), false)
11 FCPATH\index.php(67): CodeIgniter\CodeIgniter->run()
CRITICAL - 2023-04-18 05:12:48 --> Invalid file: "admin/pembayaran_pembelian.php"
in SYSTEMPATH\Exceptions\FrameworkException.php on line 33.
 1 SYSTEMPATH\View\View.php(201): CodeIgniter\Exceptions\FrameworkException::forInvalidFile('admin/pembayaran_pembelian.php')
 2 SYSTEMPATH\Common.php(1184): CodeIgniter\View\View->render('admin/pembayaran_pembelian', [], true)
 3 APPPATH\Views\layout\layout.php(45): view('admin/pembayaran_pembelian')
 4 SYSTEMPATH\View\View.php(213): include('D:\\wamp64\\www\\indo\\app\\Views\\layout\\layout.php')
 5 SYSTEMPATH\View\View.php(216): CodeIgniter\View\View->CodeIgniter\View\{closure}()
 6 SYSTEMPATH\Common.php(1184): CodeIgniter\View\View->render('layout/layout', [], true)
 7 APPPATH\Controllers\Pembelian.php(170): view('layout/layout', [...])
 8 SYSTEMPATH\CodeIgniter.php(934): App\Controllers\Pembelian->pembayaran_pembelian()
 9 SYSTEMPATH\CodeIgniter.php(499): CodeIgniter\CodeIgniter->runController(Object(App\Controllers\Pembelian))
10 SYSTEMPATH\CodeIgniter.php(368): CodeIgniter\CodeIgniter->handleRequest(null, Object(Config\Cache), false)
11 FCPATH\index.php(67): CodeIgniter\CodeIgniter->run()
CRITICAL - 2023-04-18 05:46:36 --> Invalid file: "admin/exportData/data_sub_pembelian.php"
in SYSTEMPATH\Exceptions\FrameworkException.php on line 33.
 1 SYSTEMPATH\View\View.php(201): CodeIgniter\Exceptions\FrameworkException::forInvalidFile('admin/exportData/data_sub_pembelian.php')
 2 SYSTEMPATH\Common.php(1184): CodeIgniter\View\View->render('admin/exportData/data_sub_pembelian', [], true)
 3 APPPATH\Views\layout\layout.php(45): view('admin/exportData/data_sub_pembelian')
 4 SYSTEMPATH\View\View.php(213): include('D:\\wamp64\\www\\indo\\app\\Views\\layout\\layout.php')
 5 SYSTEMPATH\View\View.php(216): CodeIgniter\View\View->CodeIgniter\View\{closure}()
 6 SYSTEMPATH\Common.php(1184): CodeIgniter\View\View->render('layout/layout', [], true)
 7 APPPATH\Controllers\Pembelian.php(237): view('layout/layout', [...])
 8 SYSTEMPATH\CodeIgniter.php(934): App\Controllers\Pembelian->data_sub_pembelian()
 9 SYSTEMPATH\CodeIgniter.php(499): CodeIgniter\CodeIgniter->runController(Object(App\Controllers\Pembelian))
10 SYSTEMPATH\CodeIgniter.php(368): CodeIgniter\CodeIgniter->handleRequest(null, Object(Config\Cache), false)
11 FCPATH\index.php(67): CodeIgniter\CodeIgniter->run()
CRITICAL - 2023-04-18 05:46:37 --> Invalid file: "admin/exportData/data_sub_pembelian.php"
in SYSTEMPATH\Exceptions\FrameworkException.php on line 33.
 1 SYSTEMPATH\View\View.php(201): CodeIgniter\Exceptions\FrameworkException::forInvalidFile('admin/exportData/data_sub_pembelian.php')
 2 SYSTEMPATH\Common.php(1184): CodeIgniter\View\View->render('admin/exportData/data_sub_pembelian', [], true)
 3 APPPATH\Views\layout\layout.php(45): view('admin/exportData/data_sub_pembelian')
 4 SYSTEMPATH\View\View.php(213): include('D:\\wamp64\\www\\indo\\app\\Views\\layout\\layout.php')
 5 SYSTEMPATH\View\View.php(216): CodeIgniter\View\View->CodeIgniter\View\{closure}()
 6 SYSTEMPATH\Common.php(1184): CodeIgniter\View\View->render('layout/layout', [], true)
 7 APPPATH\Controllers\Pembelian.php(237): view('layout/layout', [...])
 8 SYSTEMPATH\CodeIgniter.php(934): App\Controllers\Pembelian->data_sub_pembelian()
 9 SYSTEMPATH\CodeIgniter.php(499): CodeIgniter\CodeIgniter->runController(Object(App\Controllers\Pembelian))
10 SYSTEMPATH\CodeIgniter.php(368): CodeIgniter\CodeIgniter->handleRequest(null, Object(Config\Cache), false)
11 FCPATH\index.php(67): CodeIgniter\CodeIgniter->run()
CRITICAL - 2023-04-18 05:46:37 --> Invalid file: "admin/exportData/data_sub_pembelian.php"
in SYSTEMPATH\Exceptions\FrameworkException.php on line 33.
 1 SYSTEMPATH\View\View.php(201): CodeIgniter\Exceptions\FrameworkException::forInvalidFile('admin/exportData/data_sub_pembelian.php')
 2 SYSTEMPATH\Common.php(1184): CodeIgniter\View\View->render('admin/exportData/data_sub_pembelian', [], true)
 3 APPPATH\Views\layout\layout.php(45): view('admin/exportData/data_sub_pembelian')
 4 SYSTEMPATH\View\View.php(213): include('D:\\wamp64\\www\\indo\\app\\Views\\layout\\layout.php')
 5 SYSTEMPATH\View\View.php(216): CodeIgniter\View\View->CodeIgniter\View\{closure}()
 6 SYSTEMPATH\Common.php(1184): CodeIgniter\View\View->render('layout/layout', [], true)
 7 APPPATH\Controllers\Pembelian.php(237): view('layout/layout', [...])
 8 SYSTEMPATH\CodeIgniter.php(934): App\Controllers\Pembelian->data_sub_pembelian()
 9 SYSTEMPATH\CodeIgniter.php(499): CodeIgniter\CodeIgniter->runController(Object(App\Controllers\Pembelian))
10 SYSTEMPATH\CodeIgniter.php(368): CodeIgniter\CodeIgniter->handleRequest(null, Object(Config\Cache), false)
11 FCPATH\index.php(67): CodeIgniter\CodeIgniter->run()
CRITICAL - 2023-04-18 05:46:37 --> Invalid file: "admin/exportData/data_sub_pembelian.php"
in SYSTEMPATH\Exceptions\FrameworkException.php on line 33.
 1 SYSTEMPATH\View\View.php(201): CodeIgniter\Exceptions\FrameworkException::forInvalidFile('admin/exportData/data_sub_pembelian.php')
 2 SYSTEMPATH\Common.php(1184): CodeIgniter\View\View->render('admin/exportData/data_sub_pembelian', [], true)
 3 APPPATH\Views\layout\layout.php(45): view('admin/exportData/data_sub_pembelian')
 4 SYSTEMPATH\View\View.php(213): include('D:\\wamp64\\www\\indo\\app\\Views\\layout\\layout.php')
 5 SYSTEMPATH\View\View.php(216): CodeIgniter\View\View->CodeIgniter\View\{closure}()
 6 SYSTEMPATH\Common.php(1184): CodeIgniter\View\View->render('layout/layout', [], true)
 7 APPPATH\Controllers\Pembelian.php(237): view('layout/layout', [...])
 8 SYSTEMPATH\CodeIgniter.php(934): App\Controllers\Pembelian->data_sub_pembelian()
 9 SYSTEMPATH\CodeIgniter.php(499): CodeIgniter\CodeIgniter->runController(Object(App\Controllers\Pembelian))
10 SYSTEMPATH\CodeIgniter.php(368): CodeIgniter\CodeIgniter->handleRequest(null, Object(Config\Cache), false)
11 FCPATH\index.php(67): CodeIgniter\CodeIgniter->run()
CRITICAL - 2023-04-18 05:46:38 --> Invalid file: "admin/exportData/data_sub_pembelian.php"
in SYSTEMPATH\Exceptions\FrameworkException.php on line 33.
 1 SYSTEMPATH\View\View.php(201): CodeIgniter\Exceptions\FrameworkException::forInvalidFile('admin/exportData/data_sub_pembelian.php')
 2 SYSTEMPATH\Common.php(1184): CodeIgniter\View\View->render('admin/exportData/data_sub_pembelian', [], true)
 3 APPPATH\Views\layout\layout.php(45): view('admin/exportData/data_sub_pembelian')
 4 SYSTEMPATH\View\View.php(213): include('D:\\wamp64\\www\\indo\\app\\Views\\layout\\layout.php')
 5 SYSTEMPATH\View\View.php(216): CodeIgniter\View\View->CodeIgniter\View\{closure}()
 6 SYSTEMPATH\Common.php(1184): CodeIgniter\View\View->render('layout/layout', [], true)
 7 APPPATH\Controllers\Pembelian.php(237): view('layout/layout', [...])
 8 SYSTEMPATH\CodeIgniter.php(934): App\Controllers\Pembelian->data_sub_pembelian()
 9 SYSTEMPATH\CodeIgniter.php(499): CodeIgniter\CodeIgniter->runController(Object(App\Controllers\Pembelian))
10 SYSTEMPATH\CodeIgniter.php(368): CodeIgniter\CodeIgniter->handleRequest(null, Object(Config\Cache), false)
11 FCPATH\index.php(67): CodeIgniter\CodeIgniter->run()
CRITICAL - 2023-04-18 05:46:38 --> Invalid file: "admin/exportData/data_sub_pembelian.php"
in SYSTEMPATH\Exceptions\FrameworkException.php on line 33.
 1 SYSTEMPATH\View\View.php(201): CodeIgniter\Exceptions\FrameworkException::forInvalidFile('admin/exportData/data_sub_pembelian.php')
 2 SYSTEMPATH\Common.php(1184): CodeIgniter\View\View->render('admin/exportData/data_sub_pembelian', [], true)
 3 APPPATH\Views\layout\layout.php(45): view('admin/exportData/data_sub_pembelian')
 4 SYSTEMPATH\View\View.php(213): include('D:\\wamp64\\www\\indo\\app\\Views\\layout\\layout.php')
 5 SYSTEMPATH\View\View.php(216): CodeIgniter\View\View->CodeIgniter\View\{closure}()
 6 SYSTEMPATH\Common.php(1184): CodeIgniter\View\View->render('layout/layout', [], true)
 7 APPPATH\Controllers\Pembelian.php(237): view('layout/layout', [...])
 8 SYSTEMPATH\CodeIgniter.php(934): App\Controllers\Pembelian->data_sub_pembelian()
 9 SYSTEMPATH\CodeIgniter.php(499): CodeIgniter\CodeIgniter->runController(Object(App\Controllers\Pembelian))
10 SYSTEMPATH\CodeIgniter.php(368): CodeIgniter\CodeIgniter->handleRequest(null, Object(Config\Cache), false)
11 FCPATH\index.php(67): CodeIgniter\CodeIgniter->run()
CRITICAL - 2023-04-18 05:46:38 --> Invalid file: "admin/exportData/data_sub_pembelian.php"
in SYSTEMPATH\Exceptions\FrameworkException.php on line 33.
 1 SYSTEMPATH\View\View.php(201): CodeIgniter\Exceptions\FrameworkException::forInvalidFile('admin/exportData/data_sub_pembelian.php')
 2 SYSTEMPATH\Common.php(1184): CodeIgniter\View\View->render('admin/exportData/data_sub_pembelian', [], true)
 3 APPPATH\Views\layout\layout.php(45): view('admin/exportData/data_sub_pembelian')
 4 SYSTEMPATH\View\View.php(213): include('D:\\wamp64\\www\\indo\\app\\Views\\layout\\layout.php')
 5 SYSTEMPATH\View\View.php(216): CodeIgniter\View\View->CodeIgniter\View\{closure}()
 6 SYSTEMPATH\Common.php(1184): CodeIgniter\View\View->render('layout/layout', [], true)
 7 APPPATH\Controllers\Pembelian.php(237): view('layout/layout', [...])
 8 SYSTEMPATH\CodeIgniter.php(934): App\Controllers\Pembelian->data_sub_pembelian()
 9 SYSTEMPATH\CodeIgniter.php(499): CodeIgniter\CodeIgniter->runController(Object(App\Controllers\Pembelian))
10 SYSTEMPATH\CodeIgniter.php(368): CodeIgniter\CodeIgniter->handleRequest(null, Object(Config\Cache), false)
11 FCPATH\index.php(67): CodeIgniter\CodeIgniter->run()
CRITICAL - 2023-04-18 05:46:38 --> Invalid file: "admin/exportData/data_sub_pembelian.php"
in SYSTEMPATH\Exceptions\FrameworkException.php on line 33.
 1 SYSTEMPATH\View\View.php(201): CodeIgniter\Exceptions\FrameworkException::forInvalidFile('admin/exportData/data_sub_pembelian.php')
 2 SYSTEMPATH\Common.php(1184): CodeIgniter\View\View->render('admin/exportData/data_sub_pembelian', [], true)
 3 APPPATH\Views\layout\layout.php(45): view('admin/exportData/data_sub_pembelian')
 4 SYSTEMPATH\View\View.php(213): include('D:\\wamp64\\www\\indo\\app\\Views\\layout\\layout.php')
 5 SYSTEMPATH\View\View.php(216): CodeIgniter\View\View->CodeIgniter\View\{closure}()
 6 SYSTEMPATH\Common.php(1184): CodeIgniter\View\View->render('layout/layout', [], true)
 7 APPPATH\Controllers\Pembelian.php(237): view('layout/layout', [...])
 8 SYSTEMPATH\CodeIgniter.php(934): App\Controllers\Pembelian->data_sub_pembelian()
 9 SYSTEMPATH\CodeIgniter.php(499): CodeIgniter\CodeIgniter->runController(Object(App\Controllers\Pembelian))
10 SYSTEMPATH\CodeIgniter.php(368): CodeIgniter\CodeIgniter->handleRequest(null, Object(Config\Cache), false)
11 FCPATH\index.php(67): CodeIgniter\CodeIgniter->run()
CRITICAL - 2023-04-18 05:46:38 --> Invalid file: "admin/exportData/data_sub_pembelian.php"
in SYSTEMPATH\Exceptions\FrameworkException.php on line 33.
 1 SYSTEMPATH\View\View.php(201): CodeIgniter\Exceptions\FrameworkException::forInvalidFile('admin/exportData/data_sub_pembelian.php')
 2 SYSTEMPATH\Common.php(1184): CodeIgniter\View\View->render('admin/exportData/data_sub_pembelian', [], true)
 3 APPPATH\Views\layout\layout.php(45): view('admin/exportData/data_sub_pembelian')
 4 SYSTEMPATH\View\View.php(213): include('D:\\wamp64\\www\\indo\\app\\Views\\layout\\layout.php')
 5 SYSTEMPATH\View\View.php(216): CodeIgniter\View\View->CodeIgniter\View\{closure}()
 6 SYSTEMPATH\Common.php(1184): CodeIgniter\View\View->render('layout/layout', [], true)
 7 APPPATH\Controllers\Pembelian.php(237): view('layout/layout', [...])
 8 SYSTEMPATH\CodeIgniter.php(934): App\Controllers\Pembelian->data_sub_pembelian()
 9 SYSTEMPATH\CodeIgniter.php(499): CodeIgniter\CodeIgniter->runController(Object(App\Controllers\Pembelian))
10 SYSTEMPATH\CodeIgniter.php(368): CodeIgniter\CodeIgniter->handleRequest(null, Object(Config\Cache), false)
11 FCPATH\index.php(67): CodeIgniter\CodeIgniter->run()
CRITICAL - 2023-04-18 05:46:39 --> Invalid file: "admin/exportData/data_sub_pembelian.php"
in SYSTEMPATH\Exceptions\FrameworkException.php on line 33.
 1 SYSTEMPATH\View\View.php(201): CodeIgniter\Exceptions\FrameworkException::forInvalidFile('admin/exportData/data_sub_pembelian.php')
 2 SYSTEMPATH\Common.php(1184): CodeIgniter\View\View->render('admin/exportData/data_sub_pembelian', [], true)
 3 APPPATH\Views\layout\layout.php(45): view('admin/exportData/data_sub_pembelian')
 4 SYSTEMPATH\View\View.php(213): include('D:\\wamp64\\www\\indo\\app\\Views\\layout\\layout.php')
 5 SYSTEMPATH\View\View.php(216): CodeIgniter\View\View->CodeIgniter\View\{closure}()
 6 SYSTEMPATH\Common.php(1184): CodeIgniter\View\View->render('layout/layout', [], true)
 7 APPPATH\Controllers\Pembelian.php(237): view('layout/layout', [...])
 8 SYSTEMPATH\CodeIgniter.php(934): App\Controllers\Pembelian->data_sub_pembelian()
 9 SYSTEMPATH\CodeIgniter.php(499): CodeIgniter\CodeIgniter->runController(Object(App\Controllers\Pembelian))
10 SYSTEMPATH\CodeIgniter.php(368): CodeIgniter\CodeIgniter->handleRequest(null, Object(Config\Cache), false)
11 FCPATH\index.php(67): CodeIgniter\CodeIgniter->run()
CRITICAL - 2023-04-18 05:46:39 --> Invalid file: "admin/exportData/data_sub_pembelian.php"
in SYSTEMPATH\Exceptions\FrameworkException.php on line 33.
 1 SYSTEMPATH\View\View.php(201): CodeIgniter\Exceptions\FrameworkException::forInvalidFile('admin/exportData/data_sub_pembelian.php')
 2 SYSTEMPATH\Common.php(1184): CodeIgniter\View\View->render('admin/exportData/data_sub_pembelian', [], true)
 3 APPPATH\Views\layout\layout.php(45): view('admin/exportData/data_sub_pembelian')
 4 SYSTEMPATH\View\View.php(213): include('D:\\wamp64\\www\\indo\\app\\Views\\layout\\layout.php')
 5 SYSTEMPATH\View\View.php(216): CodeIgniter\View\View->CodeIgniter\View\{closure}()
 6 SYSTEMPATH\Common.php(1184): CodeIgniter\View\View->render('layout/layout', [], true)
 7 APPPATH\Controllers\Pembelian.php(237): view('layout/layout', [...])
 8 SYSTEMPATH\CodeIgniter.php(934): App\Controllers\Pembelian->data_sub_pembelian()
 9 SYSTEMPATH\CodeIgniter.php(499): CodeIgniter\CodeIgniter->runController(Object(App\Controllers\Pembelian))
10 SYSTEMPATH\CodeIgniter.php(368): CodeIgniter\CodeIgniter->handleRequest(null, Object(Config\Cache), false)
11 FCPATH\index.php(67): CodeIgniter\CodeIgniter->run()
CRITICAL - 2023-04-18 05:46:39 --> Invalid file: "admin/exportData/data_sub_pembelian.php"
in SYSTEMPATH\Exceptions\FrameworkException.php on line 33.
 1 SYSTEMPATH\View\View.php(201): CodeIgniter\Exceptions\FrameworkException::forInvalidFile('admin/exportData/data_sub_pembelian.php')
 2 SYSTEMPATH\Common.php(1184): CodeIgniter\View\View->render('admin/exportData/data_sub_pembelian', [], true)
 3 APPPATH\Views\layout\layout.php(45): view('admin/exportData/data_sub_pembelian')
 4 SYSTEMPATH\View\View.php(213): include('D:\\wamp64\\www\\indo\\app\\Views\\layout\\layout.php')
 5 SYSTEMPATH\View\View.php(216): CodeIgniter\View\View->CodeIgniter\View\{closure}()
 6 SYSTEMPATH\Common.php(1184): CodeIgniter\View\View->render('layout/layout', [], true)
 7 APPPATH\Controllers\Pembelian.php(237): view('layout/layout', [...])
 8 SYSTEMPATH\CodeIgniter.php(934): App\Controllers\Pembelian->data_sub_pembelian()
 9 SYSTEMPATH\CodeIgniter.php(499): CodeIgniter\CodeIgniter->runController(Object(App\Controllers\Pembelian))
10 SYSTEMPATH\CodeIgniter.php(368): CodeIgniter\CodeIgniter->handleRequest(null, Object(Config\Cache), false)
11 FCPATH\index.php(67): CodeIgniter\CodeIgniter->run()
CRITICAL - 2023-04-18 05:46:39 --> Invalid file: "admin/exportData/data_sub_pembelian.php"
in SYSTEMPATH\Exceptions\FrameworkException.php on line 33.
 1 SYSTEMPATH\View\View.php(201): CodeIgniter\Exceptions\FrameworkException::forInvalidFile('admin/exportData/data_sub_pembelian.php')
 2 SYSTEMPATH\Common.php(1184): CodeIgniter\View\View->render('admin/exportData/data_sub_pembelian', [], true)
 3 APPPATH\Views\layout\layout.php(45): view('admin/exportData/data_sub_pembelian')
 4 SYSTEMPATH\View\View.php(213): include('D:\\wamp64\\www\\indo\\app\\Views\\layout\\layout.php')
 5 SYSTEMPATH\View\View.php(216): CodeIgniter\View\View->CodeIgniter\View\{closure}()
 6 SYSTEMPATH\Common.php(1184): CodeIgniter\View\View->render('layout/layout', [], true)
 7 APPPATH\Controllers\Pembelian.php(237): view('layout/layout', [...])
 8 SYSTEMPATH\CodeIgniter.php(934): App\Controllers\Pembelian->data_sub_pembelian()
 9 SYSTEMPATH\CodeIgniter.php(499): CodeIgniter\CodeIgniter->runController(Object(App\Controllers\Pembelian))
10 SYSTEMPATH\CodeIgniter.php(368): CodeIgniter\CodeIgniter->handleRequest(null, Object(Config\Cache), false)
11 FCPATH\index.php(67): CodeIgniter\CodeIgniter->run()
CRITICAL - 2023-04-18 05:47:55 --> Invalid file: "admin/exportData/dataSubPembelian.php"
in SYSTEMPATH\Exceptions\FrameworkException.php on line 33.
 1 SYSTEMPATH\View\View.php(201): CodeIgniter\Exceptions\FrameworkException::forInvalidFile('admin/exportData/dataSubPembelian.php')
 2 SYSTEMPATH\Common.php(1184): CodeIgniter\View\View->render('admin/exportData/dataSubPembelian', [], true)
 3 APPPATH\Views\layout\layout.php(45): view('admin/exportData/dataSubPembelian')
 4 SYSTEMPATH\View\View.php(213): include('D:\\wamp64\\www\\indo\\app\\Views\\layout\\layout.php')
 5 SYSTEMPATH\View\View.php(216): CodeIgniter\View\View->CodeIgniter\View\{closure}()
 6 SYSTEMPATH\Common.php(1184): CodeIgniter\View\View->render('layout/layout', [], true)
 7 APPPATH\Controllers\Pembelian.php(237): view('layout/layout', [...])
 8 SYSTEMPATH\CodeIgniter.php(934): App\Controllers\Pembelian->data_sub_pembelian()
 9 SYSTEMPATH\CodeIgniter.php(499): CodeIgniter\CodeIgniter->runController(Object(App\Controllers\Pembelian))
10 SYSTEMPATH\CodeIgniter.php(368): CodeIgniter\CodeIgniter->handleRequest(null, Object(Config\Cache), false)
11 FCPATH\index.php(67): CodeIgniter\CodeIgniter->run()
CRITICAL - 2023-04-18 05:47:57 --> Invalid file: "admin/exportData/dataSubPembelian.php"
in SYSTEMPATH\Exceptions\FrameworkException.php on line 33.
 1 SYSTEMPATH\View\View.php(201): CodeIgniter\Exceptions\FrameworkException::forInvalidFile('admin/exportData/dataSubPembelian.php')
 2 SYSTEMPATH\Common.php(1184): CodeIgniter\View\View->render('admin/exportData/dataSubPembelian', [], true)
 3 APPPATH\Views\layout\layout.php(45): view('admin/exportData/dataSubPembelian')
 4 SYSTEMPATH\View\View.php(213): include('D:\\wamp64\\www\\indo\\app\\Views\\layout\\layout.php')
 5 SYSTEMPATH\View\View.php(216): CodeIgniter\View\View->CodeIgniter\View\{closure}()
 6 SYSTEMPATH\Common.php(1184): CodeIgniter\View\View->render('layout/layout', [], true)
 7 APPPATH\Controllers\Pembelian.php(237): view('layout/layout', [...])
 8 SYSTEMPATH\CodeIgniter.php(934): App\Controllers\Pembelian->data_sub_pembelian()
 9 SYSTEMPATH\CodeIgniter.php(499): CodeIgniter\CodeIgniter->runController(Object(App\Controllers\Pembelian))
10 SYSTEMPATH\CodeIgniter.php(368): CodeIgniter\CodeIgniter->handleRequest(null, Object(Config\Cache), false)
11 FCPATH\index.php(67): CodeIgniter\CodeIgniter->run()
CRITICAL - 2023-04-18 05:47:57 --> Invalid file: "admin/exportData/dataSubPembelian.php"
in SYSTEMPATH\Exceptions\FrameworkException.php on line 33.
 1 SYSTEMPATH\View\View.php(201): CodeIgniter\Exceptions\FrameworkException::forInvalidFile('admin/exportData/dataSubPembelian.php')
 2 SYSTEMPATH\Common.php(1184): CodeIgniter\View\View->render('admin/exportData/dataSubPembelian', [], true)
 3 APPPATH\Views\layout\layout.php(45): view('admin/exportData/dataSubPembelian')
 4 SYSTEMPATH\View\View.php(213): include('D:\\wamp64\\www\\indo\\app\\Views\\layout\\layout.php')
 5 SYSTEMPATH\View\View.php(216): CodeIgniter\View\View->CodeIgniter\View\{closure}()
 6 SYSTEMPATH\Common.php(1184): CodeIgniter\View\View->render('layout/layout', [], true)
 7 APPPATH\Controllers\Pembelian.php(237): view('layout/layout', [...])
 8 SYSTEMPATH\CodeIgniter.php(934): App\Controllers\Pembelian->data_sub_pembelian()
 9 SYSTEMPATH\CodeIgniter.php(499): CodeIgniter\CodeIgniter->runController(Object(App\Controllers\Pembelian))
10 SYSTEMPATH\CodeIgniter.php(368): CodeIgniter\CodeIgniter->handleRequest(null, Object(Config\Cache), false)
11 FCPATH\index.php(67): CodeIgniter\CodeIgniter->run()
CRITICAL - 2023-04-18 05:47:58 --> Invalid file: "admin/exportData/dataSubPembelian.php"
in SYSTEMPATH\Exceptions\FrameworkException.php on line 33.
 1 SYSTEMPATH\View\View.php(201): CodeIgniter\Exceptions\FrameworkException::forInvalidFile('admin/exportData/dataSubPembelian.php')
 2 SYSTEMPATH\Common.php(1184): CodeIgniter\View\View->render('admin/exportData/dataSubPembelian', [], true)
 3 APPPATH\Views\layout\layout.php(45): view('admin/exportData/dataSubPembelian')
 4 SYSTEMPATH\View\View.php(213): include('D:\\wamp64\\www\\indo\\app\\Views\\layout\\layout.php')
 5 SYSTEMPATH\View\View.php(216): CodeIgniter\View\View->CodeIgniter\View\{closure}()
 6 SYSTEMPATH\Common.php(1184): CodeIgniter\View\View->render('layout/layout', [], true)
 7 APPPATH\Controllers\Pembelian.php(237): view('layout/layout', [...])
 8 SYSTEMPATH\CodeIgniter.php(934): App\Controllers\Pembelian->data_sub_pembelian()
 9 SYSTEMPATH\CodeIgniter.php(499): CodeIgniter\CodeIgniter->runController(Object(App\Controllers\Pembelian))
10 SYSTEMPATH\CodeIgniter.php(368): CodeIgniter\CodeIgniter->handleRequest(null, Object(Config\Cache), false)
11 FCPATH\index.php(67): CodeIgniter\CodeIgniter->run()
CRITICAL - 2023-04-18 05:47:58 --> Invalid file: "admin/exportData/dataSubPembelian.php"
in SYSTEMPATH\Exceptions\FrameworkException.php on line 33.
 1 SYSTEMPATH\View\View.php(201): CodeIgniter\Exceptions\FrameworkException::forInvalidFile('admin/exportData/dataSubPembelian.php')
 2 SYSTEMPATH\Common.php(1184): CodeIgniter\View\View->render('admin/exportData/dataSubPembelian', [], true)
 3 APPPATH\Views\layout\layout.php(45): view('admin/exportData/dataSubPembelian')
 4 SYSTEMPATH\View\View.php(213): include('D:\\wamp64\\www\\indo\\app\\Views\\layout\\layout.php')
 5 SYSTEMPATH\View\View.php(216): CodeIgniter\View\View->CodeIgniter\View\{closure}()
 6 SYSTEMPATH\Common.php(1184): CodeIgniter\View\View->render('layout/layout', [], true)
 7 APPPATH\Controllers\Pembelian.php(237): view('layout/layout', [...])
 8 SYSTEMPATH\CodeIgniter.php(934): App\Controllers\Pembelian->data_sub_pembelian()
 9 SYSTEMPATH\CodeIgniter.php(499): CodeIgniter\CodeIgniter->runController(Object(App\Controllers\Pembelian))
10 SYSTEMPATH\CodeIgniter.php(368): CodeIgniter\CodeIgniter->handleRequest(null, Object(Config\Cache), false)
11 FCPATH\index.php(67): CodeIgniter\CodeIgniter->run()
CRITICAL - 2023-04-18 05:47:58 --> Invalid file: "admin/exportData/dataSubPembelian.php"
in SYSTEMPATH\Exceptions\FrameworkException.php on line 33.
 1 SYSTEMPATH\View\View.php(201): CodeIgniter\Exceptions\FrameworkException::forInvalidFile('admin/exportData/dataSubPembelian.php')
 2 SYSTEMPATH\Common.php(1184): CodeIgniter\View\View->render('admin/exportData/dataSubPembelian', [], true)
 3 APPPATH\Views\layout\layout.php(45): view('admin/exportData/dataSubPembelian')
 4 SYSTEMPATH\View\View.php(213): include('D:\\wamp64\\www\\indo\\app\\Views\\layout\\layout.php')
 5 SYSTEMPATH\View\View.php(216): CodeIgniter\View\View->CodeIgniter\View\{closure}()
 6 SYSTEMPATH\Common.php(1184): CodeIgniter\View\View->render('layout/layout', [], true)
 7 APPPATH\Controllers\Pembelian.php(237): view('layout/layout', [...])
 8 SYSTEMPATH\CodeIgniter.php(934): App\Controllers\Pembelian->data_sub_pembelian()
 9 SYSTEMPATH\CodeIgniter.php(499): CodeIgniter\CodeIgniter->runController(Object(App\Controllers\Pembelian))
10 SYSTEMPATH\CodeIgniter.php(368): CodeIgniter\CodeIgniter->handleRequest(null, Object(Config\Cache), false)
11 FCPATH\index.php(67): CodeIgniter\CodeIgniter->run()
CRITICAL - 2023-04-18 05:47:58 --> Invalid file: "admin/exportData/dataSubPembelian.php"
in SYSTEMPATH\Exceptions\FrameworkException.php on line 33.
 1 SYSTEMPATH\View\View.php(201): CodeIgniter\Exceptions\FrameworkException::forInvalidFile('admin/exportData/dataSubPembelian.php')
 2 SYSTEMPATH\Common.php(1184): CodeIgniter\View\View->render('admin/exportData/dataSubPembelian', [], true)
 3 APPPATH\Views\layout\layout.php(45): view('admin/exportData/dataSubPembelian')
 4 SYSTEMPATH\View\View.php(213): include('D:\\wamp64\\www\\indo\\app\\Views\\layout\\layout.php')
 5 SYSTEMPATH\View\View.php(216): CodeIgniter\View\View->CodeIgniter\View\{closure}()
 6 SYSTEMPATH\Common.php(1184): CodeIgniter\View\View->render('layout/layout', [], true)
 7 APPPATH\Controllers\Pembelian.php(237): view('layout/layout', [...])
 8 SYSTEMPATH\CodeIgniter.php(934): App\Controllers\Pembelian->data_sub_pembelian()
 9 SYSTEMPATH\CodeIgniter.php(499): CodeIgniter\CodeIgniter->runController(Object(App\Controllers\Pembelian))
10 SYSTEMPATH\CodeIgniter.php(368): CodeIgniter\CodeIgniter->handleRequest(null, Object(Config\Cache), false)
11 FCPATH\index.php(67): CodeIgniter\CodeIgniter->run()
CRITICAL - 2023-04-18 05:47:58 --> Invalid file: "admin/exportData/dataSubPembelian.php"
in SYSTEMPATH\Exceptions\FrameworkException.php on line 33.
 1 SYSTEMPATH\View\View.php(201): CodeIgniter\Exceptions\FrameworkException::forInvalidFile('admin/exportData/dataSubPembelian.php')
 2 SYSTEMPATH\Common.php(1184): CodeIgniter\View\View->render('admin/exportData/dataSubPembelian', [], true)
 3 APPPATH\Views\layout\layout.php(45): view('admin/exportData/dataSubPembelian')
 4 SYSTEMPATH\View\View.php(213): include('D:\\wamp64\\www\\indo\\app\\Views\\layout\\layout.php')
 5 SYSTEMPATH\View\View.php(216): CodeIgniter\View\View->CodeIgniter\View\{closure}()
 6 SYSTEMPATH\Common.php(1184): CodeIgniter\View\View->render('layout/layout', [], true)
 7 APPPATH\Controllers\Pembelian.php(237): view('layout/layout', [...])
 8 SYSTEMPATH\CodeIgniter.php(934): App\Controllers\Pembelian->data_sub_pembelian()
 9 SYSTEMPATH\CodeIgniter.php(499): CodeIgniter\CodeIgniter->runController(Object(App\Controllers\Pembelian))
10 SYSTEMPATH\CodeIgniter.php(368): CodeIgniter\CodeIgniter->handleRequest(null, Object(Config\Cache), false)
11 FCPATH\index.php(67): CodeIgniter\CodeIgniter->run()
CRITICAL - 2023-04-18 05:47:58 --> Invalid file: "admin/exportData/dataSubPembelian.php"
in SYSTEMPATH\Exceptions\FrameworkException.php on line 33.
 1 SYSTEMPATH\View\View.php(201): CodeIgniter\Exceptions\FrameworkException::forInvalidFile('admin/exportData/dataSubPembelian.php')
 2 SYSTEMPATH\Common.php(1184): CodeIgniter\View\View->render('admin/exportData/dataSubPembelian', [], true)
 3 APPPATH\Views\layout\layout.php(45): view('admin/exportData/dataSubPembelian')
 4 SYSTEMPATH\View\View.php(213): include('D:\\wamp64\\www\\indo\\app\\Views\\layout\\layout.php')
 5 SYSTEMPATH\View\View.php(216): CodeIgniter\View\View->CodeIgniter\View\{closure}()
 6 SYSTEMPATH\Common.php(1184): CodeIgniter\View\View->render('layout/layout', [], true)
 7 APPPATH\Controllers\Pembelian.php(237): view('layout/layout', [...])
 8 SYSTEMPATH\CodeIgniter.php(934): App\Controllers\Pembelian->data_sub_pembelian()
 9 SYSTEMPATH\CodeIgniter.php(499): CodeIgniter\CodeIgniter->runController(Object(App\Controllers\Pembelian))
10 SYSTEMPATH\CodeIgniter.php(368): CodeIgniter\CodeIgniter->handleRequest(null, Object(Config\Cache), false)
11 FCPATH\index.php(67): CodeIgniter\CodeIgniter->run()
CRITICAL - 2023-04-18 05:47:59 --> Invalid file: "admin/exportData/dataSubPembelian.php"
in SYSTEMPATH\Exceptions\FrameworkException.php on line 33.
 1 SYSTEMPATH\View\View.php(201): CodeIgniter\Exceptions\FrameworkException::forInvalidFile('admin/exportData/dataSubPembelian.php')
 2 SYSTEMPATH\Common.php(1184): CodeIgniter\View\View->render('admin/exportData/dataSubPembelian', [], true)
 3 APPPATH\Views\layout\layout.php(45): view('admin/exportData/dataSubPembelian')
 4 SYSTEMPATH\View\View.php(213): include('D:\\wamp64\\www\\indo\\app\\Views\\layout\\layout.php')
 5 SYSTEMPATH\View\View.php(216): CodeIgniter\View\View->CodeIgniter\View\{closure}()
 6 SYSTEMPATH\Common.php(1184): CodeIgniter\View\View->render('layout/layout', [], true)
 7 APPPATH\Controllers\Pembelian.php(237): view('layout/layout', [...])
 8 SYSTEMPATH\CodeIgniter.php(934): App\Controllers\Pembelian->data_sub_pembelian()
 9 SYSTEMPATH\CodeIgniter.php(499): CodeIgniter\CodeIgniter->runController(Object(App\Controllers\Pembelian))
10 SYSTEMPATH\CodeIgniter.php(368): CodeIgniter\CodeIgniter->handleRequest(null, Object(Config\Cache), false)
11 FCPATH\index.php(67): CodeIgniter\CodeIgniter->run()
CRITICAL - 2023-04-18 05:47:59 --> Invalid file: "admin/exportData/dataSubPembelian.php"
in SYSTEMPATH\Exceptions\FrameworkException.php on line 33.
 1 SYSTEMPATH\View\View.php(201): CodeIgniter\Exceptions\FrameworkException::forInvalidFile('admin/exportData/dataSubPembelian.php')
 2 SYSTEMPATH\Common.php(1184): CodeIgniter\View\View->render('admin/exportData/dataSubPembelian', [], true)
 3 APPPATH\Views\layout\layout.php(45): view('admin/exportData/dataSubPembelian')
 4 SYSTEMPATH\View\View.php(213): include('D:\\wamp64\\www\\indo\\app\\Views\\layout\\layout.php')
 5 SYSTEMPATH\View\View.php(216): CodeIgniter\View\View->CodeIgniter\View\{closure}()
 6 SYSTEMPATH\Common.php(1184): CodeIgniter\View\View->render('layout/layout', [], true)
 7 APPPATH\Controllers\Pembelian.php(237): view('layout/layout', [...])
 8 SYSTEMPATH\CodeIgniter.php(934): App\Controllers\Pembelian->data_sub_pembelian()
 9 SYSTEMPATH\CodeIgniter.php(499): CodeIgniter\CodeIgniter->runController(Object(App\Controllers\Pembelian))
10 SYSTEMPATH\CodeIgniter.php(368): CodeIgniter\CodeIgniter->handleRequest(null, Object(Config\Cache), false)
11 FCPATH\index.php(67): CodeIgniter\CodeIgniter->run()
CRITICAL - 2023-04-18 05:47:59 --> Invalid file: "admin/exportData/dataSubPembelian.php"
in SYSTEMPATH\Exceptions\FrameworkException.php on line 33.
 1 SYSTEMPATH\View\View.php(201): CodeIgniter\Exceptions\FrameworkException::forInvalidFile('admin/exportData/dataSubPembelian.php')
 2 SYSTEMPATH\Common.php(1184): CodeIgniter\View\View->render('admin/exportData/dataSubPembelian', [], true)
 3 APPPATH\Views\layout\layout.php(45): view('admin/exportData/dataSubPembelian')
 4 SYSTEMPATH\View\View.php(213): include('D:\\wamp64\\www\\indo\\app\\Views\\layout\\layout.php')
 5 SYSTEMPATH\View\View.php(216): CodeIgniter\View\View->CodeIgniter\View\{closure}()
 6 SYSTEMPATH\Common.php(1184): CodeIgniter\View\View->render('layout/layout', [], true)
 7 APPPATH\Controllers\Pembelian.php(237): view('layout/layout', [...])
 8 SYSTEMPATH\CodeIgniter.php(934): App\Controllers\Pembelian->data_sub_pembelian()
 9 SYSTEMPATH\CodeIgniter.php(499): CodeIgniter\CodeIgniter->runController(Object(App\Controllers\Pembelian))
10 SYSTEMPATH\CodeIgniter.php(368): CodeIgniter\CodeIgniter->handleRequest(null, Object(Config\Cache), false)
11 FCPATH\index.php(67): CodeIgniter\CodeIgniter->run()
CRITICAL - 2023-04-18 05:47:59 --> Invalid file: "admin/exportData/dataSubPembelian.php"
in SYSTEMPATH\Exceptions\FrameworkException.php on line 33.
 1 SYSTEMPATH\View\View.php(201): CodeIgniter\Exceptions\FrameworkException::forInvalidFile('admin/exportData/dataSubPembelian.php')
 2 SYSTEMPATH\Common.php(1184): CodeIgniter\View\View->render('admin/exportData/dataSubPembelian', [], true)
 3 APPPATH\Views\layout\layout.php(45): view('admin/exportData/dataSubPembelian')
 4 SYSTEMPATH\View\View.php(213): include('D:\\wamp64\\www\\indo\\app\\Views\\layout\\layout.php')
 5 SYSTEMPATH\View\View.php(216): CodeIgniter\View\View->CodeIgniter\View\{closure}()
 6 SYSTEMPATH\Common.php(1184): CodeIgniter\View\View->render('layout/layout', [], true)
 7 APPPATH\Controllers\Pembelian.php(237): view('layout/layout', [...])
 8 SYSTEMPATH\CodeIgniter.php(934): App\Controllers\Pembelian->data_sub_pembelian()
 9 SYSTEMPATH\CodeIgniter.php(499): CodeIgniter\CodeIgniter->runController(Object(App\Controllers\Pembelian))
10 SYSTEMPATH\CodeIgniter.php(368): CodeIgniter\CodeIgniter->handleRequest(null, Object(Config\Cache), false)
11 FCPATH\index.php(67): CodeIgniter\CodeIgniter->run()
CRITICAL - 2023-04-18 05:47:59 --> Invalid file: "admin/exportData/dataSubPembelian.php"
in SYSTEMPATH\Exceptions\FrameworkException.php on line 33.
 1 SYSTEMPATH\View\View.php(201): CodeIgniter\Exceptions\FrameworkException::forInvalidFile('admin/exportData/dataSubPembelian.php')
 2 SYSTEMPATH\Common.php(1184): CodeIgniter\View\View->render('admin/exportData/dataSubPembelian', [], true)
 3 APPPATH\Views\layout\layout.php(45): view('admin/exportData/dataSubPembelian')
 4 SYSTEMPATH\View\View.php(213): include('D:\\wamp64\\www\\indo\\app\\Views\\layout\\layout.php')
 5 SYSTEMPATH\View\View.php(216): CodeIgniter\View\View->CodeIgniter\View\{closure}()
 6 SYSTEMPATH\Common.php(1184): CodeIgniter\View\View->render('layout/layout', [], true)
 7 APPPATH\Controllers\Pembelian.php(237): view('layout/layout', [...])
 8 SYSTEMPATH\CodeIgniter.php(934): App\Controllers\Pembelian->data_sub_pembelian()
 9 SYSTEMPATH\CodeIgniter.php(499): CodeIgniter\CodeIgniter->runController(Object(App\Controllers\Pembelian))
10 SYSTEMPATH\CodeIgniter.php(368): CodeIgniter\CodeIgniter->handleRequest(null, Object(Config\Cache), false)
11 FCPATH\index.php(67): CodeIgniter\CodeIgniter->run()
CRITICAL - 2023-04-18 05:48:00 --> Invalid file: "admin/exportData/dataSubPembelian.php"
in SYSTEMPATH\Exceptions\FrameworkException.php on line 33.
 1 SYSTEMPATH\View\View.php(201): CodeIgniter\Exceptions\FrameworkException::forInvalidFile('admin/exportData/dataSubPembelian.php')
 2 SYSTEMPATH\Common.php(1184): CodeIgniter\View\View->render('admin/exportData/dataSubPembelian', [], true)
 3 APPPATH\Views\layout\layout.php(45): view('admin/exportData/dataSubPembelian')
 4 SYSTEMPATH\View\View.php(213): include('D:\\wamp64\\www\\indo\\app\\Views\\layout\\layout.php')
 5 SYSTEMPATH\View\View.php(216): CodeIgniter\View\View->CodeIgniter\View\{closure}()
 6 SYSTEMPATH\Common.php(1184): CodeIgniter\View\View->render('layout/layout', [], true)
 7 APPPATH\Controllers\Pembelian.php(237): view('layout/layout', [...])
 8 SYSTEMPATH\CodeIgniter.php(934): App\Controllers\Pembelian->data_sub_pembelian()
 9 SYSTEMPATH\CodeIgniter.php(499): CodeIgniter\CodeIgniter->runController(Object(App\Controllers\Pembelian))
10 SYSTEMPATH\CodeIgniter.php(368): CodeIgniter\CodeIgniter->handleRequest(null, Object(Config\Cache), false)
11 FCPATH\index.php(67): CodeIgniter\CodeIgniter->run()
CRITICAL - 2023-04-18 05:48:00 --> Invalid file: "admin/exportData/dataSubPembelian.php"
in SYSTEMPATH\Exceptions\FrameworkException.php on line 33.
 1 SYSTEMPATH\View\View.php(201): CodeIgniter\Exceptions\FrameworkException::forInvalidFile('admin/exportData/dataSubPembelian.php')
 2 SYSTEMPATH\Common.php(1184): CodeIgniter\View\View->render('admin/exportData/dataSubPembelian', [], true)
 3 APPPATH\Views\layout\layout.php(45): view('admin/exportData/dataSubPembelian')
 4 SYSTEMPATH\View\View.php(213): include('D:\\wamp64\\www\\indo\\app\\Views\\layout\\layout.php')
 5 SYSTEMPATH\View\View.php(216): CodeIgniter\View\View->CodeIgniter\View\{closure}()
 6 SYSTEMPATH\Common.php(1184): CodeIgniter\View\View->render('layout/layout', [], true)
 7 APPPATH\Controllers\Pembelian.php(237): view('layout/layout', [...])
 8 SYSTEMPATH\CodeIgniter.php(934): App\Controllers\Pembelian->data_sub_pembelian()
 9 SYSTEMPATH\CodeIgniter.php(499): CodeIgniter\CodeIgniter->runController(Object(App\Controllers\Pembelian))
10 SYSTEMPATH\CodeIgniter.php(368): CodeIgniter\CodeIgniter->handleRequest(null, Object(Config\Cache), false)
11 FCPATH\index.php(67): CodeIgniter\CodeIgniter->run()
CRITICAL - 2023-04-18 05:48:00 --> Invalid file: "admin/exportData/dataSubPembelian.php"
in SYSTEMPATH\Exceptions\FrameworkException.php on line 33.
 1 SYSTEMPATH\View\View.php(201): CodeIgniter\Exceptions\FrameworkException::forInvalidFile('admin/exportData/dataSubPembelian.php')
 2 SYSTEMPATH\Common.php(1184): CodeIgniter\View\View->render('admin/exportData/dataSubPembelian', [], true)
 3 APPPATH\Views\layout\layout.php(45): view('admin/exportData/dataSubPembelian')
 4 SYSTEMPATH\View\View.php(213): include('D:\\wamp64\\www\\indo\\app\\Views\\layout\\layout.php')
 5 SYSTEMPATH\View\View.php(216): CodeIgniter\View\View->CodeIgniter\View\{closure}()
 6 SYSTEMPATH\Common.php(1184): CodeIgniter\View\View->render('layout/layout', [], true)
 7 APPPATH\Controllers\Pembelian.php(237): view('layout/layout', [...])
 8 SYSTEMPATH\CodeIgniter.php(934): App\Controllers\Pembelian->data_sub_pembelian()
 9 SYSTEMPATH\CodeIgniter.php(499): CodeIgniter\CodeIgniter->runController(Object(App\Controllers\Pembelian))
10 SYSTEMPATH\CodeIgniter.php(368): CodeIgniter\CodeIgniter->handleRequest(null, Object(Config\Cache), false)
11 FCPATH\index.php(67): CodeIgniter\CodeIgniter->run()
CRITICAL - 2023-04-18 05:48:00 --> Invalid file: "admin/exportData/dataSubPembelian.php"
in SYSTEMPATH\Exceptions\FrameworkException.php on line 33.
 1 SYSTEMPATH\View\View.php(201): CodeIgniter\Exceptions\FrameworkException::forInvalidFile('admin/exportData/dataSubPembelian.php')
 2 SYSTEMPATH\Common.php(1184): CodeIgniter\View\View->render('admin/exportData/dataSubPembelian', [], true)
 3 APPPATH\Views\layout\layout.php(45): view('admin/exportData/dataSubPembelian')
 4 SYSTEMPATH\View\View.php(213): include('D:\\wamp64\\www\\indo\\app\\Views\\layout\\layout.php')
 5 SYSTEMPATH\View\View.php(216): CodeIgniter\View\View->CodeIgniter\View\{closure}()
 6 SYSTEMPATH\Common.php(1184): CodeIgniter\View\View->render('layout/layout', [], true)
 7 APPPATH\Controllers\Pembelian.php(237): view('layout/layout', [...])
 8 SYSTEMPATH\CodeIgniter.php(934): App\Controllers\Pembelian->data_sub_pembelian()
 9 SYSTEMPATH\CodeIgniter.php(499): CodeIgniter\CodeIgniter->runController(Object(App\Controllers\Pembelian))
10 SYSTEMPATH\CodeIgniter.php(368): CodeIgniter\CodeIgniter->handleRequest(null, Object(Config\Cache), false)
11 FCPATH\index.php(67): CodeIgniter\CodeIgniter->run()
CRITICAL - 2023-04-18 05:48:01 --> Invalid file: "admin/exportData/dataSubPembelian.php"
in SYSTEMPATH\Exceptions\FrameworkException.php on line 33.
 1 SYSTEMPATH\View\View.php(201): CodeIgniter\Exceptions\FrameworkException::forInvalidFile('admin/exportData/dataSubPembelian.php')
 2 SYSTEMPATH\Common.php(1184): CodeIgniter\View\View->render('admin/exportData/dataSubPembelian', [], true)
 3 APPPATH\Views\layout\layout.php(45): view('admin/exportData/dataSubPembelian')
 4 SYSTEMPATH\View\View.php(213): include('D:\\wamp64\\www\\indo\\app\\Views\\layout\\layout.php')
 5 SYSTEMPATH\View\View.php(216): CodeIgniter\View\View->CodeIgniter\View\{closure}()
 6 SYSTEMPATH\Common.php(1184): CodeIgniter\View\View->render('layout/layout', [], true)
 7 APPPATH\Controllers\Pembelian.php(237): view('layout/layout', [...])
 8 SYSTEMPATH\CodeIgniter.php(934): App\Controllers\Pembelian->data_sub_pembelian()
 9 SYSTEMPATH\CodeIgniter.php(499): CodeIgniter\CodeIgniter->runController(Object(App\Controllers\Pembelian))
10 SYSTEMPATH\CodeIgniter.php(368): CodeIgniter\CodeIgniter->handleRequest(null, Object(Config\Cache), false)
11 FCPATH\index.php(67): CodeIgniter\CodeIgniter->run()
CRITICAL - 2023-04-18 05:48:01 --> Invalid file: "admin/exportData/dataSubPembelian.php"
in SYSTEMPATH\Exceptions\FrameworkException.php on line 33.
 1 SYSTEMPATH\View\View.php(201): CodeIgniter\Exceptions\FrameworkException::forInvalidFile('admin/exportData/dataSubPembelian.php')
 2 SYSTEMPATH\Common.php(1184): CodeIgniter\View\View->render('admin/exportData/dataSubPembelian', [], true)
 3 APPPATH\Views\layout\layout.php(45): view('admin/exportData/dataSubPembelian')
 4 SYSTEMPATH\View\View.php(213): include('D:\\wamp64\\www\\indo\\app\\Views\\layout\\layout.php')
 5 SYSTEMPATH\View\View.php(216): CodeIgniter\View\View->CodeIgniter\View\{closure}()
 6 SYSTEMPATH\Common.php(1184): CodeIgniter\View\View->render('layout/layout', [], true)
 7 APPPATH\Controllers\Pembelian.php(237): view('layout/layout', [...])
 8 SYSTEMPATH\CodeIgniter.php(934): App\Controllers\Pembelian->data_sub_pembelian()
 9 SYSTEMPATH\CodeIgniter.php(499): CodeIgniter\CodeIgniter->runController(Object(App\Controllers\Pembelian))
10 SYSTEMPATH\CodeIgniter.php(368): CodeIgniter\CodeIgniter->handleRequest(null, Object(Config\Cache), false)
11 FCPATH\index.php(67): CodeIgniter\CodeIgniter->run()
CRITICAL - 2023-04-18 05:48:01 --> Invalid file: "admin/exportData/dataSubPembelian.php"
in SYSTEMPATH\Exceptions\FrameworkException.php on line 33.
 1 SYSTEMPATH\View\View.php(201): CodeIgniter\Exceptions\FrameworkException::forInvalidFile('admin/exportData/dataSubPembelian.php')
 2 SYSTEMPATH\Common.php(1184): CodeIgniter\View\View->render('admin/exportData/dataSubPembelian', [], true)
 3 APPPATH\Views\layout\layout.php(45): view('admin/exportData/dataSubPembelian')
 4 SYSTEMPATH\View\View.php(213): include('D:\\wamp64\\www\\indo\\app\\Views\\layout\\layout.php')
 5 SYSTEMPATH\View\View.php(216): CodeIgniter\View\View->CodeIgniter\View\{closure}()
 6 SYSTEMPATH\Common.php(1184): CodeIgniter\View\View->render('layout/layout', [], true)
 7 APPPATH\Controllers\Pembelian.php(237): view('layout/layout', [...])
 8 SYSTEMPATH\CodeIgniter.php(934): App\Controllers\Pembelian->data_sub_pembelian()
 9 SYSTEMPATH\CodeIgniter.php(499): CodeIgniter\CodeIgniter->runController(Object(App\Controllers\Pembelian))
10 SYSTEMPATH\CodeIgniter.php(368): CodeIgniter\CodeIgniter->handleRequest(null, Object(Config\Cache), false)
11 FCPATH\index.php(67): CodeIgniter\CodeIgniter->run()
CRITICAL - 2023-04-18 05:48:01 --> Invalid file: "admin/exportData/dataSubPembelian.php"
in SYSTEMPATH\Exceptions\FrameworkException.php on line 33.
 1 SYSTEMPATH\View\View.php(201): CodeIgniter\Exceptions\FrameworkException::forInvalidFile('admin/exportData/dataSubPembelian.php')
 2 SYSTEMPATH\Common.php(1184): CodeIgniter\View\View->render('admin/exportData/dataSubPembelian', [], true)
 3 APPPATH\Views\layout\layout.php(45): view('admin/exportData/dataSubPembelian')
 4 SYSTEMPATH\View\View.php(213): include('D:\\wamp64\\www\\indo\\app\\Views\\layout\\layout.php')
 5 SYSTEMPATH\View\View.php(216): CodeIgniter\View\View->CodeIgniter\View\{closure}()
 6 SYSTEMPATH\Common.php(1184): CodeIgniter\View\View->render('layout/layout', [], true)
 7 APPPATH\Controllers\Pembelian.php(237): view('layout/layout', [...])
 8 SYSTEMPATH\CodeIgniter.php(934): App\Controllers\Pembelian->data_sub_pembelian()
 9 SYSTEMPATH\CodeIgniter.php(499): CodeIgniter\CodeIgniter->runController(Object(App\Controllers\Pembelian))
10 SYSTEMPATH\CodeIgniter.php(368): CodeIgniter\CodeIgniter->handleRequest(null, Object(Config\Cache), false)
11 FCPATH\index.php(67): CodeIgniter\CodeIgniter->run()
CRITICAL - 2023-04-18 05:48:01 --> Invalid file: "admin/exportData/dataSubPembelian.php"
in SYSTEMPATH\Exceptions\FrameworkException.php on line 33.
 1 SYSTEMPATH\View\View.php(201): CodeIgniter\Exceptions\FrameworkException::forInvalidFile('admin/exportData/dataSubPembelian.php')
 2 SYSTEMPATH\Common.php(1184): CodeIgniter\View\View->render('admin/exportData/dataSubPembelian', [], true)
 3 APPPATH\Views\layout\layout.php(45): view('admin/exportData/dataSubPembelian')
 4 SYSTEMPATH\View\View.php(213): include('D:\\wamp64\\www\\indo\\app\\Views\\layout\\layout.php')
 5 SYSTEMPATH\View\View.php(216): CodeIgniter\View\View->CodeIgniter\View\{closure}()
 6 SYSTEMPATH\Common.php(1184): CodeIgniter\View\View->render('layout/layout', [], true)
 7 APPPATH\Controllers\Pembelian.php(237): view('layout/layout', [...])
 8 SYSTEMPATH\CodeIgniter.php(934): App\Controllers\Pembelian->data_sub_pembelian()
 9 SYSTEMPATH\CodeIgniter.php(499): CodeIgniter\CodeIgniter->runController(Object(App\Controllers\Pembelian))
10 SYSTEMPATH\CodeIgniter.php(368): CodeIgniter\CodeIgniter->handleRequest(null, Object(Config\Cache), false)
11 FCPATH\index.php(67): CodeIgniter\CodeIgniter->run()
CRITICAL - 2023-04-18 05:48:02 --> Invalid file: "admin/exportData/dataSubPembelian.php"
in SYSTEMPATH\Exceptions\FrameworkException.php on line 33.
 1 SYSTEMPATH\View\View.php(201): CodeIgniter\Exceptions\FrameworkException::forInvalidFile('admin/exportData/dataSubPembelian.php')
 2 SYSTEMPATH\Common.php(1184): CodeIgniter\View\View->render('admin/exportData/dataSubPembelian', [], true)
 3 APPPATH\Views\layout\layout.php(45): view('admin/exportData/dataSubPembelian')
 4 SYSTEMPATH\View\View.php(213): include('D:\\wamp64\\www\\indo\\app\\Views\\layout\\layout.php')
 5 SYSTEMPATH\View\View.php(216): CodeIgniter\View\View->CodeIgniter\View\{closure}()
 6 SYSTEMPATH\Common.php(1184): CodeIgniter\View\View->render('layout/layout', [], true)
 7 APPPATH\Controllers\Pembelian.php(237): view('layout/layout', [...])
 8 SYSTEMPATH\CodeIgniter.php(934): App\Controllers\Pembelian->data_sub_pembelian()
 9 SYSTEMPATH\CodeIgniter.php(499): CodeIgniter\CodeIgniter->runController(Object(App\Controllers\Pembelian))
10 SYSTEMPATH\CodeIgniter.php(368): CodeIgniter\CodeIgniter->handleRequest(null, Object(Config\Cache), false)
11 FCPATH\index.php(67): CodeIgniter\CodeIgniter->run()
CRITICAL - 2023-04-18 05:48:02 --> Invalid file: "admin/exportData/dataSubPembelian.php"
in SYSTEMPATH\Exceptions\FrameworkException.php on line 33.
 1 SYSTEMPATH\View\View.php(201): CodeIgniter\Exceptions\FrameworkException::forInvalidFile('admin/exportData/dataSubPembelian.php')
 2 SYSTEMPATH\Common.php(1184): CodeIgniter\View\View->render('admin/exportData/dataSubPembelian', [], true)
 3 APPPATH\Views\layout\layout.php(45): view('admin/exportData/dataSubPembelian')
 4 SYSTEMPATH\View\View.php(213): include('D:\\wamp64\\www\\indo\\app\\Views\\layout\\layout.php')
 5 SYSTEMPATH\View\View.php(216): CodeIgniter\View\View->CodeIgniter\View\{closure}()
 6 SYSTEMPATH\Common.php(1184): CodeIgniter\View\View->render('layout/layout', [], true)
 7 APPPATH\Controllers\Pembelian.php(237): view('layout/layout', [...])
 8 SYSTEMPATH\CodeIgniter.php(934): App\Controllers\Pembelian->data_sub_pembelian()
 9 SYSTEMPATH\CodeIgniter.php(499): CodeIgniter\CodeIgniter->runController(Object(App\Controllers\Pembelian))
10 SYSTEMPATH\CodeIgniter.php(368): CodeIgniter\CodeIgniter->handleRequest(null, Object(Config\Cache), false)
11 FCPATH\index.php(67): CodeIgniter\CodeIgniter->run()
CRITICAL - 2023-04-18 05:48:02 --> Invalid file: "admin/exportData/dataSubPembelian.php"
in SYSTEMPATH\Exceptions\FrameworkException.php on line 33.
 1 SYSTEMPATH\View\View.php(201): CodeIgniter\Exceptions\FrameworkException::forInvalidFile('admin/exportData/dataSubPembelian.php')
 2 SYSTEMPATH\Common.php(1184): CodeIgniter\View\View->render('admin/exportData/dataSubPembelian', [], true)
 3 APPPATH\Views\layout\layout.php(45): view('admin/exportData/dataSubPembelian')
 4 SYSTEMPATH\View\View.php(213): include('D:\\wamp64\\www\\indo\\app\\Views\\layout\\layout.php')
 5 SYSTEMPATH\View\View.php(216): CodeIgniter\View\View->CodeIgniter\View\{closure}()
 6 SYSTEMPATH\Common.php(1184): CodeIgniter\View\View->render('layout/layout', [], true)
 7 APPPATH\Controllers\Pembelian.php(237): view('layout/layout', [...])
 8 SYSTEMPATH\CodeIgniter.php(934): App\Controllers\Pembelian->data_sub_pembelian()
 9 SYSTEMPATH\CodeIgniter.php(499): CodeIgniter\CodeIgniter->runController(Object(App\Controllers\Pembelian))
10 SYSTEMPATH\CodeIgniter.php(368): CodeIgniter\CodeIgniter->handleRequest(null, Object(Config\Cache), false)
11 FCPATH\index.php(67): CodeIgniter\CodeIgniter->run()
CRITICAL - 2023-04-18 06:07:39 --> Invalid file: "admin/penjualan/transaksi/pesananmasuk.php"
in SYSTEMPATH\Exceptions\FrameworkException.php on line 33.
 1 SYSTEMPATH\View\View.php(201): CodeIgniter\Exceptions\FrameworkException::forInvalidFile('admin/penjualan/transaksi/pesananmasuk.php')
 2 SYSTEMPATH\Common.php(1184): CodeIgniter\View\View->render('admin/penjualan/transaksi/pesananmasuk', [], true)
 3 APPPATH\Views\layout\layout.php(45): view('admin/penjualan/transaksi/pesananmasuk')
 4 SYSTEMPATH\View\View.php(213): include('D:\\wamp64\\www\\indo\\app\\Views\\layout\\layout.php')
 5 SYSTEMPATH\View\View.php(216): CodeIgniter\View\View->CodeIgniter\View\{closure}()
 6 SYSTEMPATH\Common.php(1184): CodeIgniter\View\View->render('layout/layout', [], true)
 7 APPPATH\Controllers\Penjualan.php(46): view('layout/layout', [...])
 8 SYSTEMPATH\CodeIgniter.php(934): App\Controllers\Penjualan->pesanan_masuk()
 9 SYSTEMPATH\CodeIgniter.php(499): CodeIgniter\CodeIgniter->runController(Object(App\Controllers\Penjualan))
10 SYSTEMPATH\CodeIgniter.php(368): CodeIgniter\CodeIgniter->handleRequest(null, Object(Config\Cache), false)
11 FCPATH\index.php(67): CodeIgniter\CodeIgniter->run()
CRITICAL - 2023-04-18 08:49:23 --> Invalid file: "admin/penjualan/pembayarang-hutang-customer.php"
in SYSTEMPATH\Exceptions\FrameworkException.php on line 33.
 1 SYSTEMPATH\View\View.php(201): CodeIgniter\Exceptions\FrameworkException::forInvalidFile('admin/penjualan/pembayarang-hutang-customer.php')
 2 SYSTEMPATH\Common.php(1184): CodeIgniter\View\View->render('admin/penjualan/pembayarang-hutang-customer', [], true)
 3 APPPATH\Views\layout\layout.php(45): view('admin/penjualan/pembayarang-hutang-customer')
 4 SYSTEMPATH\View\View.php(213): include('D:\\wamp64\\www\\indo\\app\\Views\\layout\\layout.php')
 5 SYSTEMPATH\View\View.php(216): CodeIgniter\View\View->CodeIgniter\View\{closure}()
 6 SYSTEMPATH\Common.php(1184): CodeIgniter\View\View->render('layout/layout', [], true)
 7 APPPATH\Controllers\Penjualan.php(152): view('layout/layout', [...])
 8 SYSTEMPATH\CodeIgniter.php(934): App\Controllers\Penjualan->pembayaran_hutang_customer()
 9 SYSTEMPATH\CodeIgniter.php(499): CodeIgniter\CodeIgniter->runController(Object(App\Controllers\Penjualan))
10 SYSTEMPATH\CodeIgniter.php(368): CodeIgniter\CodeIgniter->handleRequest(null, Object(Config\Cache), false)
11 FCPATH\index.php(67): CodeIgniter\CodeIgniter->run()
CRITICAL - 2023-04-18 08:51:13 --> Invalid file: "admin/penjualan/transaksi/pembayarang-hutang-customer-entri.php"
in SYSTEMPATH\Exceptions\FrameworkException.php on line 33.
 1 SYSTEMPATH\View\View.php(201): CodeIgniter\Exceptions\FrameworkException::forInvalidFile('admin/penjualan/transaksi/pembayarang-hutang-customer-entri.php')
 2 SYSTEMPATH\Common.php(1184): CodeIgniter\View\View->render('admin/penjualan/transaksi/pembayarang-hutang-customer-entri', [], true)
 3 APPPATH\Views\layout\layout.php(45): view('admin/penjualan/transaksi/pembayarang-hutang-customer-entri')
 4 SYSTEMPATH\View\View.php(213): include('D:\\wamp64\\www\\indo\\app\\Views\\layout\\layout.php')
 5 SYSTEMPATH\View\View.php(216): CodeIgniter\View\View->CodeIgniter\View\{closure}()
 6 SYSTEMPATH\Common.php(1184): CodeIgniter\View\View->render('layout/layout', [], true)
 7 APPPATH\Controllers\Penjualan.php(164): view('layout/layout', [...])
 8 SYSTEMPATH\CodeIgniter.php(934): App\Controllers\Penjualan->pembayaran_hutang_customer_entri()
 9 SYSTEMPATH\CodeIgniter.php(499): CodeIgniter\CodeIgniter->runController(Object(App\Controllers\Penjualan))
10 SYSTEMPATH\CodeIgniter.php(368): CodeIgniter\CodeIgniter->handleRequest(null, Object(Config\Cache), false)
11 FCPATH\index.php(67): CodeIgniter\CodeIgniter->run()
CRITICAL - 2023-04-18 10:12:54 --> Invalid file: "admin/inventory/data_master/.php"
in SYSTEMPATH\Exceptions\FrameworkException.php on line 33.
 1 SYSTEMPATH\View\View.php(201): CodeIgniter\Exceptions\FrameworkException::forInvalidFile('admin/inventory/data_master/.php')
 2 SYSTEMPATH\Common.php(1184): CodeIgniter\View\View->render('admin/inventory/data_master/', [], true)
 3 APPPATH\Views\layout\layout.php(45): view('admin/inventory/data_master/')
 4 SYSTEMPATH\View\View.php(213): include('D:\\wamp64\\www\\indo\\app\\Views\\layout\\layout.php')
 5 SYSTEMPATH\View\View.php(216): CodeIgniter\View\View->CodeIgniter\View\{closure}()
 6 SYSTEMPATH\Common.php(1184): CodeIgniter\View\View->render('layout/layout', [], true)
 7 APPPATH\Controllers\Inventory.php(88): view('layout/layout', [...])
 8 SYSTEMPATH\CodeIgniter.php(934): App\Controllers\Inventory->barang()
 9 SYSTEMPATH\CodeIgniter.php(499): CodeIgniter\CodeIgniter->runController(Object(App\Controllers\Inventory))
10 SYSTEMPATH\CodeIgniter.php(368): CodeIgniter\CodeIgniter->handleRequest(null, Object(Config\Cache), false)
11 FCPATH\index.php(67): CodeIgniter\CodeIgniter->run()
CRITICAL - 2023-04-18 10:13:30 --> Invalid file: "admin/inventory/data_master/.php"
in SYSTEMPATH\Exceptions\FrameworkException.php on line 33.
 1 SYSTEMPATH\View\View.php(201): CodeIgniter\Exceptions\FrameworkException::forInvalidFile('admin/inventory/data_master/.php')
 2 SYSTEMPATH\Common.php(1184): CodeIgniter\View\View->render('admin/inventory/data_master/', [], true)
 3 APPPATH\Views\layout\layout.php(45): view('admin/inventory/data_master/')
 4 SYSTEMPATH\View\View.php(213): include('D:\\wamp64\\www\\indo\\app\\Views\\layout\\layout.php')
 5 SYSTEMPATH\View\View.php(216): CodeIgniter\View\View->CodeIgniter\View\{closure}()
 6 SYSTEMPATH\Common.php(1184): CodeIgniter\View\View->render('layout/layout', [], true)
 7 APPPATH\Controllers\Inventory.php(88): view('layout/layout', [...])
 8 SYSTEMPATH\CodeIgniter.php(934): App\Controllers\Inventory->barang()
 9 SYSTEMPATH\CodeIgniter.php(499): CodeIgniter\CodeIgniter->runController(Object(App\Controllers\Inventory))
10 SYSTEMPATH\CodeIgniter.php(368): CodeIgniter\CodeIgniter->handleRequest(null, Object(Config\Cache), false)
11 FCPATH\index.php(67): CodeIgniter\CodeIgniter->run()
CRITICAL - 2023-04-18 10:13:58 --> Invalid file: "admin/inventory/data_master/.php"
in SYSTEMPATH\Exceptions\FrameworkException.php on line 33.
 1 SYSTEMPATH\View\View.php(201): CodeIgniter\Exceptions\FrameworkException::forInvalidFile('admin/inventory/data_master/.php')
 2 SYSTEMPATH\Common.php(1184): CodeIgniter\View\View->render('admin/inventory/data_master/', [], true)
 3 APPPATH\Views\layout\layout.php(45): view('admin/inventory/data_master/')
 4 SYSTEMPATH\View\View.php(213): include('D:\\wamp64\\www\\indo\\app\\Views\\layout\\layout.php')
 5 SYSTEMPATH\View\View.php(216): CodeIgniter\View\View->CodeIgniter\View\{closure}()
 6 SYSTEMPATH\Common.php(1184): CodeIgniter\View\View->render('layout/layout', [], true)
 7 APPPATH\Controllers\Inventory.php(102): view('layout/layout', [...])
 8 SYSTEMPATH\CodeIgniter.php(934): App\Controllers\Inventory->harga_barang_per_customer()
 9 SYSTEMPATH\CodeIgniter.php(499): CodeIgniter\CodeIgniter->runController(Object(App\Controllers\Inventory))
10 SYSTEMPATH\CodeIgniter.php(368): CodeIgniter\CodeIgniter->handleRequest(null, Object(Config\Cache), false)
11 FCPATH\index.php(67): CodeIgniter\CodeIgniter->run()
CRITICAL - 2023-04-18 10:15:13 --> Invalid file: "admin/inventory/data_master/.php"
in SYSTEMPATH\Exceptions\FrameworkException.php on line 33.
 1 SYSTEMPATH\View\View.php(201): CodeIgniter\Exceptions\FrameworkException::forInvalidFile('admin/inventory/data_master/.php')
 2 SYSTEMPATH\Common.php(1184): CodeIgniter\View\View->render('admin/inventory/data_master/', [], true)
 3 APPPATH\Views\layout\layout.php(45): view('admin/inventory/data_master/')
 4 SYSTEMPATH\View\View.php(213): include('D:\\wamp64\\www\\indo\\app\\Views\\layout\\layout.php')
 5 SYSTEMPATH\View\View.php(216): CodeIgniter\View\View->CodeIgniter\View\{closure}()
 6 SYSTEMPATH\Common.php(1184): CodeIgniter\View\View->render('layout/layout', [], true)
 7 APPPATH\Controllers\Inventory.php(102): view('layout/layout', [...])
 8 SYSTEMPATH\CodeIgniter.php(934): App\Controllers\Inventory->harga_barang_per_customer()
 9 SYSTEMPATH\CodeIgniter.php(499): CodeIgniter\CodeIgniter->runController(Object(App\Controllers\Inventory))
10 SYSTEMPATH\CodeIgniter.php(368): CodeIgniter\CodeIgniter->handleRequest(null, Object(Config\Cache), false)
11 FCPATH\index.php(67): CodeIgniter\CodeIgniter->run()
