CRITICAL - 2023-04-19 11:27:21 --> Invalid file: "admin/pembelian/transaksi/returpembelianentri.php"
in SYSTEMPATH\Exceptions\FrameworkException.php on line 33.
 1 SYSTEMPATH\View\View.php(201): CodeIgniter\Exceptions\FrameworkException::forInvalidFile('admin/pembelian/transaksi/returpembelianentri.php')
 2 SYSTEMPATH\Common.php(1184): CodeIgniter\View\View->render('admin/pembelian/transaksi/returpembelianentri', [], true)
 3 APPPATH\Views\layout\layout.php(45): view('admin/pembelian/transaksi/returpembelianentri')
 4 SYSTEMPATH\View\View.php(213): include('D:\\wamp64\\www\\indo\\app\\Views\\layout\\layout.php')
 5 SYSTEMPATH\View\View.php(216): CodeIgniter\View\View->CodeIgniter\View\{closure}()
 6 SYSTEMPATH\Common.php(1184): CodeIgniter\View\View->render('layout/layout', [], true)
 7 APPPATH\Controllers\Pembelian.php(209): view('layout/layout', [...])
 8 SYSTEMPATH\CodeIgniter.php(934): App\Controllers\Pembelian->retur_pembelian_entri()
 9 SYSTEMPATH\CodeIgniter.php(499): CodeIgniter\CodeIgniter->runController(Object(App\Controllers\Pembelian))
10 SYSTEMPATH\CodeIgniter.php(368): CodeIgniter\CodeIgniter->handleRequest(null, Object(Config\Cache), false)
11 FCPATH\index.php(67): CodeIgniter\CodeIgniter->run()
CRITICAL - 2023-04-19 11:27:26 --> Invalid file: "admin/pembelian/transaksi/returpembelianentri.php"
in SYSTEMPATH\Exceptions\FrameworkException.php on line 33.
 1 SYSTEMPATH\View\View.php(201): CodeIgniter\Exceptions\FrameworkException::forInvalidFile('admin/pembelian/transaksi/returpembelianentri.php')
 2 SYSTEMPATH\Common.php(1184): CodeIgniter\View\View->render('admin/pembelian/transaksi/returpembelianentri', [], true)
 3 APPPATH\Views\layout\layout.php(45): view('admin/pembelian/transaksi/returpembelianentri')
 4 SYSTEMPATH\View\View.php(213): include('D:\\wamp64\\www\\indo\\app\\Views\\layout\\layout.php')
 5 SYSTEMPATH\View\View.php(216): CodeIgniter\View\View->CodeIgniter\View\{closure}()
 6 SYSTEMPATH\Common.php(1184): CodeIgniter\View\View->render('layout/layout', [], true)
 7 APPPATH\Controllers\Pembelian.php(209): view('layout/layout', [...])
 8 SYSTEMPATH\CodeIgniter.php(934): App\Controllers\Pembelian->retur_pembelian_entri()
 9 SYSTEMPATH\CodeIgniter.php(499): CodeIgniter\CodeIgniter->runController(Object(App\Controllers\Pembelian))
10 SYSTEMPATH\CodeIgniter.php(368): CodeIgniter\CodeIgniter->handleRequest(null, Object(Config\Cache), false)
11 FCPATH\index.php(67): CodeIgniter\CodeIgniter->run()
CRITICAL - 2023-04-19 11:27:52 --> Invalid file: "admin/pembelian/transaksi/returpembelianentri.php"
in SYSTEMPATH\Exceptions\FrameworkException.php on line 33.
 1 SYSTEMPATH\View\View.php(201): CodeIgniter\Exceptions\FrameworkException::forInvalidFile('admin/pembelian/transaksi/returpembelianentri.php')
 2 SYSTEMPATH\Common.php(1184): CodeIgniter\View\View->render('admin/pembelian/transaksi/returpembelianentri', [], true)
 3 APPPATH\Views\layout\layout.php(45): view('admin/pembelian/transaksi/returpembelianentri')
 4 SYSTEMPATH\View\View.php(213): include('D:\\wamp64\\www\\indo\\app\\Views\\layout\\layout.php')
 5 SYSTEMPATH\View\View.php(216): CodeIgniter\View\View->CodeIgniter\View\{closure}()
 6 SYSTEMPATH\Common.php(1184): CodeIgniter\View\View->render('layout/layout', [], true)
 7 APPPATH\Controllers\Pembelian.php(209): view('layout/layout', [...])
 8 SYSTEMPATH\CodeIgniter.php(934): App\Controllers\Pembelian->retur_pembelian_entri()
 9 SYSTEMPATH\CodeIgniter.php(499): CodeIgniter\CodeIgniter->runController(Object(App\Controllers\Pembelian))
10 SYSTEMPATH\CodeIgniter.php(368): CodeIgniter\CodeIgniter->handleRequest(null, Object(Config\Cache), false)
11 FCPATH\index.php(67): CodeIgniter\CodeIgniter->run()
