ERROR - 2023-05-02 05:10:13 --> mysqli_sql_exception: Table 'indo_db.goods' doesn't exist in D:\wamp64\www\indo\vendor\codeigniter4\framework\system\Database\MySQLi\Connection.php:295
Stack trace:
#0 D:\wamp64\www\indo\vendor\codeigniter4\framework\system\Database\MySQLi\Connection.php(295): mysqli->query('SELECT *\nFROM `...', 0)
#1 D:\wamp64\www\indo\vendor\codeigniter4\framework\system\Database\BaseConnection.php(691): CodeIgniter\Database\MySQLi\Connection->execute('SELECT *\nFROM `...')
#2 D:\wamp64\www\indo\vendor\codeigniter4\framework\system\Database\BaseConnection.php(605): CodeIgniter\Database\BaseConnection->simpleQuery('SELECT *\nFROM `...')
#3 D:\wamp64\www\indo\vendor\codeigniter4\framework\system\Database\BaseBuilder.php(1616): CodeIgniter\Database\BaseConnection->query('SELECT *\nFROM `...', Array, false)
#4 D:\wamp64\www\indo\app\Views\admin\pembelian\transaksi\pra_pembelian_entri.php(96): CodeIgniter\Database\BaseBuilder->get()
#5 D:\wamp64\www\indo\vendor\codeigniter4\framework\system\View\View.php(213): include('D:\\wamp64\\www\\i...')
#6 D:\wamp64\www\indo\vendor\codeigniter4\framework\system\View\View.php(216): CodeIgniter\View\View->CodeIgniter\View\{closure}()
#7 D:\wamp64\www\indo\vendor\codeigniter4\framework\system\Common.php(1184): CodeIgniter\View\View->render('admin/pembelian...', Array, true)
#8 D:\wamp64\www\indo\app\Views\layout\layout.php(45): view('admin/pembelian...')
#9 D:\wamp64\www\indo\vendor\codeigniter4\framework\system\View\View.php(213): include('D:\\wamp64\\www\\i...')
#10 D:\wamp64\www\indo\vendor\codeigniter4\framework\system\View\View.php(216): CodeIgniter\View\View->CodeIgniter\View\{closure}()
#11 D:\wamp64\www\indo\vendor\codeigniter4\framework\system\Common.php(1184): CodeIgniter\View\View->render('layout/layout', Array, true)
#12 D:\wamp64\www\indo\app\Controllers\Pembelian.php(182): view('layout/layout', Array)
#13 D:\wamp64\www\indo\vendor\codeigniter4\framework\system\CodeIgniter.php(934): App\Controllers\Pembelian->pra_pembelian_entri()
#14 D:\wamp64\www\indo\vendor\codeigniter4\framework\system\CodeIgniter.php(499): CodeIgniter\CodeIgniter->runController(Object(App\Controllers\Pembelian))
#15 D:\wamp64\www\indo\vendor\codeigniter4\framework\system\CodeIgniter.php(368): CodeIgniter\CodeIgniter->handleRequest(NULL, Object(Config\Cache), false)
#16 D:\wamp64\www\indo\index.php(67): CodeIgniter\CodeIgniter->run()
#17 {main}
CRITICAL - 2023-05-02 05:10:13 --> Table 'indo_db.goods' doesn't exist
in SYSTEMPATH\Database\MySQLi\Connection.php on line 295.
 1 SYSTEMPATH\Database\MySQLi\Connection.php(295): mysqli->query('SELECT *
FROM `goods`', 0)
 2 SYSTEMPATH\Database\BaseConnection.php(691): CodeIgniter\Database\MySQLi\Connection->execute('SELECT *
FROM `goods`')
 3 SYSTEMPATH\Database\BaseConnection.php(605): CodeIgniter\Database\BaseConnection->simpleQuery('SELECT *
FROM `goods`')
 4 SYSTEMPATH\Database\BaseBuilder.php(1616): CodeIgniter\Database\BaseConnection->query('SELECT *
FROM `goods`', [], false)
 5 APPPATH\Views\admin\pembelian\transaksi\pra_pembelian_entri.php(96): CodeIgniter\Database\BaseBuilder->get()
 6 SYSTEMPATH\View\View.php(213): include('D:\\wamp64\\www\\indo\\app\\Views\\admin\\pembelian\\transaksi\\pra_pembelian_entri.php')
 7 SYSTEMPATH\View\View.php(216): CodeIgniter\View\View->CodeIgniter\View\{closure}()
 8 SYSTEMPATH\Common.php(1184): CodeIgniter\View\View->render('admin/pembelian/transaksi/pra_pembelian_entri', [], true)
 9 APPPATH\Views\layout\layout.php(45): view('admin/pembelian/transaksi/pra_pembelian_entri')
10 SYSTEMPATH\View\View.php(213): include('D:\\wamp64\\www\\indo\\app\\Views\\layout\\layout.php')
11 SYSTEMPATH\View\View.php(216): CodeIgniter\View\View->CodeIgniter\View\{closure}()
12 SYSTEMPATH\Common.php(1184): CodeIgniter\View\View->render('layout/layout', [], true)
13 APPPATH\Controllers\Pembelian.php(182): view('layout/layout', [...])
14 SYSTEMPATH\CodeIgniter.php(934): App\Controllers\Pembelian->pra_pembelian_entri()
15 SYSTEMPATH\CodeIgniter.php(499): CodeIgniter\CodeIgniter->runController(Object(App\Controllers\Pembelian))
16 SYSTEMPATH\CodeIgniter.php(368): CodeIgniter\CodeIgniter->handleRequest(null, Object(Config\Cache), false)
17 FCPATH\index.php(67): CodeIgniter\CodeIgniter->run()
CRITICAL - 2023-05-02 08:41:33 --> Object of class stdClass could not be converted to string
in APPPATH\Controllers\Pembelian.php on line 199.
 1 SYSTEMPATH\CodeIgniter.php(934): App\Controllers\Pembelian->pra_pembelian_add()
 2 SYSTEMPATH\CodeIgniter.php(499): CodeIgniter\CodeIgniter->runController(Object(App\Controllers\Pembelian))
 3 SYSTEMPATH\CodeIgniter.php(368): CodeIgniter\CodeIgniter->handleRequest(null, Object(Config\Cache), false)
 4 FCPATH\index.php(67): CodeIgniter\CodeIgniter->run()
ERROR - 2023-05-02 09:15:22 --> mysqli_sql_exception: Unknown column 'Array' in 'field list' in D:\wamp64\www\indo\vendor\codeigniter4\framework\system\Database\MySQLi\Connection.php:295
Stack trace:
#0 D:\wamp64\www\indo\vendor\codeigniter4\framework\system\Database\MySQLi\Connection.php(295): mysqli->query('INSERT INTO `pr...', 0)
#1 D:\wamp64\www\indo\vendor\codeigniter4\framework\system\Database\BaseConnection.php(691): CodeIgniter\Database\MySQLi\Connection->execute('INSERT INTO `pr...')
#2 D:\wamp64\www\indo\vendor\codeigniter4\framework\system\Database\BaseConnection.php(605): CodeIgniter\Database\BaseConnection->simpleQuery('INSERT INTO `pr...')
#3 D:\wamp64\www\indo\vendor\codeigniter4\framework\system\Database\BaseBuilder.php(2309): CodeIgniter\Database\BaseConnection->query('INSERT INTO `pr...', Array, false)
#4 D:\wamp64\www\indo\app\Controllers\Pembelian.php(213): CodeIgniter\Database\BaseBuilder->insert(Array)
#5 D:\wamp64\www\indo\vendor\codeigniter4\framework\system\CodeIgniter.php(934): App\Controllers\Pembelian->pra_pembelian_add()
#6 D:\wamp64\www\indo\vendor\codeigniter4\framework\system\CodeIgniter.php(499): CodeIgniter\CodeIgniter->runController(Object(App\Controllers\Pembelian))
#7 D:\wamp64\www\indo\vendor\codeigniter4\framework\system\CodeIgniter.php(368): CodeIgniter\CodeIgniter->handleRequest(NULL, Object(Config\Cache), false)
#8 D:\wamp64\www\indo\index.php(67): CodeIgniter\CodeIgniter->run()
#9 {main}
CRITICAL - 2023-05-02 09:15:22 --> Unknown column 'Array' in 'field list'
in SYSTEMPATH\Database\MySQLi\Connection.php on line 295.
 1 SYSTEMPATH\Database\MySQLi\Connection.php(295): mysqli->query('INSERT INTO `pra_pembelian` (`date`, `nomor`, `keterangan`, `items`) VALUES (\'2023-05-02\', \'PPO.2023.05.000001\', \'Keterangan\', (Array,Array))', 0)
 2 SYSTEMPATH\Database\BaseConnection.php(691): CodeIgniter\Database\MySQLi\Connection->execute('INSERT INTO `pra_pembelian` (`date`, `nomor`, `keterangan`, `items`) VALUES (\'2023-05-02\', \'PPO.2023.05.000001\', \'Keterangan\', (Array,Array))')
 3 SYSTEMPATH\Database\BaseConnection.php(605): CodeIgniter\Database\BaseConnection->simpleQuery('INSERT INTO `pra_pembelian` (`date`, `nomor`, `keterangan`, `items`) VALUES (\'2023-05-02\', \'PPO.2023.05.000001\', \'Keterangan\', (Array,Array))')
 4 SYSTEMPATH\Database\BaseBuilder.php(2309): CodeIgniter\Database\BaseConnection->query('INSERT INTO `pra_pembelian` (`date`, `nomor`, `keterangan`, `items`) VALUES (:date:, :nomor:, :keterangan:, :items:)', [...], false)
 5 APPPATH\Controllers\Pembelian.php(213): CodeIgniter\Database\BaseBuilder->insert([...])
 6 SYSTEMPATH\CodeIgniter.php(934): App\Controllers\Pembelian->pra_pembelian_add()
 7 SYSTEMPATH\CodeIgniter.php(499): CodeIgniter\CodeIgniter->runController(Object(App\Controllers\Pembelian))
 8 SYSTEMPATH\CodeIgniter.php(368): CodeIgniter\CodeIgniter->handleRequest(null, Object(Config\Cache), false)
 9 FCPATH\index.php(67): CodeIgniter\CodeIgniter->run()
ERROR - 2023-05-02 09:15:47 --> mysqli_sql_exception: Unknown column 'Array' in 'field list' in D:\wamp64\www\indo\vendor\codeigniter4\framework\system\Database\MySQLi\Connection.php:295
Stack trace:
#0 D:\wamp64\www\indo\vendor\codeigniter4\framework\system\Database\MySQLi\Connection.php(295): mysqli->query('INSERT INTO `pr...', 0)
#1 D:\wamp64\www\indo\vendor\codeigniter4\framework\system\Database\BaseConnection.php(691): CodeIgniter\Database\MySQLi\Connection->execute('INSERT INTO `pr...')
#2 D:\wamp64\www\indo\vendor\codeigniter4\framework\system\Database\BaseConnection.php(605): CodeIgniter\Database\BaseConnection->simpleQuery('INSERT INTO `pr...')
#3 D:\wamp64\www\indo\vendor\codeigniter4\framework\system\Database\BaseBuilder.php(2309): CodeIgniter\Database\BaseConnection->query('INSERT INTO `pr...', Array, false)
#4 D:\wamp64\www\indo\app\Controllers\Pembelian.php(213): CodeIgniter\Database\BaseBuilder->insert(Array)
#5 D:\wamp64\www\indo\vendor\codeigniter4\framework\system\CodeIgniter.php(934): App\Controllers\Pembelian->pra_pembelian_add()
#6 D:\wamp64\www\indo\vendor\codeigniter4\framework\system\CodeIgniter.php(499): CodeIgniter\CodeIgniter->runController(Object(App\Controllers\Pembelian))
#7 D:\wamp64\www\indo\vendor\codeigniter4\framework\system\CodeIgniter.php(368): CodeIgniter\CodeIgniter->handleRequest(NULL, Object(Config\Cache), false)
#8 D:\wamp64\www\indo\index.php(67): CodeIgniter\CodeIgniter->run()
#9 {main}
CRITICAL - 2023-05-02 09:15:47 --> Unknown column 'Array' in 'field list'
in SYSTEMPATH\Database\MySQLi\Connection.php on line 295.
 1 SYSTEMPATH\Database\MySQLi\Connection.php(295): mysqli->query('INSERT INTO `pra_pembelian` (`date`, `nomor`, `keterangan`, `items`) VALUES (\'2023-05-02\', \'PPO.2023.05.000001\', \'Keterangan\', (Array,Array))', 0)
 2 SYSTEMPATH\Database\BaseConnection.php(691): CodeIgniter\Database\MySQLi\Connection->execute('INSERT INTO `pra_pembelian` (`date`, `nomor`, `keterangan`, `items`) VALUES (\'2023-05-02\', \'PPO.2023.05.000001\', \'Keterangan\', (Array,Array))')
 3 SYSTEMPATH\Database\BaseConnection.php(605): CodeIgniter\Database\BaseConnection->simpleQuery('INSERT INTO `pra_pembelian` (`date`, `nomor`, `keterangan`, `items`) VALUES (\'2023-05-02\', \'PPO.2023.05.000001\', \'Keterangan\', (Array,Array))')
 4 SYSTEMPATH\Database\BaseBuilder.php(2309): CodeIgniter\Database\BaseConnection->query('INSERT INTO `pra_pembelian` (`date`, `nomor`, `keterangan`, `items`) VALUES (:date:, :nomor:, :keterangan:, :items:)', [...], false)
 5 APPPATH\Controllers\Pembelian.php(213): CodeIgniter\Database\BaseBuilder->insert([...])
 6 SYSTEMPATH\CodeIgniter.php(934): App\Controllers\Pembelian->pra_pembelian_add()
 7 SYSTEMPATH\CodeIgniter.php(499): CodeIgniter\CodeIgniter->runController(Object(App\Controllers\Pembelian))
 8 SYSTEMPATH\CodeIgniter.php(368): CodeIgniter\CodeIgniter->handleRequest(null, Object(Config\Cache), false)
 9 FCPATH\index.php(67): CodeIgniter\CodeIgniter->run()
ERROR - 2023-05-02 09:18:31 --> mysqli_sql_exception: Unknown column 'Array' in 'field list' in D:\wamp64\www\indo\vendor\codeigniter4\framework\system\Database\MySQLi\Connection.php:295
Stack trace:
#0 D:\wamp64\www\indo\vendor\codeigniter4\framework\system\Database\MySQLi\Connection.php(295): mysqli->query('INSERT INTO `pr...', 0)
#1 D:\wamp64\www\indo\vendor\codeigniter4\framework\system\Database\BaseConnection.php(691): CodeIgniter\Database\MySQLi\Connection->execute('INSERT INTO `pr...')
#2 D:\wamp64\www\indo\vendor\codeigniter4\framework\system\Database\BaseConnection.php(605): CodeIgniter\Database\BaseConnection->simpleQuery('INSERT INTO `pr...')
#3 D:\wamp64\www\indo\vendor\codeigniter4\framework\system\Database\BaseBuilder.php(2309): CodeIgniter\Database\BaseConnection->query('INSERT INTO `pr...', Array, false)
#4 D:\wamp64\www\indo\app\Controllers\Pembelian.php(213): CodeIgniter\Database\BaseBuilder->insert(Array)
#5 D:\wamp64\www\indo\vendor\codeigniter4\framework\system\CodeIgniter.php(934): App\Controllers\Pembelian->pra_pembelian_add()
#6 D:\wamp64\www\indo\vendor\codeigniter4\framework\system\CodeIgniter.php(499): CodeIgniter\CodeIgniter->runController(Object(App\Controllers\Pembelian))
#7 D:\wamp64\www\indo\vendor\codeigniter4\framework\system\CodeIgniter.php(368): CodeIgniter\CodeIgniter->handleRequest(NULL, Object(Config\Cache), false)
#8 D:\wamp64\www\indo\index.php(67): CodeIgniter\CodeIgniter->run()
#9 {main}
CRITICAL - 2023-05-02 09:18:31 --> Unknown column 'Array' in 'field list'
in SYSTEMPATH\Database\MySQLi\Connection.php on line 295.
 1 SYSTEMPATH\Database\MySQLi\Connection.php(295): mysqli->query('INSERT INTO `pra_pembelian` (`date`, `nomor`, `keterangan`, `items`) VALUES (\'2023-05-02\', \'PPO.2023.05.000001\', \'Keterangan\', (Array,Array))', 0)
 2 SYSTEMPATH\Database\BaseConnection.php(691): CodeIgniter\Database\MySQLi\Connection->execute('INSERT INTO `pra_pembelian` (`date`, `nomor`, `keterangan`, `items`) VALUES (\'2023-05-02\', \'PPO.2023.05.000001\', \'Keterangan\', (Array,Array))')
 3 SYSTEMPATH\Database\BaseConnection.php(605): CodeIgniter\Database\BaseConnection->simpleQuery('INSERT INTO `pra_pembelian` (`date`, `nomor`, `keterangan`, `items`) VALUES (\'2023-05-02\', \'PPO.2023.05.000001\', \'Keterangan\', (Array,Array))')
 4 SYSTEMPATH\Database\BaseBuilder.php(2309): CodeIgniter\Database\BaseConnection->query('INSERT INTO `pra_pembelian` (`date`, `nomor`, `keterangan`, `items`) VALUES (:date:, :nomor:, :keterangan:, :items:)', [...], false)
 5 APPPATH\Controllers\Pembelian.php(213): CodeIgniter\Database\BaseBuilder->insert([...])
 6 SYSTEMPATH\CodeIgniter.php(934): App\Controllers\Pembelian->pra_pembelian_add()
 7 SYSTEMPATH\CodeIgniter.php(499): CodeIgniter\CodeIgniter->runController(Object(App\Controllers\Pembelian))
 8 SYSTEMPATH\CodeIgniter.php(368): CodeIgniter\CodeIgniter->handleRequest(null, Object(Config\Cache), false)
 9 FCPATH\index.php(67): CodeIgniter\CodeIgniter->run()
ERROR - 2023-05-02 09:19:14 --> mysqli_sql_exception: Unknown column 'Array' in 'field list' in D:\wamp64\www\indo\vendor\codeigniter4\framework\system\Database\MySQLi\Connection.php:295
Stack trace:
#0 D:\wamp64\www\indo\vendor\codeigniter4\framework\system\Database\MySQLi\Connection.php(295): mysqli->query('INSERT INTO `pr...', 0)
#1 D:\wamp64\www\indo\vendor\codeigniter4\framework\system\Database\BaseConnection.php(691): CodeIgniter\Database\MySQLi\Connection->execute('INSERT INTO `pr...')
#2 D:\wamp64\www\indo\vendor\codeigniter4\framework\system\Database\BaseConnection.php(605): CodeIgniter\Database\BaseConnection->simpleQuery('INSERT INTO `pr...')
#3 D:\wamp64\www\indo\vendor\codeigniter4\framework\system\Database\BaseBuilder.php(2309): CodeIgniter\Database\BaseConnection->query('INSERT INTO `pr...', Array, false)
#4 D:\wamp64\www\indo\app\Controllers\Pembelian.php(213): CodeIgniter\Database\BaseBuilder->insert(Array)
#5 D:\wamp64\www\indo\vendor\codeigniter4\framework\system\CodeIgniter.php(934): App\Controllers\Pembelian->pra_pembelian_add()
#6 D:\wamp64\www\indo\vendor\codeigniter4\framework\system\CodeIgniter.php(499): CodeIgniter\CodeIgniter->runController(Object(App\Controllers\Pembelian))
#7 D:\wamp64\www\indo\vendor\codeigniter4\framework\system\CodeIgniter.php(368): CodeIgniter\CodeIgniter->handleRequest(NULL, Object(Config\Cache), false)
#8 D:\wamp64\www\indo\index.php(67): CodeIgniter\CodeIgniter->run()
#9 {main}
CRITICAL - 2023-05-02 09:19:14 --> Unknown column 'Array' in 'field list'
in SYSTEMPATH\Database\MySQLi\Connection.php on line 295.
 1 SYSTEMPATH\Database\MySQLi\Connection.php(295): mysqli->query('INSERT INTO `pra_pembelian` (`date`, `nomor`, `keterangan`, `items`) VALUES (\'2023-05-02\', \'PPO.2023.05.000001\', \'Keterangan\', (Array,Array))', 0)
 2 SYSTEMPATH\Database\BaseConnection.php(691): CodeIgniter\Database\MySQLi\Connection->execute('INSERT INTO `pra_pembelian` (`date`, `nomor`, `keterangan`, `items`) VALUES (\'2023-05-02\', \'PPO.2023.05.000001\', \'Keterangan\', (Array,Array))')
 3 SYSTEMPATH\Database\BaseConnection.php(605): CodeIgniter\Database\BaseConnection->simpleQuery('INSERT INTO `pra_pembelian` (`date`, `nomor`, `keterangan`, `items`) VALUES (\'2023-05-02\', \'PPO.2023.05.000001\', \'Keterangan\', (Array,Array))')
 4 SYSTEMPATH\Database\BaseBuilder.php(2309): CodeIgniter\Database\BaseConnection->query('INSERT INTO `pra_pembelian` (`date`, `nomor`, `keterangan`, `items`) VALUES (:date:, :nomor:, :keterangan:, :items:)', [...], false)
 5 APPPATH\Controllers\Pembelian.php(213): CodeIgniter\Database\BaseBuilder->insert([...])
 6 SYSTEMPATH\CodeIgniter.php(934): App\Controllers\Pembelian->pra_pembelian_add()
 7 SYSTEMPATH\CodeIgniter.php(499): CodeIgniter\CodeIgniter->runController(Object(App\Controllers\Pembelian))
 8 SYSTEMPATH\CodeIgniter.php(368): CodeIgniter\CodeIgniter->handleRequest(null, Object(Config\Cache), false)
 9 FCPATH\index.php(67): CodeIgniter\CodeIgniter->run()
CRITICAL - 2023-05-02 11:08:45 --> Object of class stdClass could not be converted to string
in APPPATH\Views\admin\pembelian\transaksi\pra_pembelian_entri.php on line 242.
 1 SYSTEMPATH\View\View.php(213): include()
 2 SYSTEMPATH\View\View.php(216): CodeIgniter\View\View->CodeIgniter\View\{closure}()
 3 SYSTEMPATH\Common.php(1184): CodeIgniter\View\View->render('admin/pembelian/transaksi/pra_pembelian_entri', [], true)
 4 APPPATH\Views\layout\layout.php(45): view('admin/pembelian/transaksi/pra_pembelian_entri')
 5 SYSTEMPATH\View\View.php(213): include('D:\\wamp64\\www\\indo\\app\\Views\\layout\\layout.php')
 6 SYSTEMPATH\View\View.php(216): CodeIgniter\View\View->CodeIgniter\View\{closure}()
 7 SYSTEMPATH\Common.php(1184): CodeIgniter\View\View->render('layout/layout', [], true)
 8 APPPATH\Controllers\Pembelian.php(184): view('layout/layout', [...])
 9 SYSTEMPATH\CodeIgniter.php(934): App\Controllers\Pembelian->pra_pembelian_entri('1')
10 SYSTEMPATH\CodeIgniter.php(499): CodeIgniter\CodeIgniter->runController(Object(App\Controllers\Pembelian))
11 SYSTEMPATH\CodeIgniter.php(368): CodeIgniter\CodeIgniter->handleRequest(null, Object(Config\Cache), false)
12 FCPATH\index.php(67): CodeIgniter\CodeIgniter->run()
CRITICAL - 2023-05-02 11:21:28 --> The route for "admin/penjualan/transaksi/pasananmasukentri" cannot be found.
in SYSTEMPATH\HTTP\RedirectResponse.php on line 60.
 1 SYSTEMPATH\HTTP\RedirectResponse.php(60): CodeIgniter\HTTP\Exceptions\HTTPException::forInvalidRedirectRoute('admin/penjualan/transaksi/pasananmasukentri')
 2 SYSTEMPATH\Common.php(880): CodeIgniter\HTTP\RedirectResponse->route(false)
 3 APPPATH\Controllers\Penjualan.php(271): redirect('admin/penjualan/transaksi/pasananmasukentri')
 4 SYSTEMPATH\CodeIgniter.php(934): App\Controllers\Penjualan->pesanan_sub()
 5 SYSTEMPATH\CodeIgniter.php(499): CodeIgniter\CodeIgniter->runController(Object(App\Controllers\Penjualan))
 6 SYSTEMPATH\CodeIgniter.php(368): CodeIgniter\CodeIgniter->handleRequest(null, Object(Config\Cache), false)
 7 FCPATH\index.php(67): CodeIgniter\CodeIgniter->run()
CRITICAL - 2023-05-02 11:21:38 --> The route for "admin/penjualan/transaksi/pasananmasukentri" cannot be found.
in SYSTEMPATH\HTTP\RedirectResponse.php on line 60.
 1 SYSTEMPATH\HTTP\RedirectResponse.php(60): CodeIgniter\HTTP\Exceptions\HTTPException::forInvalidRedirectRoute('admin/penjualan/transaksi/pasananmasukentri')
 2 SYSTEMPATH\Common.php(880): CodeIgniter\HTTP\RedirectResponse->route(false)
 3 APPPATH\Controllers\Penjualan.php(271): redirect('admin/penjualan/transaksi/pasananmasukentri')
 4 SYSTEMPATH\CodeIgniter.php(934): App\Controllers\Penjualan->pesanan_sub()
 5 SYSTEMPATH\CodeIgniter.php(499): CodeIgniter\CodeIgniter->runController(Object(App\Controllers\Penjualan))
 6 SYSTEMPATH\CodeIgniter.php(368): CodeIgniter\CodeIgniter->handleRequest(null, Object(Config\Cache), false)
 7 FCPATH\index.php(67): CodeIgniter\CodeIgniter->run()
CRITICAL - 2023-05-02 11:36:15 --> Invalid argument supplied for foreach()
in APPPATH\Views\admin\pembelian\transaksi\pra_pembelian_entri.php on line 104.
 1 APPPATH\Views\admin\pembelian\transaksi\pra_pembelian_entri.php(104): CodeIgniter\Debug\Exceptions->errorHandler(2, 'Invalid argument supplied for foreach()', 'D:\\wamp64\\www\\indo\\app\\Views\\admin\\pembelian\\transaksi\\pra_pembelian_entri.php', 104, [...])
 2 SYSTEMPATH\View\View.php(213): include('D:\\wamp64\\www\\indo\\app\\Views\\admin\\pembelian\\transaksi\\pra_pembelian_entri.php')
 3 SYSTEMPATH\View\View.php(216): CodeIgniter\View\View->CodeIgniter\View\{closure}()
 4 SYSTEMPATH\Common.php(1184): CodeIgniter\View\View->render('admin/pembelian/transaksi/pra_pembelian_entri', [], true)
 5 APPPATH\Views\layout\layout.php(45): view('admin/pembelian/transaksi/pra_pembelian_entri')
 6 SYSTEMPATH\View\View.php(213): include('D:\\wamp64\\www\\indo\\app\\Views\\layout\\layout.php')
 7 SYSTEMPATH\View\View.php(216): CodeIgniter\View\View->CodeIgniter\View\{closure}()
 8 SYSTEMPATH\Common.php(1184): CodeIgniter\View\View->render('layout/layout', [], true)
 9 APPPATH\Controllers\Pembelian.php(184): view('layout/layout', [...])
10 SYSTEMPATH\CodeIgniter.php(934): App\Controllers\Pembelian->pra_pembelian_entri('1')
11 SYSTEMPATH\CodeIgniter.php(499): CodeIgniter\CodeIgniter->runController(Object(App\Controllers\Pembelian))
12 SYSTEMPATH\CodeIgniter.php(368): CodeIgniter\CodeIgniter->handleRequest(null, Object(Config\Cache), false)
13 FCPATH\index.php(67): CodeIgniter\CodeIgniter->run()
CRITICAL - 2023-05-02 11:36:44 --> Object of class stdClass could not be converted to string
in APPPATH\Views\admin\pembelian\transaksi\pra_pembelian_entri.php on line 105.
 1 SYSTEMPATH\View\View.php(213): include()
 2 SYSTEMPATH\View\View.php(216): CodeIgniter\View\View->CodeIgniter\View\{closure}()
 3 SYSTEMPATH\Common.php(1184): CodeIgniter\View\View->render('admin/pembelian/transaksi/pra_pembelian_entri', [], true)
 4 APPPATH\Views\layout\layout.php(45): view('admin/pembelian/transaksi/pra_pembelian_entri')
 5 SYSTEMPATH\View\View.php(213): include('D:\\wamp64\\www\\indo\\app\\Views\\layout\\layout.php')
 6 SYSTEMPATH\View\View.php(216): CodeIgniter\View\View->CodeIgniter\View\{closure}()
 7 SYSTEMPATH\Common.php(1184): CodeIgniter\View\View->render('layout/layout', [], true)
 8 APPPATH\Controllers\Pembelian.php(184): view('layout/layout', [...])
 9 SYSTEMPATH\CodeIgniter.php(934): App\Controllers\Pembelian->pra_pembelian_entri('1')
10 SYSTEMPATH\CodeIgniter.php(499): CodeIgniter\CodeIgniter->runController(Object(App\Controllers\Pembelian))
11 SYSTEMPATH\CodeIgniter.php(368): CodeIgniter\CodeIgniter->handleRequest(null, Object(Config\Cache), false)
12 FCPATH\index.php(67): CodeIgniter\CodeIgniter->run()
CRITICAL - 2023-05-02 11:36:46 --> Object of class stdClass could not be converted to string
in APPPATH\Views\admin\pembelian\transaksi\pra_pembelian_entri.php on line 105.
 1 SYSTEMPATH\View\View.php(213): include()
 2 SYSTEMPATH\View\View.php(216): CodeIgniter\View\View->CodeIgniter\View\{closure}()
 3 SYSTEMPATH\Common.php(1184): CodeIgniter\View\View->render('admin/pembelian/transaksi/pra_pembelian_entri', [], true)
 4 APPPATH\Views\layout\layout.php(45): view('admin/pembelian/transaksi/pra_pembelian_entri')
 5 SYSTEMPATH\View\View.php(213): include('D:\\wamp64\\www\\indo\\app\\Views\\layout\\layout.php')
 6 SYSTEMPATH\View\View.php(216): CodeIgniter\View\View->CodeIgniter\View\{closure}()
 7 SYSTEMPATH\Common.php(1184): CodeIgniter\View\View->render('layout/layout', [], true)
 8 APPPATH\Controllers\Pembelian.php(184): view('layout/layout', [...])
 9 SYSTEMPATH\CodeIgniter.php(934): App\Controllers\Pembelian->pra_pembelian_entri('1')
10 SYSTEMPATH\CodeIgniter.php(499): CodeIgniter\CodeIgniter->runController(Object(App\Controllers\Pembelian))
11 SYSTEMPATH\CodeIgniter.php(368): CodeIgniter\CodeIgniter->handleRequest(null, Object(Config\Cache), false)
12 FCPATH\index.php(67): CodeIgniter\CodeIgniter->run()
CRITICAL - 2023-05-02 11:57:06 --> json_decode() expects parameter 1 to be string, object given
in APPPATH\Views\admin\pembelian\transaksi\pra_pembelian_entri.php on line 106.
 1 [internal function]: CodeIgniter\Debug\Exceptions->errorHandler(2, 'json_decode() expects parameter 1 to be string, object given', 'D:\\wamp64\\www\\indo\\app\\Views\\admin\\pembelian\\transaksi\\pra_pembelian_entri.php', 106, [...])
 2 APPPATH\Views\admin\pembelian\transaksi\pra_pembelian_entri.php(106): json_decode(Object(stdClass))
 3 SYSTEMPATH\View\View.php(213): include('D:\\wamp64\\www\\indo\\app\\Views\\admin\\pembelian\\transaksi\\pra_pembelian_entri.php')
 4 SYSTEMPATH\View\View.php(216): CodeIgniter\View\View->CodeIgniter\View\{closure}()
 5 SYSTEMPATH\Common.php(1184): CodeIgniter\View\View->render('admin/pembelian/transaksi/pra_pembelian_entri', [], true)
 6 APPPATH\Views\layout\layout.php(45): view('admin/pembelian/transaksi/pra_pembelian_entri')
 7 SYSTEMPATH\View\View.php(213): include('D:\\wamp64\\www\\indo\\app\\Views\\layout\\layout.php')
 8 SYSTEMPATH\View\View.php(216): CodeIgniter\View\View->CodeIgniter\View\{closure}()
 9 SYSTEMPATH\Common.php(1184): CodeIgniter\View\View->render('layout/layout', [], true)
10 APPPATH\Controllers\Pembelian.php(184): view('layout/layout', [...])
11 SYSTEMPATH\CodeIgniter.php(934): App\Controllers\Pembelian->pra_pembelian_entri('1')
12 SYSTEMPATH\CodeIgniter.php(499): CodeIgniter\CodeIgniter->runController(Object(App\Controllers\Pembelian))
13 SYSTEMPATH\CodeIgniter.php(368): CodeIgniter\CodeIgniter->handleRequest(null, Object(Config\Cache), false)
14 FCPATH\index.php(67): CodeIgniter\CodeIgniter->run()
CRITICAL - 2023-05-02 12:03:47 --> The route for "prapembelian/entri" cannot be found.
in SYSTEMPATH\HTTP\RedirectResponse.php on line 60.
 1 SYSTEMPATH\HTTP\RedirectResponse.php(60): CodeIgniter\HTTP\Exceptions\HTTPException::forInvalidRedirectRoute('prapembelian/entri')
 2 SYSTEMPATH\Common.php(880): CodeIgniter\HTTP\RedirectResponse->route(false)
 3 APPPATH\Controllers\Pembelian.php(224): redirect('prapembelian/entri', 'refresh')
 4 SYSTEMPATH\CodeIgniter.php(934): App\Controllers\Pembelian->pra_pembelian_add()
 5 SYSTEMPATH\CodeIgniter.php(499): CodeIgniter\CodeIgniter->runController(Object(App\Controllers\Pembelian))
 6 SYSTEMPATH\CodeIgniter.php(368): CodeIgniter\CodeIgniter->handleRequest(null, Object(Config\Cache), false)
 7 FCPATH\index.php(67): CodeIgniter\CodeIgniter->run()
CRITICAL - 2023-05-02 12:03:50 --> The route for "prapembelian/entri" cannot be found.
in SYSTEMPATH\HTTP\RedirectResponse.php on line 60.
 1 SYSTEMPATH\HTTP\RedirectResponse.php(60): CodeIgniter\HTTP\Exceptions\HTTPException::forInvalidRedirectRoute('prapembelian/entri')
 2 SYSTEMPATH\Common.php(880): CodeIgniter\HTTP\RedirectResponse->route(false)
 3 APPPATH\Controllers\Pembelian.php(224): redirect('prapembelian/entri', 'refresh')
 4 SYSTEMPATH\CodeIgniter.php(934): App\Controllers\Pembelian->pra_pembelian_add()
 5 SYSTEMPATH\CodeIgniter.php(499): CodeIgniter\CodeIgniter->runController(Object(App\Controllers\Pembelian))
 6 SYSTEMPATH\CodeIgniter.php(368): CodeIgniter\CodeIgniter->handleRequest(null, Object(Config\Cache), false)
 7 FCPATH\index.php(67): CodeIgniter\CodeIgniter->run()
CRITICAL - 2023-05-02 12:10:05 --> The route for "http://10.10.10.2/indo/pembelian/transaksi/prapembelian" cannot be found.
in SYSTEMPATH\HTTP\RedirectResponse.php on line 60.
 1 SYSTEMPATH\HTTP\RedirectResponse.php(60): CodeIgniter\HTTP\Exceptions\HTTPException::forInvalidRedirectRoute('http://10.10.10.2/indo/pembelian/transaksi/prapembelian')
 2 APPPATH\Controllers\Pembelian.php(224): CodeIgniter\HTTP\RedirectResponse->route(false)
 3 SYSTEMPATH\CodeIgniter.php(934): App\Controllers\Pembelian->pra_pembelian_add()
 4 SYSTEMPATH\CodeIgniter.php(499): CodeIgniter\CodeIgniter->runController(Object(App\Controllers\Pembelian))
 5 SYSTEMPATH\CodeIgniter.php(368): CodeIgniter\CodeIgniter->handleRequest(null, Object(Config\Cache), false)
 6 FCPATH\index.php(67): CodeIgniter\CodeIgniter->run()
CRITICAL - 2023-05-02 14:39:40 --> Invalid argument supplied for foreach()
in APPPATH\Views\admin\penjualan\transaksi\pasananmasukentri.php on line 39.
 1 APPPATH\Views\admin\penjualan\transaksi\pasananmasukentri.php(39): CodeIgniter\Debug\Exceptions->errorHandler(2, 'Invalid argument supplied for foreach()', 'D:\\wamp64\\www\\indo\\app\\Views\\admin\\penjualan\\transaksi\\pasananmasukentri.php', 39, [...])
 2 SYSTEMPATH\View\View.php(213): include('D:\\wamp64\\www\\indo\\app\\Views\\admin\\penjualan\\transaksi\\pasananmasukentri.php')
 3 SYSTEMPATH\View\View.php(216): CodeIgniter\View\View->CodeIgniter\View\{closure}()
 4 SYSTEMPATH\Common.php(1184): CodeIgniter\View\View->render('admin/penjualan/transaksi/pasananmasukentri', [], true)
 5 APPPATH\Views\layout\layout.php(45): view('admin/penjualan/transaksi/pasananmasukentri')
 6 SYSTEMPATH\View\View.php(213): include('D:\\wamp64\\www\\indo\\app\\Views\\layout\\layout.php')
 7 SYSTEMPATH\View\View.php(216): CodeIgniter\View\View->CodeIgniter\View\{closure}()
 8 SYSTEMPATH\Common.php(1184): CodeIgniter\View\View->render('layout/layout', [], true)
 9 APPPATH\Controllers\Penjualan.php(391): view('layout/layout', [...])
10 SYSTEMPATH\CodeIgniter.php(934): App\Controllers\Penjualan->pesanan_masuk_edit('', '1')
11 SYSTEMPATH\CodeIgniter.php(499): CodeIgniter\CodeIgniter->runController(Object(App\Controllers\Penjualan))
12 SYSTEMPATH\CodeIgniter.php(368): CodeIgniter\CodeIgniter->handleRequest(null, Object(Config\Cache), false)
13 FCPATH\index.php(67): CodeIgniter\CodeIgniter->run()
CRITICAL - 2023-05-02 14:40:17 --> Invalid argument supplied for foreach()
in APPPATH\Views\admin\penjualan\transaksi\pasananmasukentri.php on line 39.
 1 APPPATH\Views\admin\penjualan\transaksi\pasananmasukentri.php(39): CodeIgniter\Debug\Exceptions->errorHandler(2, 'Invalid argument supplied for foreach()', 'D:\\wamp64\\www\\indo\\app\\Views\\admin\\penjualan\\transaksi\\pasananmasukentri.php', 39, [...])
 2 SYSTEMPATH\View\View.php(213): include('D:\\wamp64\\www\\indo\\app\\Views\\admin\\penjualan\\transaksi\\pasananmasukentri.php')
 3 SYSTEMPATH\View\View.php(216): CodeIgniter\View\View->CodeIgniter\View\{closure}()
 4 SYSTEMPATH\Common.php(1184): CodeIgniter\View\View->render('admin/penjualan/transaksi/pasananmasukentri', [], true)
 5 APPPATH\Views\layout\layout.php(45): view('admin/penjualan/transaksi/pasananmasukentri')
 6 SYSTEMPATH\View\View.php(213): include('D:\\wamp64\\www\\indo\\app\\Views\\layout\\layout.php')
 7 SYSTEMPATH\View\View.php(216): CodeIgniter\View\View->CodeIgniter\View\{closure}()
 8 SYSTEMPATH\Common.php(1184): CodeIgniter\View\View->render('layout/layout', [], true)
 9 APPPATH\Controllers\Penjualan.php(391): view('layout/layout', [...])
10 SYSTEMPATH\CodeIgniter.php(934): App\Controllers\Penjualan->pesanan_masuk_edit('', '1')
11 SYSTEMPATH\CodeIgniter.php(499): CodeIgniter\CodeIgniter->runController(Object(App\Controllers\Penjualan))
12 SYSTEMPATH\CodeIgniter.php(368): CodeIgniter\CodeIgniter->handleRequest(null, Object(Config\Cache), false)
13 FCPATH\index.php(67): CodeIgniter\CodeIgniter->run()
CRITICAL - 2023-05-02 14:40:31 --> Invalid argument supplied for foreach()
in APPPATH\Views\admin\penjualan\transaksi\pasananmasukentri.php on line 39.
 1 APPPATH\Views\admin\penjualan\transaksi\pasananmasukentri.php(39): CodeIgniter\Debug\Exceptions->errorHandler(2, 'Invalid argument supplied for foreach()', 'D:\\wamp64\\www\\indo\\app\\Views\\admin\\penjualan\\transaksi\\pasananmasukentri.php', 39, [...])
 2 SYSTEMPATH\View\View.php(213): include('D:\\wamp64\\www\\indo\\app\\Views\\admin\\penjualan\\transaksi\\pasananmasukentri.php')
 3 SYSTEMPATH\View\View.php(216): CodeIgniter\View\View->CodeIgniter\View\{closure}()
 4 SYSTEMPATH\Common.php(1184): CodeIgniter\View\View->render('admin/penjualan/transaksi/pasananmasukentri', [], true)
 5 APPPATH\Views\layout\layout.php(45): view('admin/penjualan/transaksi/pasananmasukentri')
 6 SYSTEMPATH\View\View.php(213): include('D:\\wamp64\\www\\indo\\app\\Views\\layout\\layout.php')
 7 SYSTEMPATH\View\View.php(216): CodeIgniter\View\View->CodeIgniter\View\{closure}()
 8 SYSTEMPATH\Common.php(1184): CodeIgniter\View\View->render('layout/layout', [], true)
 9 APPPATH\Controllers\Penjualan.php(391): view('layout/layout', [...])
10 SYSTEMPATH\CodeIgniter.php(934): App\Controllers\Penjualan->pesanan_masuk_edit('', '1')
11 SYSTEMPATH\CodeIgniter.php(499): CodeIgniter\CodeIgniter->runController(Object(App\Controllers\Penjualan))
12 SYSTEMPATH\CodeIgniter.php(368): CodeIgniter\CodeIgniter->handleRequest(null, Object(Config\Cache), false)
13 FCPATH\index.php(67): CodeIgniter\CodeIgniter->run()
