CRITICAL - 2023-05-23 10:28:58 --> Object of class stdClass could not be converted to string
in APPPATH\Views\admin\kas_bank\transaksi\transfer_bank_entri.php on line 69.
 1 SYSTEMPATH\View\View.php(213): include()
 2 SYSTEMPATH\View\View.php(216): CodeIgniter\View\View->CodeIgniter\View\{closure}()
 3 SYSTEMPATH\Common.php(1184): CodeIgniter\View\View->render('admin/kas_bank/transaksi/transfer_bank_entri', [], true)
 4 APPPATH\Views\layout\layout.php(45): view('admin/kas_bank/transaksi/transfer_bank_entri')
 5 SYSTEMPATH\View\View.php(213): include('D:\\wamp64\\www\\indo\\app\\Views\\layout\\layout.php')
 6 SYSTEMPATH\View\View.php(216): CodeIgniter\View\View->CodeIgniter\View\{closure}()
 7 SYSTEMPATH\Common.php(1184): CodeIgniter\View\View->render('layout/layout', [], true)
 8 APPPATH\Controllers\Kasbank.php(43): view('layout/layout', [...])
 9 SYSTEMPATH\CodeIgniter.php(934): App\Controllers\Kasbank->transfer_entri()
10 SYSTEMPATH\CodeIgniter.php(499): CodeIgniter\CodeIgniter->runController(Object(App\Controllers\Kasbank))
11 SYSTEMPATH\CodeIgniter.php(368): CodeIgniter\CodeIgniter->handleRequest(null, Object(Config\Cache), false)
12 FCPATH\index.php(67): CodeIgniter\CodeIgniter->run()
CRITICAL - 2023-05-23 10:32:46 --> Cannot use object of type stdClass as array
in APPPATH\Views\admin\kas_bank\transaksi\transfer_bank_entri.php on line 69.
 1 SYSTEMPATH\View\View.php(213): include()
 2 SYSTEMPATH\View\View.php(216): CodeIgniter\View\View->CodeIgniter\View\{closure}()
 3 SYSTEMPATH\Common.php(1184): CodeIgniter\View\View->render('admin/kas_bank/transaksi/transfer_bank_entri', [], true)
 4 APPPATH\Views\layout\layout.php(45): view('admin/kas_bank/transaksi/transfer_bank_entri')
 5 SYSTEMPATH\View\View.php(213): include('D:\\wamp64\\www\\indo\\app\\Views\\layout\\layout.php')
 6 SYSTEMPATH\View\View.php(216): CodeIgniter\View\View->CodeIgniter\View\{closure}()
 7 SYSTEMPATH\Common.php(1184): CodeIgniter\View\View->render('layout/layout', [], true)
 8 APPPATH\Controllers\Kasbank.php(43): view('layout/layout', [...])
 9 SYSTEMPATH\CodeIgniter.php(934): App\Controllers\Kasbank->transfer_entri()
10 SYSTEMPATH\CodeIgniter.php(499): CodeIgniter\CodeIgniter->runController(Object(App\Controllers\Kasbank))
11 SYSTEMPATH\CodeIgniter.php(368): CodeIgniter\CodeIgniter->handleRequest(null, Object(Config\Cache), false)
12 FCPATH\index.php(67): CodeIgniter\CodeIgniter->run()
CRITICAL - 2023-05-23 10:34:26 --> Cannot use object of type stdClass as array
in APPPATH\Views\admin\kas_bank\transaksi\transfer_bank_entri.php on line 69.
 1 SYSTEMPATH\View\View.php(213): include()
 2 SYSTEMPATH\View\View.php(216): CodeIgniter\View\View->CodeIgniter\View\{closure}()
 3 SYSTEMPATH\Common.php(1184): CodeIgniter\View\View->render('admin/kas_bank/transaksi/transfer_bank_entri', [], true)
 4 APPPATH\Views\layout\layout.php(45): view('admin/kas_bank/transaksi/transfer_bank_entri')
 5 SYSTEMPATH\View\View.php(213): include('D:\\wamp64\\www\\indo\\app\\Views\\layout\\layout.php')
 6 SYSTEMPATH\View\View.php(216): CodeIgniter\View\View->CodeIgniter\View\{closure}()
 7 SYSTEMPATH\Common.php(1184): CodeIgniter\View\View->render('layout/layout', [], true)
 8 APPPATH\Controllers\Kasbank.php(43): view('layout/layout', [...])
 9 SYSTEMPATH\CodeIgniter.php(934): App\Controllers\Kasbank->transfer_entri()
10 SYSTEMPATH\CodeIgniter.php(499): CodeIgniter\CodeIgniter->runController(Object(App\Controllers\Kasbank))
11 SYSTEMPATH\CodeIgniter.php(368): CodeIgniter\CodeIgniter->handleRequest(null, Object(Config\Cache), false)
12 FCPATH\index.php(67): CodeIgniter\CodeIgniter->run()
CRITICAL - 2023-05-23 10:40:34 --> syntax error, unexpected 'width' (T_STRING), expecting ')'
in APPPATH\Views\admin\kas_bank\transaksi\transfer_bank_entri.php on line 80.
 1 SYSTEMPATH\View\View.php(216): CodeIgniter\View\View->CodeIgniter\View\{closure}()
 2 SYSTEMPATH\Common.php(1184): CodeIgniter\View\View->render('admin/kas_bank/transaksi/transfer_bank_entri', [], true)
 3 APPPATH\Views\layout\layout.php(45): view('admin/kas_bank/transaksi/transfer_bank_entri')
 4 SYSTEMPATH\View\View.php(213): include('D:\\wamp64\\www\\indo\\app\\Views\\layout\\layout.php')
 5 SYSTEMPATH\View\View.php(216): CodeIgniter\View\View->CodeIgniter\View\{closure}()
 6 SYSTEMPATH\Common.php(1184): CodeIgniter\View\View->render('layout/layout', [], true)
 7 APPPATH\Controllers\Kasbank.php(43): view('layout/layout', [...])
 8 SYSTEMPATH\CodeIgniter.php(934): App\Controllers\Kasbank->transfer_entri()
 9 SYSTEMPATH\CodeIgniter.php(499): CodeIgniter\CodeIgniter->runController(Object(App\Controllers\Kasbank))
10 SYSTEMPATH\CodeIgniter.php(368): CodeIgniter\CodeIgniter->handleRequest(null, Object(Config\Cache), false)
11 FCPATH\index.php(67): CodeIgniter\CodeIgniter->run()
