CRITICAL - 2023-05-21 12:49:41 --> The namespace delimiter is a backslash (\), not a slash (/). Route handler: "\App\Controllers\Bukubesar:kode_delete/$1"
in SYSTEMPATH\Router\Router.php on line 474.
 1 SYSTEMPATH\Router\Router.php(474): CodeIgniter\Router\Exceptions\RouterException::forInvalidControllerName('\\App\\Controllers\\Bukubesar:kode_delete/$1')
 2 SYSTEMPATH\Router\Router.php(182): CodeIgniter\Router\Router->checkRoutes('bukubesar/datamaster/akun-delete/5')
 3 SYSTEMPATH\CodeIgniter.php(815): CodeIgniter\Router\Router->handle('bukubesar/datamaster/akun-delete/5')
 4 SYSTEMPATH\CodeIgniter.php(449): CodeIgniter\CodeIgniter->tryToRouteIt(Object(CodeIgniter\Router\RouteCollection))
 5 SYSTEMPATH\CodeIgniter.php(368): CodeIgniter\CodeIgniter->handleRequest(null, Object(Config\Cache), false)
 6 FCPATH\index.php(67): CodeIgniter\CodeIgniter->run()
CRITICAL - 2023-05-21 12:49:45 --> The namespace delimiter is a backslash (\), not a slash (/). Route handler: "\App\Controllers\Bukubesar:kode_delete/$1"
in SYSTEMPATH\Router\Router.php on line 474.
 1 SYSTEMPATH\Router\Router.php(474): CodeIgniter\Router\Exceptions\RouterException::forInvalidControllerName('\\App\\Controllers\\Bukubesar:kode_delete/$1')
 2 SYSTEMPATH\Router\Router.php(182): CodeIgniter\Router\Router->checkRoutes('bukubesar/datamaster/akun-delete/5')
 3 SYSTEMPATH\CodeIgniter.php(815): CodeIgniter\Router\Router->handle('bukubesar/datamaster/akun-delete/5')
 4 SYSTEMPATH\CodeIgniter.php(449): CodeIgniter\CodeIgniter->tryToRouteIt(Object(CodeIgniter\Router\RouteCollection))
 5 SYSTEMPATH\CodeIgniter.php(368): CodeIgniter\CodeIgniter->handleRequest(null, Object(Config\Cache), false)
 6 FCPATH\index.php(67): CodeIgniter\CodeIgniter->run()
CRITICAL - 2023-05-21 12:49:53 --> The namespace delimiter is a backslash (\), not a slash (/). Route handler: "\App\Controllers\Bukubesar:kode_delete/$1"
in SYSTEMPATH\Router\Router.php on line 474.
 1 SYSTEMPATH\Router\Router.php(474): CodeIgniter\Router\Exceptions\RouterException::forInvalidControllerName('\\App\\Controllers\\Bukubesar:kode_delete/$1')
 2 SYSTEMPATH\Router\Router.php(182): CodeIgniter\Router\Router->checkRoutes('bukubesar/datamaster/akun-delete/5')
 3 SYSTEMPATH\CodeIgniter.php(815): CodeIgniter\Router\Router->handle('bukubesar/datamaster/akun-delete/5')
 4 SYSTEMPATH\CodeIgniter.php(449): CodeIgniter\CodeIgniter->tryToRouteIt(Object(CodeIgniter\Router\RouteCollection))
 5 SYSTEMPATH\CodeIgniter.php(368): CodeIgniter\CodeIgniter->handleRequest(null, Object(Config\Cache), false)
 6 FCPATH\index.php(67): CodeIgniter\CodeIgniter->run()
CRITICAL - 2023-05-21 12:52:40 --> The namespace delimiter is a backslash (\), not a slash (/). Route handler: "\App\Controllers\Bukubesar:kode_delete/$1"
in SYSTEMPATH\Router\Router.php on line 474.
 1 SYSTEMPATH\Router\Router.php(474): CodeIgniter\Router\Exceptions\RouterException::forInvalidControllerName('\\App\\Controllers\\Bukubesar:kode_delete/$1')
 2 SYSTEMPATH\Router\Router.php(182): CodeIgniter\Router\Router->checkRoutes('bukubesar/datamaster/akun-delete/5')
 3 SYSTEMPATH\CodeIgniter.php(815): CodeIgniter\Router\Router->handle('bukubesar/datamaster/akun-delete/5')
 4 SYSTEMPATH\CodeIgniter.php(449): CodeIgniter\CodeIgniter->tryToRouteIt(Object(CodeIgniter\Router\RouteCollection))
 5 SYSTEMPATH\CodeIgniter.php(368): CodeIgniter\CodeIgniter->handleRequest(null, Object(Config\Cache), false)
 6 FCPATH\index.php(67): CodeIgniter\CodeIgniter->run()
CRITICAL - 2023-05-21 12:52:44 --> The namespace delimiter is a backslash (\), not a slash (/). Route handler: "\App\Controllers\Bukubesar:kode_delete/$1"
in SYSTEMPATH\Router\Router.php on line 474.
 1 SYSTEMPATH\Router\Router.php(474): CodeIgniter\Router\Exceptions\RouterException::forInvalidControllerName('\\App\\Controllers\\Bukubesar:kode_delete/$1')
 2 SYSTEMPATH\Router\Router.php(182): CodeIgniter\Router\Router->checkRoutes('bukubesar/datamaster/akun-delete/5')
 3 SYSTEMPATH\CodeIgniter.php(815): CodeIgniter\Router\Router->handle('bukubesar/datamaster/akun-delete/5')
 4 SYSTEMPATH\CodeIgniter.php(449): CodeIgniter\CodeIgniter->tryToRouteIt(Object(CodeIgniter\Router\RouteCollection))
 5 SYSTEMPATH\CodeIgniter.php(368): CodeIgniter\CodeIgniter->handleRequest(null, Object(Config\Cache), false)
 6 FCPATH\index.php(67): CodeIgniter\CodeIgniter->run()
CRITICAL - 2023-05-21 12:52:48 --> The namespace delimiter is a backslash (\), not a slash (/). Route handler: "\App\Controllers\Bukubesar:kode_delete/$1"
in SYSTEMPATH\Router\Router.php on line 474.
 1 SYSTEMPATH\Router\Router.php(474): CodeIgniter\Router\Exceptions\RouterException::forInvalidControllerName('\\App\\Controllers\\Bukubesar:kode_delete/$1')
 2 SYSTEMPATH\Router\Router.php(182): CodeIgniter\Router\Router->checkRoutes('bukubesar/datamaster/akun-delete/1')
 3 SYSTEMPATH\CodeIgniter.php(815): CodeIgniter\Router\Router->handle('bukubesar/datamaster/akun-delete/1')
 4 SYSTEMPATH\CodeIgniter.php(449): CodeIgniter\CodeIgniter->tryToRouteIt(Object(CodeIgniter\Router\RouteCollection))
 5 SYSTEMPATH\CodeIgniter.php(368): CodeIgniter\CodeIgniter->handleRequest(null, Object(Config\Cache), false)
 6 FCPATH\index.php(67): CodeIgniter\CodeIgniter->run()
CRITICAL - 2023-05-21 12:52:58 --> The namespace delimiter is a backslash (\), not a slash (/). Route handler: "\App\Controllers\Bukubesar:kode_delete/$1"
in SYSTEMPATH\Router\Router.php on line 474.
 1 SYSTEMPATH\Router\Router.php(474): CodeIgniter\Router\Exceptions\RouterException::forInvalidControllerName('\\App\\Controllers\\Bukubesar:kode_delete/$1')
 2 SYSTEMPATH\Router\Router.php(182): CodeIgniter\Router\Router->checkRoutes('bukubesar/datamaster/akun-delete/2')
 3 SYSTEMPATH\CodeIgniter.php(815): CodeIgniter\Router\Router->handle('bukubesar/datamaster/akun-delete/2')
 4 SYSTEMPATH\CodeIgniter.php(449): CodeIgniter\CodeIgniter->tryToRouteIt(Object(CodeIgniter\Router\RouteCollection))
 5 SYSTEMPATH\CodeIgniter.php(368): CodeIgniter\CodeIgniter->handleRequest(null, Object(Config\Cache), false)
 6 FCPATH\index.php(67): CodeIgniter\CodeIgniter->run()
CRITICAL - 2023-05-21 12:54:47 --> The namespace delimiter is a backslash (\), not a slash (/). Route handler: "\App\Controllers\Bukubesar:kode_delete/$1"
in SYSTEMPATH\Router\Router.php on line 474.
 1 SYSTEMPATH\Router\Router.php(474): CodeIgniter\Router\Exceptions\RouterException::forInvalidControllerName('\\App\\Controllers\\Bukubesar:kode_delete/$1')
 2 SYSTEMPATH\Router\Router.php(182): CodeIgniter\Router\Router->checkRoutes('bukubesar/datamaster/akun-delete/4')
 3 SYSTEMPATH\CodeIgniter.php(815): CodeIgniter\Router\Router->handle('bukubesar/datamaster/akun-delete/4')
 4 SYSTEMPATH\CodeIgniter.php(449): CodeIgniter\CodeIgniter->tryToRouteIt(Object(CodeIgniter\Router\RouteCollection))
 5 SYSTEMPATH\CodeIgniter.php(368): CodeIgniter\CodeIgniter->handleRequest(null, Object(Config\Cache), false)
 6 FCPATH\index.php(67): CodeIgniter\CodeIgniter->run()
CRITICAL - 2023-05-21 13:17:12 --> The namespace delimiter is a backslash (\), not a slash (/). Route handler: "\App\Controllers\Bukubesar:kodedelete/$1"
in SYSTEMPATH\Router\Router.php on line 474.
 1 SYSTEMPATH\Router\Router.php(474): CodeIgniter\Router\Exceptions\RouterException::forInvalidControllerName('\\App\\Controllers\\Bukubesar:kodedelete/$1')
 2 SYSTEMPATH\Router\Router.php(182): CodeIgniter\Router\Router->checkRoutes('bukubesar/datamaster/akun-delete/5')
 3 SYSTEMPATH\CodeIgniter.php(815): CodeIgniter\Router\Router->handle('bukubesar/datamaster/akun-delete/5')
 4 SYSTEMPATH\CodeIgniter.php(449): CodeIgniter\CodeIgniter->tryToRouteIt(Object(CodeIgniter\Router\RouteCollection))
 5 SYSTEMPATH\CodeIgniter.php(368): CodeIgniter\CodeIgniter->handleRequest(null, Object(Config\Cache), false)
 6 FCPATH\index.php(67): CodeIgniter\CodeIgniter->run()
CRITICAL - 2023-05-21 13:18:32 --> The namespace delimiter is a backslash (\), not a slash (/). Route handler: "\App\Controllers\Bukubesar:kodedelete/$1"
in SYSTEMPATH\Router\Router.php on line 474.
 1 SYSTEMPATH\Router\Router.php(474): CodeIgniter\Router\Exceptions\RouterException::forInvalidControllerName('\\App\\Controllers\\Bukubesar:kodedelete/$1')
 2 SYSTEMPATH\Router\Router.php(182): CodeIgniter\Router\Router->checkRoutes('bukubesar/datamaster/akun-delete/5')
 3 SYSTEMPATH\CodeIgniter.php(815): CodeIgniter\Router\Router->handle('bukubesar/datamaster/akun-delete/5')
 4 SYSTEMPATH\CodeIgniter.php(449): CodeIgniter\CodeIgniter->tryToRouteIt(Object(CodeIgniter\Router\RouteCollection))
 5 SYSTEMPATH\CodeIgniter.php(368): CodeIgniter\CodeIgniter->handleRequest(null, Object(Config\Cache), false)
 6 FCPATH\index.php(67): CodeIgniter\CodeIgniter->run()
CRITICAL - 2023-05-21 13:18:33 --> The namespace delimiter is a backslash (\), not a slash (/). Route handler: "\App\Controllers\Bukubesar:kodedelete/$1"
in SYSTEMPATH\Router\Router.php on line 474.
 1 SYSTEMPATH\Router\Router.php(474): CodeIgniter\Router\Exceptions\RouterException::forInvalidControllerName('\\App\\Controllers\\Bukubesar:kodedelete/$1')
 2 SYSTEMPATH\Router\Router.php(182): CodeIgniter\Router\Router->checkRoutes('bukubesar/datamaster/akun-delete/5')
 3 SYSTEMPATH\CodeIgniter.php(815): CodeIgniter\Router\Router->handle('bukubesar/datamaster/akun-delete/5')
 4 SYSTEMPATH\CodeIgniter.php(449): CodeIgniter\CodeIgniter->tryToRouteIt(Object(CodeIgniter\Router\RouteCollection))
 5 SYSTEMPATH\CodeIgniter.php(368): CodeIgniter\CodeIgniter->handleRequest(null, Object(Config\Cache), false)
 6 FCPATH\index.php(67): CodeIgniter\CodeIgniter->run()
CRITICAL - 2023-05-21 13:18:33 --> The namespace delimiter is a backslash (\), not a slash (/). Route handler: "\App\Controllers\Bukubesar:kodedelete/$1"
in SYSTEMPATH\Router\Router.php on line 474.
 1 SYSTEMPATH\Router\Router.php(474): CodeIgniter\Router\Exceptions\RouterException::forInvalidControllerName('\\App\\Controllers\\Bukubesar:kodedelete/$1')
 2 SYSTEMPATH\Router\Router.php(182): CodeIgniter\Router\Router->checkRoutes('bukubesar/datamaster/akun-delete/5')
 3 SYSTEMPATH\CodeIgniter.php(815): CodeIgniter\Router\Router->handle('bukubesar/datamaster/akun-delete/5')
 4 SYSTEMPATH\CodeIgniter.php(449): CodeIgniter\CodeIgniter->tryToRouteIt(Object(CodeIgniter\Router\RouteCollection))
 5 SYSTEMPATH\CodeIgniter.php(368): CodeIgniter\CodeIgniter->handleRequest(null, Object(Config\Cache), false)
 6 FCPATH\index.php(67): CodeIgniter\CodeIgniter->run()
CRITICAL - 2023-05-21 13:18:33 --> The namespace delimiter is a backslash (\), not a slash (/). Route handler: "\App\Controllers\Bukubesar:kodedelete/$1"
in SYSTEMPATH\Router\Router.php on line 474.
 1 SYSTEMPATH\Router\Router.php(474): CodeIgniter\Router\Exceptions\RouterException::forInvalidControllerName('\\App\\Controllers\\Bukubesar:kodedelete/$1')
 2 SYSTEMPATH\Router\Router.php(182): CodeIgniter\Router\Router->checkRoutes('bukubesar/datamaster/akun-delete/5')
 3 SYSTEMPATH\CodeIgniter.php(815): CodeIgniter\Router\Router->handle('bukubesar/datamaster/akun-delete/5')
 4 SYSTEMPATH\CodeIgniter.php(449): CodeIgniter\CodeIgniter->tryToRouteIt(Object(CodeIgniter\Router\RouteCollection))
 5 SYSTEMPATH\CodeIgniter.php(368): CodeIgniter\CodeIgniter->handleRequest(null, Object(Config\Cache), false)
 6 FCPATH\index.php(67): CodeIgniter\CodeIgniter->run()
CRITICAL - 2023-05-21 13:18:33 --> The namespace delimiter is a backslash (\), not a slash (/). Route handler: "\App\Controllers\Bukubesar:kodedelete/$1"
in SYSTEMPATH\Router\Router.php on line 474.
 1 SYSTEMPATH\Router\Router.php(474): CodeIgniter\Router\Exceptions\RouterException::forInvalidControllerName('\\App\\Controllers\\Bukubesar:kodedelete/$1')
 2 SYSTEMPATH\Router\Router.php(182): CodeIgniter\Router\Router->checkRoutes('bukubesar/datamaster/akun-delete/5')
 3 SYSTEMPATH\CodeIgniter.php(815): CodeIgniter\Router\Router->handle('bukubesar/datamaster/akun-delete/5')
 4 SYSTEMPATH\CodeIgniter.php(449): CodeIgniter\CodeIgniter->tryToRouteIt(Object(CodeIgniter\Router\RouteCollection))
 5 SYSTEMPATH\CodeIgniter.php(368): CodeIgniter\CodeIgniter->handleRequest(null, Object(Config\Cache), false)
 6 FCPATH\index.php(67): CodeIgniter\CodeIgniter->run()
CRITICAL - 2023-05-21 13:18:34 --> The namespace delimiter is a backslash (\), not a slash (/). Route handler: "\App\Controllers\Bukubesar:kodedelete/$1"
in SYSTEMPATH\Router\Router.php on line 474.
 1 SYSTEMPATH\Router\Router.php(474): CodeIgniter\Router\Exceptions\RouterException::forInvalidControllerName('\\App\\Controllers\\Bukubesar:kodedelete/$1')
 2 SYSTEMPATH\Router\Router.php(182): CodeIgniter\Router\Router->checkRoutes('bukubesar/datamaster/akun-delete/5')
 3 SYSTEMPATH\CodeIgniter.php(815): CodeIgniter\Router\Router->handle('bukubesar/datamaster/akun-delete/5')
 4 SYSTEMPATH\CodeIgniter.php(449): CodeIgniter\CodeIgniter->tryToRouteIt(Object(CodeIgniter\Router\RouteCollection))
 5 SYSTEMPATH\CodeIgniter.php(368): CodeIgniter\CodeIgniter->handleRequest(null, Object(Config\Cache), false)
 6 FCPATH\index.php(67): CodeIgniter\CodeIgniter->run()
CRITICAL - 2023-05-21 13:18:34 --> The namespace delimiter is a backslash (\), not a slash (/). Route handler: "\App\Controllers\Bukubesar:kodedelete/$1"
in SYSTEMPATH\Router\Router.php on line 474.
 1 SYSTEMPATH\Router\Router.php(474): CodeIgniter\Router\Exceptions\RouterException::forInvalidControllerName('\\App\\Controllers\\Bukubesar:kodedelete/$1')
 2 SYSTEMPATH\Router\Router.php(182): CodeIgniter\Router\Router->checkRoutes('bukubesar/datamaster/akun-delete/5')
 3 SYSTEMPATH\CodeIgniter.php(815): CodeIgniter\Router\Router->handle('bukubesar/datamaster/akun-delete/5')
 4 SYSTEMPATH\CodeIgniter.php(449): CodeIgniter\CodeIgniter->tryToRouteIt(Object(CodeIgniter\Router\RouteCollection))
 5 SYSTEMPATH\CodeIgniter.php(368): CodeIgniter\CodeIgniter->handleRequest(null, Object(Config\Cache), false)
 6 FCPATH\index.php(67): CodeIgniter\CodeIgniter->run()
CRITICAL - 2023-05-21 13:18:34 --> The namespace delimiter is a backslash (\), not a slash (/). Route handler: "\App\Controllers\Bukubesar:kodedelete/$1"
in SYSTEMPATH\Router\Router.php on line 474.
 1 SYSTEMPATH\Router\Router.php(474): CodeIgniter\Router\Exceptions\RouterException::forInvalidControllerName('\\App\\Controllers\\Bukubesar:kodedelete/$1')
 2 SYSTEMPATH\Router\Router.php(182): CodeIgniter\Router\Router->checkRoutes('bukubesar/datamaster/akun-delete/5')
 3 SYSTEMPATH\CodeIgniter.php(815): CodeIgniter\Router\Router->handle('bukubesar/datamaster/akun-delete/5')
 4 SYSTEMPATH\CodeIgniter.php(449): CodeIgniter\CodeIgniter->tryToRouteIt(Object(CodeIgniter\Router\RouteCollection))
 5 SYSTEMPATH\CodeIgniter.php(368): CodeIgniter\CodeIgniter->handleRequest(null, Object(Config\Cache), false)
 6 FCPATH\index.php(67): CodeIgniter\CodeIgniter->run()
CRITICAL - 2023-05-21 13:18:34 --> The namespace delimiter is a backslash (\), not a slash (/). Route handler: "\App\Controllers\Bukubesar:kodedelete/$1"
in SYSTEMPATH\Router\Router.php on line 474.
 1 SYSTEMPATH\Router\Router.php(474): CodeIgniter\Router\Exceptions\RouterException::forInvalidControllerName('\\App\\Controllers\\Bukubesar:kodedelete/$1')
 2 SYSTEMPATH\Router\Router.php(182): CodeIgniter\Router\Router->checkRoutes('bukubesar/datamaster/akun-delete/5')
 3 SYSTEMPATH\CodeIgniter.php(815): CodeIgniter\Router\Router->handle('bukubesar/datamaster/akun-delete/5')
 4 SYSTEMPATH\CodeIgniter.php(449): CodeIgniter\CodeIgniter->tryToRouteIt(Object(CodeIgniter\Router\RouteCollection))
 5 SYSTEMPATH\CodeIgniter.php(368): CodeIgniter\CodeIgniter->handleRequest(null, Object(Config\Cache), false)
 6 FCPATH\index.php(67): CodeIgniter\CodeIgniter->run()
CRITICAL - 2023-05-21 13:18:34 --> The namespace delimiter is a backslash (\), not a slash (/). Route handler: "\App\Controllers\Bukubesar:kodedelete/$1"
in SYSTEMPATH\Router\Router.php on line 474.
 1 SYSTEMPATH\Router\Router.php(474): CodeIgniter\Router\Exceptions\RouterException::forInvalidControllerName('\\App\\Controllers\\Bukubesar:kodedelete/$1')
 2 SYSTEMPATH\Router\Router.php(182): CodeIgniter\Router\Router->checkRoutes('bukubesar/datamaster/akun-delete/5')
 3 SYSTEMPATH\CodeIgniter.php(815): CodeIgniter\Router\Router->handle('bukubesar/datamaster/akun-delete/5')
 4 SYSTEMPATH\CodeIgniter.php(449): CodeIgniter\CodeIgniter->tryToRouteIt(Object(CodeIgniter\Router\RouteCollection))
 5 SYSTEMPATH\CodeIgniter.php(368): CodeIgniter\CodeIgniter->handleRequest(null, Object(Config\Cache), false)
 6 FCPATH\index.php(67): CodeIgniter\CodeIgniter->run()
CRITICAL - 2023-05-21 13:18:35 --> The namespace delimiter is a backslash (\), not a slash (/). Route handler: "\App\Controllers\Bukubesar:kodedelete/$1"
in SYSTEMPATH\Router\Router.php on line 474.
 1 SYSTEMPATH\Router\Router.php(474): CodeIgniter\Router\Exceptions\RouterException::forInvalidControllerName('\\App\\Controllers\\Bukubesar:kodedelete/$1')
 2 SYSTEMPATH\Router\Router.php(182): CodeIgniter\Router\Router->checkRoutes('bukubesar/datamaster/akun-delete/5')
 3 SYSTEMPATH\CodeIgniter.php(815): CodeIgniter\Router\Router->handle('bukubesar/datamaster/akun-delete/5')
 4 SYSTEMPATH\CodeIgniter.php(449): CodeIgniter\CodeIgniter->tryToRouteIt(Object(CodeIgniter\Router\RouteCollection))
 5 SYSTEMPATH\CodeIgniter.php(368): CodeIgniter\CodeIgniter->handleRequest(null, Object(Config\Cache), false)
 6 FCPATH\index.php(67): CodeIgniter\CodeIgniter->run()
CRITICAL - 2023-05-21 13:18:35 --> The namespace delimiter is a backslash (\), not a slash (/). Route handler: "\App\Controllers\Bukubesar:kodedelete/$1"
in SYSTEMPATH\Router\Router.php on line 474.
 1 SYSTEMPATH\Router\Router.php(474): CodeIgniter\Router\Exceptions\RouterException::forInvalidControllerName('\\App\\Controllers\\Bukubesar:kodedelete/$1')
 2 SYSTEMPATH\Router\Router.php(182): CodeIgniter\Router\Router->checkRoutes('bukubesar/datamaster/akun-delete/5')
 3 SYSTEMPATH\CodeIgniter.php(815): CodeIgniter\Router\Router->handle('bukubesar/datamaster/akun-delete/5')
 4 SYSTEMPATH\CodeIgniter.php(449): CodeIgniter\CodeIgniter->tryToRouteIt(Object(CodeIgniter\Router\RouteCollection))
 5 SYSTEMPATH\CodeIgniter.php(368): CodeIgniter\CodeIgniter->handleRequest(null, Object(Config\Cache), false)
 6 FCPATH\index.php(67): CodeIgniter\CodeIgniter->run()
CRITICAL - 2023-05-21 13:18:35 --> The namespace delimiter is a backslash (\), not a slash (/). Route handler: "\App\Controllers\Bukubesar:kodedelete/$1"
in SYSTEMPATH\Router\Router.php on line 474.
 1 SYSTEMPATH\Router\Router.php(474): CodeIgniter\Router\Exceptions\RouterException::forInvalidControllerName('\\App\\Controllers\\Bukubesar:kodedelete/$1')
 2 SYSTEMPATH\Router\Router.php(182): CodeIgniter\Router\Router->checkRoutes('bukubesar/datamaster/akun-delete/5')
 3 SYSTEMPATH\CodeIgniter.php(815): CodeIgniter\Router\Router->handle('bukubesar/datamaster/akun-delete/5')
 4 SYSTEMPATH\CodeIgniter.php(449): CodeIgniter\CodeIgniter->tryToRouteIt(Object(CodeIgniter\Router\RouteCollection))
 5 SYSTEMPATH\CodeIgniter.php(368): CodeIgniter\CodeIgniter->handleRequest(null, Object(Config\Cache), false)
 6 FCPATH\index.php(67): CodeIgniter\CodeIgniter->run()
CRITICAL - 2023-05-21 13:18:35 --> The namespace delimiter is a backslash (\), not a slash (/). Route handler: "\App\Controllers\Bukubesar:kodedelete/$1"
in SYSTEMPATH\Router\Router.php on line 474.
 1 SYSTEMPATH\Router\Router.php(474): CodeIgniter\Router\Exceptions\RouterException::forInvalidControllerName('\\App\\Controllers\\Bukubesar:kodedelete/$1')
 2 SYSTEMPATH\Router\Router.php(182): CodeIgniter\Router\Router->checkRoutes('bukubesar/datamaster/akun-delete/5')
 3 SYSTEMPATH\CodeIgniter.php(815): CodeIgniter\Router\Router->handle('bukubesar/datamaster/akun-delete/5')
 4 SYSTEMPATH\CodeIgniter.php(449): CodeIgniter\CodeIgniter->tryToRouteIt(Object(CodeIgniter\Router\RouteCollection))
 5 SYSTEMPATH\CodeIgniter.php(368): CodeIgniter\CodeIgniter->handleRequest(null, Object(Config\Cache), false)
 6 FCPATH\index.php(67): CodeIgniter\CodeIgniter->run()
CRITICAL - 2023-05-21 13:18:39 --> The namespace delimiter is a backslash (\), not a slash (/). Route handler: "\App\Controllers\Bukubesar:kodedelete/$1"
in SYSTEMPATH\Router\Router.php on line 474.
 1 SYSTEMPATH\Router\Router.php(474): CodeIgniter\Router\Exceptions\RouterException::forInvalidControllerName('\\App\\Controllers\\Bukubesar:kodedelete/$1')
 2 SYSTEMPATH\Router\Router.php(182): CodeIgniter\Router\Router->checkRoutes('bukubesar/datamaster/akun-delete/5')
 3 SYSTEMPATH\CodeIgniter.php(815): CodeIgniter\Router\Router->handle('bukubesar/datamaster/akun-delete/5')
 4 SYSTEMPATH\CodeIgniter.php(449): CodeIgniter\CodeIgniter->tryToRouteIt(Object(CodeIgniter\Router\RouteCollection))
 5 SYSTEMPATH\CodeIgniter.php(368): CodeIgniter\CodeIgniter->handleRequest(null, Object(Config\Cache), false)
 6 FCPATH\index.php(67): CodeIgniter\CodeIgniter->run()
CRITICAL - 2023-05-21 13:18:39 --> The namespace delimiter is a backslash (\), not a slash (/). Route handler: "\App\Controllers\Bukubesar:kodedelete/$1"
in SYSTEMPATH\Router\Router.php on line 474.
 1 SYSTEMPATH\Router\Router.php(474): CodeIgniter\Router\Exceptions\RouterException::forInvalidControllerName('\\App\\Controllers\\Bukubesar:kodedelete/$1')
 2 SYSTEMPATH\Router\Router.php(182): CodeIgniter\Router\Router->checkRoutes('bukubesar/datamaster/akun-delete/5')
 3 SYSTEMPATH\CodeIgniter.php(815): CodeIgniter\Router\Router->handle('bukubesar/datamaster/akun-delete/5')
 4 SYSTEMPATH\CodeIgniter.php(449): CodeIgniter\CodeIgniter->tryToRouteIt(Object(CodeIgniter\Router\RouteCollection))
 5 SYSTEMPATH\CodeIgniter.php(368): CodeIgniter\CodeIgniter->handleRequest(null, Object(Config\Cache), false)
 6 FCPATH\index.php(67): CodeIgniter\CodeIgniter->run()
CRITICAL - 2023-05-21 13:18:39 --> The namespace delimiter is a backslash (\), not a slash (/). Route handler: "\App\Controllers\Bukubesar:kodedelete/$1"
in SYSTEMPATH\Router\Router.php on line 474.
 1 SYSTEMPATH\Router\Router.php(474): CodeIgniter\Router\Exceptions\RouterException::forInvalidControllerName('\\App\\Controllers\\Bukubesar:kodedelete/$1')
 2 SYSTEMPATH\Router\Router.php(182): CodeIgniter\Router\Router->checkRoutes('bukubesar/datamaster/akun-delete/5')
 3 SYSTEMPATH\CodeIgniter.php(815): CodeIgniter\Router\Router->handle('bukubesar/datamaster/akun-delete/5')
 4 SYSTEMPATH\CodeIgniter.php(449): CodeIgniter\CodeIgniter->tryToRouteIt(Object(CodeIgniter\Router\RouteCollection))
 5 SYSTEMPATH\CodeIgniter.php(368): CodeIgniter\CodeIgniter->handleRequest(null, Object(Config\Cache), false)
 6 FCPATH\index.php(67): CodeIgniter\CodeIgniter->run()
CRITICAL - 2023-05-21 13:18:39 --> The namespace delimiter is a backslash (\), not a slash (/). Route handler: "\App\Controllers\Bukubesar:kodedelete/$1"
in SYSTEMPATH\Router\Router.php on line 474.
 1 SYSTEMPATH\Router\Router.php(474): CodeIgniter\Router\Exceptions\RouterException::forInvalidControllerName('\\App\\Controllers\\Bukubesar:kodedelete/$1')
 2 SYSTEMPATH\Router\Router.php(182): CodeIgniter\Router\Router->checkRoutes('bukubesar/datamaster/akun-delete/5')
 3 SYSTEMPATH\CodeIgniter.php(815): CodeIgniter\Router\Router->handle('bukubesar/datamaster/akun-delete/5')
 4 SYSTEMPATH\CodeIgniter.php(449): CodeIgniter\CodeIgniter->tryToRouteIt(Object(CodeIgniter\Router\RouteCollection))
 5 SYSTEMPATH\CodeIgniter.php(368): CodeIgniter\CodeIgniter->handleRequest(null, Object(Config\Cache), false)
 6 FCPATH\index.php(67): CodeIgniter\CodeIgniter->run()
CRITICAL - 2023-05-21 13:18:39 --> The namespace delimiter is a backslash (\), not a slash (/). Route handler: "\App\Controllers\Bukubesar:kodedelete/$1"
in SYSTEMPATH\Router\Router.php on line 474.
 1 SYSTEMPATH\Router\Router.php(474): CodeIgniter\Router\Exceptions\RouterException::forInvalidControllerName('\\App\\Controllers\\Bukubesar:kodedelete/$1')
 2 SYSTEMPATH\Router\Router.php(182): CodeIgniter\Router\Router->checkRoutes('bukubesar/datamaster/akun-delete/5')
 3 SYSTEMPATH\CodeIgniter.php(815): CodeIgniter\Router\Router->handle('bukubesar/datamaster/akun-delete/5')
 4 SYSTEMPATH\CodeIgniter.php(449): CodeIgniter\CodeIgniter->tryToRouteIt(Object(CodeIgniter\Router\RouteCollection))
 5 SYSTEMPATH\CodeIgniter.php(368): CodeIgniter\CodeIgniter->handleRequest(null, Object(Config\Cache), false)
 6 FCPATH\index.php(67): CodeIgniter\CodeIgniter->run()
CRITICAL - 2023-05-21 13:18:40 --> The namespace delimiter is a backslash (\), not a slash (/). Route handler: "\App\Controllers\Bukubesar:kodedelete/$1"
in SYSTEMPATH\Router\Router.php on line 474.
 1 SYSTEMPATH\Router\Router.php(474): CodeIgniter\Router\Exceptions\RouterException::forInvalidControllerName('\\App\\Controllers\\Bukubesar:kodedelete/$1')
 2 SYSTEMPATH\Router\Router.php(182): CodeIgniter\Router\Router->checkRoutes('bukubesar/datamaster/akun-delete/5')
 3 SYSTEMPATH\CodeIgniter.php(815): CodeIgniter\Router\Router->handle('bukubesar/datamaster/akun-delete/5')
 4 SYSTEMPATH\CodeIgniter.php(449): CodeIgniter\CodeIgniter->tryToRouteIt(Object(CodeIgniter\Router\RouteCollection))
 5 SYSTEMPATH\CodeIgniter.php(368): CodeIgniter\CodeIgniter->handleRequest(null, Object(Config\Cache), false)
 6 FCPATH\index.php(67): CodeIgniter\CodeIgniter->run()
CRITICAL - 2023-05-21 13:18:40 --> The namespace delimiter is a backslash (\), not a slash (/). Route handler: "\App\Controllers\Bukubesar:kodedelete/$1"
in SYSTEMPATH\Router\Router.php on line 474.
 1 SYSTEMPATH\Router\Router.php(474): CodeIgniter\Router\Exceptions\RouterException::forInvalidControllerName('\\App\\Controllers\\Bukubesar:kodedelete/$1')
 2 SYSTEMPATH\Router\Router.php(182): CodeIgniter\Router\Router->checkRoutes('bukubesar/datamaster/akun-delete/5')
 3 SYSTEMPATH\CodeIgniter.php(815): CodeIgniter\Router\Router->handle('bukubesar/datamaster/akun-delete/5')
 4 SYSTEMPATH\CodeIgniter.php(449): CodeIgniter\CodeIgniter->tryToRouteIt(Object(CodeIgniter\Router\RouteCollection))
 5 SYSTEMPATH\CodeIgniter.php(368): CodeIgniter\CodeIgniter->handleRequest(null, Object(Config\Cache), false)
 6 FCPATH\index.php(67): CodeIgniter\CodeIgniter->run()
CRITICAL - 2023-05-21 13:18:40 --> The namespace delimiter is a backslash (\), not a slash (/). Route handler: "\App\Controllers\Bukubesar:kodedelete/$1"
in SYSTEMPATH\Router\Router.php on line 474.
 1 SYSTEMPATH\Router\Router.php(474): CodeIgniter\Router\Exceptions\RouterException::forInvalidControllerName('\\App\\Controllers\\Bukubesar:kodedelete/$1')
 2 SYSTEMPATH\Router\Router.php(182): CodeIgniter\Router\Router->checkRoutes('bukubesar/datamaster/akun-delete/5')
 3 SYSTEMPATH\CodeIgniter.php(815): CodeIgniter\Router\Router->handle('bukubesar/datamaster/akun-delete/5')
 4 SYSTEMPATH\CodeIgniter.php(449): CodeIgniter\CodeIgniter->tryToRouteIt(Object(CodeIgniter\Router\RouteCollection))
 5 SYSTEMPATH\CodeIgniter.php(368): CodeIgniter\CodeIgniter->handleRequest(null, Object(Config\Cache), false)
 6 FCPATH\index.php(67): CodeIgniter\CodeIgniter->run()
CRITICAL - 2023-05-21 13:20:05 --> The namespace delimiter is a backslash (\), not a slash (/). Route handler: "\App\Controllers\Bukubesar:kodedelete/$1"
in SYSTEMPATH\Router\Router.php on line 474.
 1 SYSTEMPATH\Router\Router.php(474): CodeIgniter\Router\Exceptions\RouterException::forInvalidControllerName('\\App\\Controllers\\Bukubesar:kodedelete/$1')
 2 SYSTEMPATH\Router\Router.php(182): CodeIgniter\Router\Router->checkRoutes('bukubesar/datamaster/akun-delete/5')
 3 SYSTEMPATH\CodeIgniter.php(815): CodeIgniter\Router\Router->handle('bukubesar/datamaster/akun-delete/5')
 4 SYSTEMPATH\CodeIgniter.php(449): CodeIgniter\CodeIgniter->tryToRouteIt(Object(CodeIgniter\Router\RouteCollection))
 5 SYSTEMPATH\CodeIgniter.php(368): CodeIgniter\CodeIgniter->handleRequest(null, Object(Config\Cache), false)
 6 FCPATH\index.php(67): CodeIgniter\CodeIgniter->run()
CRITICAL - 2023-05-21 13:20:11 --> The namespace delimiter is a backslash (\), not a slash (/). Route handler: "\App\Controllers\Bukubesar:kodedelete/$1"
in SYSTEMPATH\Router\Router.php on line 474.
 1 SYSTEMPATH\Router\Router.php(474): CodeIgniter\Router\Exceptions\RouterException::forInvalidControllerName('\\App\\Controllers\\Bukubesar:kodedelete/$1')
 2 SYSTEMPATH\Router\Router.php(182): CodeIgniter\Router\Router->checkRoutes('bukubesar/datamaster/akun-delete/5')
 3 SYSTEMPATH\CodeIgniter.php(815): CodeIgniter\Router\Router->handle('bukubesar/datamaster/akun-delete/5')
 4 SYSTEMPATH\CodeIgniter.php(449): CodeIgniter\CodeIgniter->tryToRouteIt(Object(CodeIgniter\Router\RouteCollection))
 5 SYSTEMPATH\CodeIgniter.php(368): CodeIgniter\CodeIgniter->handleRequest(null, Object(Config\Cache), false)
 6 FCPATH\index.php(67): CodeIgniter\CodeIgniter->run()
CRITICAL - 2023-05-21 13:20:14 --> The namespace delimiter is a backslash (\), not a slash (/). Route handler: "\App\Controllers\Bukubesar:kodedelete/$1"
in SYSTEMPATH\Router\Router.php on line 474.
 1 SYSTEMPATH\Router\Router.php(474): CodeIgniter\Router\Exceptions\RouterException::forInvalidControllerName('\\App\\Controllers\\Bukubesar:kodedelete/$1')
 2 SYSTEMPATH\Router\Router.php(182): CodeIgniter\Router\Router->checkRoutes('bukubesar/datamaster/akun-delete/5')
 3 SYSTEMPATH\CodeIgniter.php(815): CodeIgniter\Router\Router->handle('bukubesar/datamaster/akun-delete/5')
 4 SYSTEMPATH\CodeIgniter.php(449): CodeIgniter\CodeIgniter->tryToRouteIt(Object(CodeIgniter\Router\RouteCollection))
 5 SYSTEMPATH\CodeIgniter.php(368): CodeIgniter\CodeIgniter->handleRequest(null, Object(Config\Cache), false)
 6 FCPATH\index.php(67): CodeIgniter\CodeIgniter->run()
