CRITICAL - 2023-04-29 05:08:02 --> Call to a member function post() on null
in APPPATH\Controllers\Pembelian.php on line 23.
 1 SYSTEMPATH\CodeIgniter.php(934): App\Controllers\Pembelian->suplier_add()
 2 SYSTEMPATH\CodeIgniter.php(499): CodeIgniter\CodeIgniter->runController(Object(App\Controllers\Pembelian))
 3 SYSTEMPATH\CodeIgniter.php(368): CodeIgniter\CodeIgniter->handleRequest(null, Object(Config\Cache), false)
 4 FCPATH\index.php(67): CodeIgniter\CodeIgniter->run()
CRITICAL - 2023-04-29 05:09:39 --> Call to a member function post() on null
in APPPATH\Controllers\Pembelian.php on line 23.
 1 SYSTEMPATH\CodeIgniter.php(934): App\Controllers\Pembelian->suplier_add()
 2 SYSTEMPATH\CodeIgniter.php(499): CodeIgniter\CodeIgniter->runController(Object(App\Controllers\Pembelian))
 3 SYSTEMPATH\CodeIgniter.php(368): CodeIgniter\CodeIgniter->handleRequest(null, Object(Config\Cache), false)
 4 FCPATH\index.php(67): CodeIgniter\CodeIgniter->run()
CRITICAL - 2023-04-29 05:10:53 --> Call to a member function post() on null
in APPPATH\Controllers\Pembelian.php on line 23.
 1 SYSTEMPATH\CodeIgniter.php(934): App\Controllers\Pembelian->suplier_add()
 2 SYSTEMPATH\CodeIgniter.php(499): CodeIgniter\CodeIgniter->runController(Object(App\Controllers\Pembelian))
 3 SYSTEMPATH\CodeIgniter.php(368): CodeIgniter\CodeIgniter->handleRequest(null, Object(Config\Cache), false)
 4 FCPATH\index.php(67): CodeIgniter\CodeIgniter->run()
CRITICAL - 2023-04-29 05:11:12 --> Call to a member function post() on null
in APPPATH\Controllers\Pembelian.php on line 23.
 1 SYSTEMPATH\CodeIgniter.php(934): App\Controllers\Pembelian->suplier_add()
 2 SYSTEMPATH\CodeIgniter.php(499): CodeIgniter\CodeIgniter->runController(Object(App\Controllers\Pembelian))
 3 SYSTEMPATH\CodeIgniter.php(368): CodeIgniter\CodeIgniter->handleRequest(null, Object(Config\Cache), false)
 4 FCPATH\index.php(67): CodeIgniter\CodeIgniter->run()
CRITICAL - 2023-04-29 05:12:53 --> Call to a member function post() on null
in APPPATH\Controllers\Pembelian.php on line 23.
 1 SYSTEMPATH\CodeIgniter.php(934): App\Controllers\Pembelian->suplier_add()
 2 SYSTEMPATH\CodeIgniter.php(499): CodeIgniter\CodeIgniter->runController(Object(App\Controllers\Pembelian))
 3 SYSTEMPATH\CodeIgniter.php(368): CodeIgniter\CodeIgniter->handleRequest(null, Object(Config\Cache), false)
 4 FCPATH\index.php(67): CodeIgniter\CodeIgniter->run()
CRITICAL - 2023-04-29 05:13:55 --> Call to a member function post() on null
in APPPATH\Controllers\Pembelian.php on line 23.
 1 SYSTEMPATH\CodeIgniter.php(934): App\Controllers\Pembelian->suplier_add()
 2 SYSTEMPATH\CodeIgniter.php(499): CodeIgniter\CodeIgniter->runController(Object(App\Controllers\Pembelian))
 3 SYSTEMPATH\CodeIgniter.php(368): CodeIgniter\CodeIgniter->handleRequest(null, Object(Config\Cache), false)
 4 FCPATH\index.php(67): CodeIgniter\CodeIgniter->run()
CRITICAL - 2023-04-29 05:14:16 --> Call to a member function post() on null
in APPPATH\Controllers\Pembelian.php on line 23.
 1 SYSTEMPATH\CodeIgniter.php(934): App\Controllers\Pembelian->suplier_add()
 2 SYSTEMPATH\CodeIgniter.php(499): CodeIgniter\CodeIgniter->runController(Object(App\Controllers\Pembelian))
 3 SYSTEMPATH\CodeIgniter.php(368): CodeIgniter\CodeIgniter->handleRequest(null, Object(Config\Cache), false)
 4 FCPATH\index.php(67): CodeIgniter\CodeIgniter->run()
CRITICAL - 2023-04-29 05:15:10 --> Call to a member function post() on null
in APPPATH\Controllers\Pembelian.php on line 23.
 1 SYSTEMPATH\CodeIgniter.php(934): App\Controllers\Pembelian->suplier_add()
 2 SYSTEMPATH\CodeIgniter.php(499): CodeIgniter\CodeIgniter->runController(Object(App\Controllers\Pembelian))
 3 SYSTEMPATH\CodeIgniter.php(368): CodeIgniter\CodeIgniter->handleRequest(null, Object(Config\Cache), false)
 4 FCPATH\index.php(67): CodeIgniter\CodeIgniter->run()
CRITICAL - 2023-04-29 05:25:02 --> The namespace delimiter is a backslash (\), not a slash (/). Route handler: "\App\Controllers\Pembelian/submit"
in SYSTEMPATH\Router\Router.php on line 474.
 1 SYSTEMPATH\Router\Router.php(474): CodeIgniter\Router\Exceptions\RouterException::forInvalidControllerName('\\App\\Controllers\\Pembelian/submit')
 2 SYSTEMPATH\Router\Router.php(182): CodeIgniter\Router\Router->checkRoutes('submit')
 3 SYSTEMPATH\CodeIgniter.php(815): CodeIgniter\Router\Router->handle('submit')
 4 SYSTEMPATH\CodeIgniter.php(449): CodeIgniter\CodeIgniter->tryToRouteIt(Object(CodeIgniter\Router\RouteCollection))
 5 SYSTEMPATH\CodeIgniter.php(368): CodeIgniter\CodeIgniter->handleRequest(null, Object(Config\Cache), false)
 6 FCPATH\index.php(67): CodeIgniter\CodeIgniter->run()
CRITICAL - 2023-04-29 06:06:15 --> Call to a member function get() on null
in APPPATH\Controllers\Pembelian.php on line 25.
 1 SYSTEMPATH\CodeIgniter.php(934): App\Controllers\Pembelian->suplier_add()
 2 SYSTEMPATH\CodeIgniter.php(499): CodeIgniter\CodeIgniter->runController(Object(App\Controllers\Pembelian))
 3 SYSTEMPATH\CodeIgniter.php(368): CodeIgniter\CodeIgniter->handleRequest(null, Object(Config\Cache), false)
 4 FCPATH\index.php(67): CodeIgniter\CodeIgniter->run()
ERROR - 2023-04-29 06:20:46 --> Error connecting to the database: mysqli_sql_exception: Access denied for user 'indo_db'@'localhost' (using password: YES) in D:\wamp64\www\indo\vendor\codeigniter4\framework\system\Database\MySQLi\Connection.php:174
Stack trace:
#0 D:\wamp64\www\indo\vendor\codeigniter4\framework\system\Database\MySQLi\Connection.php(174): mysqli->real_connect('localhost', 'indo_db', 'YVqxP5qOA8VaNeJ...', 'indo_db', 3306, '', 0)
#1 D:\wamp64\www\indo\vendor\codeigniter4\framework\system\Database\BaseConnection.php(391): CodeIgniter\Database\MySQLi\Connection->connect(false)
#2 D:\wamp64\www\indo\vendor\codeigniter4\framework\system\Database\BaseConnection.php(573): CodeIgniter\Database\BaseConnection->initialize()
#3 D:\wamp64\www\indo\app\Controllers\Pembelian.php(26): CodeIgniter\Database\BaseConnection->query('select * from s...')
#4 D:\wamp64\www\indo\vendor\codeigniter4\framework\system\CodeIgniter.php(934): App\Controllers\Pembelian->suplier_add()
#5 D:\wamp64\www\indo\vendor\codeigniter4\framework\system\CodeIgniter.php(499): CodeIgniter\CodeIgniter->runController(Object(App\Controllers\Pembelian))
#6 D:\wamp64\www\indo\vendor\codeigniter4\framework\system\CodeIgniter.php(368): CodeIgniter\CodeIgniter->handleRequest(NULL, Object(Config\Cache), false)
#7 D:\wamp64\www\indo\index.php(67): CodeIgniter\CodeIgniter->run()
#8 {main}

Next CodeIgniter\Database\Exceptions\DatabaseException: Access denied for user '****'@'localhost' (using password: YES) in D:\wamp64\www\indo\vendor\codeigniter4\framework\system\Database\MySQLi\Connection.php:218
Stack trace:
#0 D:\wamp64\www\indo\vendor\codeigniter4\framework\system\Database\BaseConnection.php(391): CodeIgniter\Database\MySQLi\Connection->connect(false)
#1 D:\wamp64\www\indo\vendor\codeigniter4\framework\system\Database\BaseConnection.php(573): CodeIgniter\Database\BaseConnection->initialize()
#2 D:\wamp64\www\indo\app\Controllers\Pembelian.php(26): CodeIgniter\Database\BaseConnection->query('select * from s...')
#3 D:\wamp64\www\indo\vendor\codeigniter4\framework\system\CodeIgniter.php(934): App\Controllers\Pembelian->suplier_add()
#4 D:\wamp64\www\indo\vendor\codeigniter4\framework\system\CodeIgniter.php(499): CodeIgniter\CodeIgniter->runController(Object(App\Controllers\Pembelian))
#5 D:\wamp64\www\indo\vendor\codeigniter4\framework\system\CodeIgniter.php(368): CodeIgniter\CodeIgniter->handleRequest(NULL, Object(Config\Cache), false)
#6 D:\wamp64\www\indo\index.php(67): CodeIgniter\CodeIgniter->run()
#7 {main}
CRITICAL - 2023-04-29 06:20:46 --> Unable to connect to the database.
Main connection [MySQLi]: Access denied for user '****'@'localhost' (using password: YES)
in SYSTEMPATH\Database\BaseConnection.php on line 427.
 1 SYSTEMPATH\Database\BaseConnection.php(573): CodeIgniter\Database\BaseConnection->initialize()
 2 APPPATH\Controllers\Pembelian.php(26): CodeIgniter\Database\BaseConnection->query('select * from suplier')
 3 SYSTEMPATH\CodeIgniter.php(934): App\Controllers\Pembelian->suplier_add()
 4 SYSTEMPATH\CodeIgniter.php(499): CodeIgniter\CodeIgniter->runController(Object(App\Controllers\Pembelian))
 5 SYSTEMPATH\CodeIgniter.php(368): CodeIgniter\CodeIgniter->handleRequest(null, Object(Config\Cache), false)
 6 FCPATH\index.php(67): CodeIgniter\CodeIgniter->run()
ERROR - 2023-04-29 06:21:04 --> Error connecting to the database: mysqli_sql_exception: Access denied for user 'indo_db'@'localhost' (using password: YES) in D:\wamp64\www\indo\vendor\codeigniter4\framework\system\Database\MySQLi\Connection.php:174
Stack trace:
#0 D:\wamp64\www\indo\vendor\codeigniter4\framework\system\Database\MySQLi\Connection.php(174): mysqli->real_connect('localhost', 'indo_db', 'YVqxP5qOA8VaNeJ...', 'indo_db', 3306, '', 0)
#1 D:\wamp64\www\indo\vendor\codeigniter4\framework\system\Database\BaseConnection.php(391): CodeIgniter\Database\MySQLi\Connection->connect(false)
#2 D:\wamp64\www\indo\vendor\codeigniter4\framework\system\Database\BaseConnection.php(573): CodeIgniter\Database\BaseConnection->initialize()
#3 D:\wamp64\www\indo\app\Controllers\Pembelian.php(26): CodeIgniter\Database\BaseConnection->query('select * from s...')
#4 D:\wamp64\www\indo\vendor\codeigniter4\framework\system\CodeIgniter.php(934): App\Controllers\Pembelian->suplier_add()
#5 D:\wamp64\www\indo\vendor\codeigniter4\framework\system\CodeIgniter.php(499): CodeIgniter\CodeIgniter->runController(Object(App\Controllers\Pembelian))
#6 D:\wamp64\www\indo\vendor\codeigniter4\framework\system\CodeIgniter.php(368): CodeIgniter\CodeIgniter->handleRequest(NULL, Object(Config\Cache), false)
#7 D:\wamp64\www\indo\index.php(67): CodeIgniter\CodeIgniter->run()
#8 {main}

Next CodeIgniter\Database\Exceptions\DatabaseException: Access denied for user '****'@'localhost' (using password: YES) in D:\wamp64\www\indo\vendor\codeigniter4\framework\system\Database\MySQLi\Connection.php:218
Stack trace:
#0 D:\wamp64\www\indo\vendor\codeigniter4\framework\system\Database\BaseConnection.php(391): CodeIgniter\Database\MySQLi\Connection->connect(false)
#1 D:\wamp64\www\indo\vendor\codeigniter4\framework\system\Database\BaseConnection.php(573): CodeIgniter\Database\BaseConnection->initialize()
#2 D:\wamp64\www\indo\app\Controllers\Pembelian.php(26): CodeIgniter\Database\BaseConnection->query('select * from s...')
#3 D:\wamp64\www\indo\vendor\codeigniter4\framework\system\CodeIgniter.php(934): App\Controllers\Pembelian->suplier_add()
#4 D:\wamp64\www\indo\vendor\codeigniter4\framework\system\CodeIgniter.php(499): CodeIgniter\CodeIgniter->runController(Object(App\Controllers\Pembelian))
#5 D:\wamp64\www\indo\vendor\codeigniter4\framework\system\CodeIgniter.php(368): CodeIgniter\CodeIgniter->handleRequest(NULL, Object(Config\Cache), false)
#6 D:\wamp64\www\indo\index.php(67): CodeIgniter\CodeIgniter->run()
#7 {main}
CRITICAL - 2023-04-29 06:21:04 --> Unable to connect to the database.
Main connection [MySQLi]: Access denied for user '****'@'localhost' (using password: YES)
in SYSTEMPATH\Database\BaseConnection.php on line 427.
 1 SYSTEMPATH\Database\BaseConnection.php(573): CodeIgniter\Database\BaseConnection->initialize()
 2 APPPATH\Controllers\Pembelian.php(26): CodeIgniter\Database\BaseConnection->query('select * from suplier')
 3 SYSTEMPATH\CodeIgniter.php(934): App\Controllers\Pembelian->suplier_add()
 4 SYSTEMPATH\CodeIgniter.php(499): CodeIgniter\CodeIgniter->runController(Object(App\Controllers\Pembelian))
 5 SYSTEMPATH\CodeIgniter.php(368): CodeIgniter\CodeIgniter->handleRequest(null, Object(Config\Cache), false)
 6 FCPATH\index.php(67): CodeIgniter\CodeIgniter->run()
CRITICAL - 2023-04-29 06:24:19 --> Call to a member function library() on null
in APPPATH\Controllers\Pembelian.php on line 25.
 1 SYSTEMPATH\CodeIgniter.php(934): App\Controllers\Pembelian->suplier_add()
 2 SYSTEMPATH\CodeIgniter.php(499): CodeIgniter\CodeIgniter->runController(Object(App\Controllers\Pembelian))
 3 SYSTEMPATH\CodeIgniter.php(368): CodeIgniter\CodeIgniter->handleRequest(null, Object(Config\Cache), false)
 4 FCPATH\index.php(67): CodeIgniter\CodeIgniter->run()
CRITICAL - 2023-04-29 06:24:42 --> Call to a member function library() on null
in APPPATH\Controllers\Pembelian.php on line 25.
 1 SYSTEMPATH\CodeIgniter.php(934): App\Controllers\Pembelian->suplier_add()
 2 SYSTEMPATH\CodeIgniter.php(499): CodeIgniter\CodeIgniter->runController(Object(App\Controllers\Pembelian))
 3 SYSTEMPATH\CodeIgniter.php(368): CodeIgniter\CodeIgniter->handleRequest(null, Object(Config\Cache), false)
 4 FCPATH\index.php(67): CodeIgniter\CodeIgniter->run()
CRITICAL - 2023-04-29 06:29:35 --> Call to a member function library() on null
in APPPATH\Controllers\Pembelian.php on line 25.
 1 SYSTEMPATH\CodeIgniter.php(934): App\Controllers\Pembelian->suplier_add()
 2 SYSTEMPATH\CodeIgniter.php(499): CodeIgniter\CodeIgniter->runController(Object(App\Controllers\Pembelian))
 3 SYSTEMPATH\CodeIgniter.php(368): CodeIgniter\CodeIgniter->handleRequest(null, Object(Config\Cache), false)
 4 FCPATH\index.php(67): CodeIgniter\CodeIgniter->run()
CRITICAL - 2023-04-29 06:30:00 --> Call to a member function library() on null
in APPPATH\Controllers\Pembelian.php on line 25.
 1 SYSTEMPATH\CodeIgniter.php(934): App\Controllers\Pembelian->suplier_add()
 2 SYSTEMPATH\CodeIgniter.php(499): CodeIgniter\CodeIgniter->runController(Object(App\Controllers\Pembelian))
 3 SYSTEMPATH\CodeIgniter.php(368): CodeIgniter\CodeIgniter->handleRequest(null, Object(Config\Cache), false)
 4 FCPATH\index.php(67): CodeIgniter\CodeIgniter->run()
CRITICAL - 2023-04-29 06:30:36 --> Call to a member function library() on null
in APPPATH\Views\admin\pembelian\suplier.php on line 58.
 1 SYSTEMPATH\View\View.php(213): include()
 2 SYSTEMPATH\View\View.php(216): CodeIgniter\View\View->CodeIgniter\View\{closure}()
 3 SYSTEMPATH\Common.php(1184): CodeIgniter\View\View->render('admin/pembelian/suplier', [], true)
 4 APPPATH\Views\layout\layout.php(45): view('admin/pembelian/suplier')
 5 SYSTEMPATH\View\View.php(213): include('D:\\wamp64\\www\\indo\\app\\Views\\layout\\layout.php')
 6 SYSTEMPATH\View\View.php(216): CodeIgniter\View\View->CodeIgniter\View\{closure}()
 7 SYSTEMPATH\Common.php(1184): CodeIgniter\View\View->render('layout/layout', [], true)
 8 APPPATH\Controllers\Pembelian.php(20): view('layout/layout', [...])
 9 SYSTEMPATH\CodeIgniter.php(934): App\Controllers\Pembelian->suplier()
10 SYSTEMPATH\CodeIgniter.php(499): CodeIgniter\CodeIgniter->runController(Object(App\Controllers\Pembelian))
11 SYSTEMPATH\CodeIgniter.php(368): CodeIgniter\CodeIgniter->handleRequest(null, Object(Config\Cache), false)
12 FCPATH\index.php(67): CodeIgniter\CodeIgniter->run()
CRITICAL - 2023-04-29 06:30:50 --> Call to a member function query() on null
in APPPATH\Views\admin\pembelian\suplier.php on line 59.
 1 SYSTEMPATH\View\View.php(213): include()
 2 SYSTEMPATH\View\View.php(216): CodeIgniter\View\View->CodeIgniter\View\{closure}()
 3 SYSTEMPATH\Common.php(1184): CodeIgniter\View\View->render('admin/pembelian/suplier', [], true)
 4 APPPATH\Views\layout\layout.php(45): view('admin/pembelian/suplier')
 5 SYSTEMPATH\View\View.php(213): include('D:\\wamp64\\www\\indo\\app\\Views\\layout\\layout.php')
 6 SYSTEMPATH\View\View.php(216): CodeIgniter\View\View->CodeIgniter\View\{closure}()
 7 SYSTEMPATH\Common.php(1184): CodeIgniter\View\View->render('layout/layout', [], true)
 8 APPPATH\Controllers\Pembelian.php(20): view('layout/layout', [...])
 9 SYSTEMPATH\CodeIgniter.php(934): App\Controllers\Pembelian->suplier()
10 SYSTEMPATH\CodeIgniter.php(499): CodeIgniter\CodeIgniter->runController(Object(App\Controllers\Pembelian))
11 SYSTEMPATH\CodeIgniter.php(368): CodeIgniter\CodeIgniter->handleRequest(null, Object(Config\Cache), false)
12 FCPATH\index.php(67): CodeIgniter\CodeIgniter->run()
CRITICAL - 2023-04-29 06:30:51 --> Call to a member function query() on null
in APPPATH\Views\admin\pembelian\suplier.php on line 59.
 1 SYSTEMPATH\View\View.php(213): include()
 2 SYSTEMPATH\View\View.php(216): CodeIgniter\View\View->CodeIgniter\View\{closure}()
 3 SYSTEMPATH\Common.php(1184): CodeIgniter\View\View->render('admin/pembelian/suplier', [], true)
 4 APPPATH\Views\layout\layout.php(45): view('admin/pembelian/suplier')
 5 SYSTEMPATH\View\View.php(213): include('D:\\wamp64\\www\\indo\\app\\Views\\layout\\layout.php')
 6 SYSTEMPATH\View\View.php(216): CodeIgniter\View\View->CodeIgniter\View\{closure}()
 7 SYSTEMPATH\Common.php(1184): CodeIgniter\View\View->render('layout/layout', [], true)
 8 APPPATH\Controllers\Pembelian.php(20): view('layout/layout', [...])
 9 SYSTEMPATH\CodeIgniter.php(934): App\Controllers\Pembelian->suplier()
10 SYSTEMPATH\CodeIgniter.php(499): CodeIgniter\CodeIgniter->runController(Object(App\Controllers\Pembelian))
11 SYSTEMPATH\CodeIgniter.php(368): CodeIgniter\CodeIgniter->handleRequest(null, Object(Config\Cache), false)
12 FCPATH\index.php(67): CodeIgniter\CodeIgniter->run()
CRITICAL - 2023-04-29 06:30:57 --> Call to a member function query() on null
in APPPATH\Views\admin\pembelian\suplier.php on line 59.
 1 SYSTEMPATH\View\View.php(213): include()
 2 SYSTEMPATH\View\View.php(216): CodeIgniter\View\View->CodeIgniter\View\{closure}()
 3 SYSTEMPATH\Common.php(1184): CodeIgniter\View\View->render('admin/pembelian/suplier', [], true)
 4 APPPATH\Views\layout\layout.php(45): view('admin/pembelian/suplier')
 5 SYSTEMPATH\View\View.php(213): include('D:\\wamp64\\www\\indo\\app\\Views\\layout\\layout.php')
 6 SYSTEMPATH\View\View.php(216): CodeIgniter\View\View->CodeIgniter\View\{closure}()
 7 SYSTEMPATH\Common.php(1184): CodeIgniter\View\View->render('layout/layout', [], true)
 8 APPPATH\Controllers\Pembelian.php(20): view('layout/layout', [...])
 9 SYSTEMPATH\CodeIgniter.php(934): App\Controllers\Pembelian->suplier()
10 SYSTEMPATH\CodeIgniter.php(499): CodeIgniter\CodeIgniter->runController(Object(App\Controllers\Pembelian))
11 SYSTEMPATH\CodeIgniter.php(368): CodeIgniter\CodeIgniter->handleRequest(null, Object(Config\Cache), false)
12 FCPATH\index.php(67): CodeIgniter\CodeIgniter->run()
CRITICAL - 2023-04-29 06:30:58 --> Call to a member function query() on null
in APPPATH\Views\admin\pembelian\suplier.php on line 59.
 1 SYSTEMPATH\View\View.php(213): include()
 2 SYSTEMPATH\View\View.php(216): CodeIgniter\View\View->CodeIgniter\View\{closure}()
 3 SYSTEMPATH\Common.php(1184): CodeIgniter\View\View->render('admin/pembelian/suplier', [], true)
 4 APPPATH\Views\layout\layout.php(45): view('admin/pembelian/suplier')
 5 SYSTEMPATH\View\View.php(213): include('D:\\wamp64\\www\\indo\\app\\Views\\layout\\layout.php')
 6 SYSTEMPATH\View\View.php(216): CodeIgniter\View\View->CodeIgniter\View\{closure}()
 7 SYSTEMPATH\Common.php(1184): CodeIgniter\View\View->render('layout/layout', [], true)
 8 APPPATH\Controllers\Pembelian.php(20): view('layout/layout', [...])
 9 SYSTEMPATH\CodeIgniter.php(934): App\Controllers\Pembelian->suplier()
10 SYSTEMPATH\CodeIgniter.php(499): CodeIgniter\CodeIgniter->runController(Object(App\Controllers\Pembelian))
11 SYSTEMPATH\CodeIgniter.php(368): CodeIgniter\CodeIgniter->handleRequest(null, Object(Config\Cache), false)
12 FCPATH\index.php(67): CodeIgniter\CodeIgniter->run()
CRITICAL - 2023-04-29 06:33:31 --> Call to undefined method CodeIgniter\Database\MySQLi\Connection::get()
in APPPATH\Views\admin\pembelian\suplier.php on line 58.
 1 SYSTEMPATH\View\View.php(213): include()
 2 SYSTEMPATH\View\View.php(216): CodeIgniter\View\View->CodeIgniter\View\{closure}()
 3 SYSTEMPATH\Common.php(1184): CodeIgniter\View\View->render('admin/pembelian/suplier', [], true)
 4 APPPATH\Views\layout\layout.php(45): view('admin/pembelian/suplier')
 5 SYSTEMPATH\View\View.php(213): include('D:\\wamp64\\www\\indo\\app\\Views\\layout\\layout.php')
 6 SYSTEMPATH\View\View.php(216): CodeIgniter\View\View->CodeIgniter\View\{closure}()
 7 SYSTEMPATH\Common.php(1184): CodeIgniter\View\View->render('layout/layout', [], true)
 8 APPPATH\Controllers\Pembelian.php(20): view('layout/layout', [...])
 9 SYSTEMPATH\CodeIgniter.php(934): App\Controllers\Pembelian->suplier()
10 SYSTEMPATH\CodeIgniter.php(499): CodeIgniter\CodeIgniter->runController(Object(App\Controllers\Pembelian))
11 SYSTEMPATH\CodeIgniter.php(368): CodeIgniter\CodeIgniter->handleRequest(null, Object(Config\Cache), false)
12 FCPATH\index.php(67): CodeIgniter\CodeIgniter->run()
CRITICAL - 2023-04-29 06:39:12 --> Too few arguments to function App\Controllers\Pembelian::__construct(), 0 passed in D:\wamp64\www\indo\vendor\codeigniter4\framework\system\CodeIgniter.php on line 906 and exactly 1 expected
in APPPATH\Controllers\Pembelian.php on line 11.
 1 SYSTEMPATH\CodeIgniter.php(906): App\Controllers\Pembelian->__construct()
 2 SYSTEMPATH\CodeIgniter.php(490): CodeIgniter\CodeIgniter->createController()
 3 SYSTEMPATH\CodeIgniter.php(368): CodeIgniter\CodeIgniter->handleRequest(null, Object(Config\Cache), false)
 4 FCPATH\index.php(67): CodeIgniter\CodeIgniter->run()
CRITICAL - 2023-04-29 06:39:14 --> Too few arguments to function App\Controllers\Pembelian::__construct(), 0 passed in D:\wamp64\www\indo\vendor\codeigniter4\framework\system\CodeIgniter.php on line 906 and exactly 1 expected
in APPPATH\Controllers\Pembelian.php on line 11.
 1 SYSTEMPATH\CodeIgniter.php(906): App\Controllers\Pembelian->__construct()
 2 SYSTEMPATH\CodeIgniter.php(490): CodeIgniter\CodeIgniter->createController()
 3 SYSTEMPATH\CodeIgniter.php(368): CodeIgniter\CodeIgniter->handleRequest(null, Object(Config\Cache), false)
 4 FCPATH\index.php(67): CodeIgniter\CodeIgniter->run()
CRITICAL - 2023-04-29 06:39:15 --> Too few arguments to function App\Controllers\Pembelian::__construct(), 0 passed in D:\wamp64\www\indo\vendor\codeigniter4\framework\system\CodeIgniter.php on line 906 and exactly 1 expected
in APPPATH\Controllers\Pembelian.php on line 11.
 1 SYSTEMPATH\CodeIgniter.php(906): App\Controllers\Pembelian->__construct()
 2 SYSTEMPATH\CodeIgniter.php(490): CodeIgniter\CodeIgniter->createController()
 3 SYSTEMPATH\CodeIgniter.php(368): CodeIgniter\CodeIgniter->handleRequest(null, Object(Config\Cache), false)
 4 FCPATH\index.php(67): CodeIgniter\CodeIgniter->run()
CRITICAL - 2023-04-29 06:39:18 --> Too few arguments to function App\Controllers\Pembelian::__construct(), 0 passed in D:\wamp64\www\indo\vendor\codeigniter4\framework\system\CodeIgniter.php on line 906 and exactly 1 expected
in APPPATH\Controllers\Pembelian.php on line 11.
 1 SYSTEMPATH\CodeIgniter.php(906): App\Controllers\Pembelian->__construct()
 2 SYSTEMPATH\CodeIgniter.php(490): CodeIgniter\CodeIgniter->createController()
 3 SYSTEMPATH\CodeIgniter.php(368): CodeIgniter\CodeIgniter->handleRequest(null, Object(Config\Cache), false)
 4 FCPATH\index.php(67): CodeIgniter\CodeIgniter->run()
CRITICAL - 2023-04-29 06:39:19 --> Too few arguments to function App\Controllers\Pembelian::__construct(), 0 passed in D:\wamp64\www\indo\vendor\codeigniter4\framework\system\CodeIgniter.php on line 906 and exactly 1 expected
in APPPATH\Controllers\Pembelian.php on line 11.
 1 SYSTEMPATH\CodeIgniter.php(906): App\Controllers\Pembelian->__construct()
 2 SYSTEMPATH\CodeIgniter.php(490): CodeIgniter\CodeIgniter->createController()
 3 SYSTEMPATH\CodeIgniter.php(368): CodeIgniter\CodeIgniter->handleRequest(null, Object(Config\Cache), false)
 4 FCPATH\index.php(67): CodeIgniter\CodeIgniter->run()
CRITICAL - 2023-04-29 06:39:20 --> Too few arguments to function App\Controllers\Pembelian::__construct(), 0 passed in D:\wamp64\www\indo\vendor\codeigniter4\framework\system\CodeIgniter.php on line 906 and exactly 1 expected
in APPPATH\Controllers\Pembelian.php on line 11.
 1 SYSTEMPATH\CodeIgniter.php(906): App\Controllers\Pembelian->__construct()
 2 SYSTEMPATH\CodeIgniter.php(490): CodeIgniter\CodeIgniter->createController()
 3 SYSTEMPATH\CodeIgniter.php(368): CodeIgniter\CodeIgniter->handleRequest(null, Object(Config\Cache), false)
 4 FCPATH\index.php(67): CodeIgniter\CodeIgniter->run()
CRITICAL - 2023-04-29 06:39:27 --> Too few arguments to function App\Controllers\Pembelian::__construct(), 0 passed in D:\wamp64\www\indo\vendor\codeigniter4\framework\system\CodeIgniter.php on line 906 and exactly 1 expected
in APPPATH\Controllers\Pembelian.php on line 11.
 1 SYSTEMPATH\CodeIgniter.php(906): App\Controllers\Pembelian->__construct()
 2 SYSTEMPATH\CodeIgniter.php(490): CodeIgniter\CodeIgniter->createController()
 3 SYSTEMPATH\CodeIgniter.php(368): CodeIgniter\CodeIgniter->handleRequest(null, Object(Config\Cache), false)
 4 FCPATH\index.php(67): CodeIgniter\CodeIgniter->run()
CRITICAL - 2023-04-29 06:39:48 --> Too few arguments to function App\Controllers\Pembelian::__construct(), 0 passed in D:\wamp64\www\indo\vendor\codeigniter4\framework\system\CodeIgniter.php on line 906 and exactly 1 expected
in APPPATH\Controllers\Pembelian.php on line 11.
 1 SYSTEMPATH\CodeIgniter.php(906): App\Controllers\Pembelian->__construct()
 2 SYSTEMPATH\CodeIgniter.php(490): CodeIgniter\CodeIgniter->createController()
 3 SYSTEMPATH\CodeIgniter.php(368): CodeIgniter\CodeIgniter->handleRequest(null, Object(Config\Cache), false)
 4 FCPATH\index.php(67): CodeIgniter\CodeIgniter->run()
CRITICAL - 2023-04-29 06:39:57 --> Too few arguments to function App\Controllers\Pembelian::__construct(), 0 passed in D:\wamp64\www\indo\vendor\codeigniter4\framework\system\CodeIgniter.php on line 906 and exactly 1 expected
in APPPATH\Controllers\Pembelian.php on line 11.
 1 SYSTEMPATH\CodeIgniter.php(906): App\Controllers\Pembelian->__construct()
 2 SYSTEMPATH\CodeIgniter.php(490): CodeIgniter\CodeIgniter->createController()
 3 SYSTEMPATH\CodeIgniter.php(368): CodeIgniter\CodeIgniter->handleRequest(null, Object(Config\Cache), false)
 4 FCPATH\index.php(67): CodeIgniter\CodeIgniter->run()
CRITICAL - 2023-04-29 06:46:28 --> syntax error, unexpected '''' (T_CONSTANT_ENCAPSED_STRING), expecting ']'
in APPPATH\Controllers\Pembelian.php on line 30.
 1 SYSTEMPATH\Autoloader\Autoloader.php(289): CodeIgniter\Autoloader\Autoloader->includeFile('D:\\wamp64\\www\\indo\\app\\Controllers\\Pembelian.php')
 2 SYSTEMPATH\Autoloader\Autoloader.php(267): CodeIgniter\Autoloader\Autoloader->loadInNamespace('App\\Controllers\\Pembelian')
 3 [internal function]: CodeIgniter\Autoloader\Autoloader->loadClass('App\\Controllers\\Pembelian')
 4 [internal function]: spl_autoload_call('App\\Controllers\\Pembelian')
 5 SYSTEMPATH\CodeIgniter.php(892): class_exists('\\App\\Controllers\\Pembelian', true)
 6 SYSTEMPATH\CodeIgniter.php(486): CodeIgniter\CodeIgniter->startController()
 7 SYSTEMPATH\CodeIgniter.php(368): CodeIgniter\CodeIgniter->handleRequest(null, Object(Config\Cache), false)
 8 FCPATH\index.php(67): CodeIgniter\CodeIgniter->run()
CRITICAL - 2023-04-29 06:46:34 --> syntax error, unexpected '''' (T_CONSTANT_ENCAPSED_STRING), expecting ']'
in APPPATH\Controllers\Pembelian.php on line 30.
 1 SYSTEMPATH\Autoloader\Autoloader.php(289): CodeIgniter\Autoloader\Autoloader->includeFile('D:\\wamp64\\www\\indo\\app\\Controllers\\Pembelian.php')
 2 SYSTEMPATH\Autoloader\Autoloader.php(267): CodeIgniter\Autoloader\Autoloader->loadInNamespace('App\\Controllers\\Pembelian')
 3 [internal function]: CodeIgniter\Autoloader\Autoloader->loadClass('App\\Controllers\\Pembelian')
 4 [internal function]: spl_autoload_call('App\\Controllers\\Pembelian')
 5 SYSTEMPATH\CodeIgniter.php(892): class_exists('\\App\\Controllers\\Pembelian', true)
 6 SYSTEMPATH\CodeIgniter.php(486): CodeIgniter\CodeIgniter->startController()
 7 SYSTEMPATH\CodeIgniter.php(368): CodeIgniter\CodeIgniter->handleRequest(null, Object(Config\Cache), false)
 8 FCPATH\index.php(67): CodeIgniter\CodeIgniter->run()
CRITICAL - 2023-04-29 07:00:53 --> syntax error, unexpected '}'
in APPPATH\Controllers\Pembelian.php on line 54.
 1 SYSTEMPATH\Autoloader\Autoloader.php(289): CodeIgniter\Autoloader\Autoloader->includeFile('D:\\wamp64\\www\\indo\\app\\Controllers\\Pembelian.php')
 2 SYSTEMPATH\Autoloader\Autoloader.php(267): CodeIgniter\Autoloader\Autoloader->loadInNamespace('App\\Controllers\\Pembelian')
 3 [internal function]: CodeIgniter\Autoloader\Autoloader->loadClass('App\\Controllers\\Pembelian')
 4 [internal function]: spl_autoload_call('App\\Controllers\\Pembelian')
 5 SYSTEMPATH\CodeIgniter.php(892): class_exists('\\App\\Controllers\\Pembelian', true)
 6 SYSTEMPATH\CodeIgniter.php(486): CodeIgniter\CodeIgniter->startController()
 7 SYSTEMPATH\CodeIgniter.php(368): CodeIgniter\CodeIgniter->handleRequest(null, Object(Config\Cache), false)
 8 FCPATH\index.php(67): CodeIgniter\CodeIgniter->run()
CRITICAL - 2023-04-29 07:02:13 --> syntax error, unexpected '}'
in APPPATH\Controllers\Pembelian.php on line 54.
 1 SYSTEMPATH\Autoloader\Autoloader.php(289): CodeIgniter\Autoloader\Autoloader->includeFile('D:\\wamp64\\www\\indo\\app\\Controllers\\Pembelian.php')
 2 SYSTEMPATH\Autoloader\Autoloader.php(267): CodeIgniter\Autoloader\Autoloader->loadInNamespace('App\\Controllers\\Pembelian')
 3 [internal function]: CodeIgniter\Autoloader\Autoloader->loadClass('App\\Controllers\\Pembelian')
 4 [internal function]: spl_autoload_call('App\\Controllers\\Pembelian')
 5 SYSTEMPATH\CodeIgniter.php(892): class_exists('\\App\\Controllers\\Pembelian', true)
 6 SYSTEMPATH\CodeIgniter.php(486): CodeIgniter\CodeIgniter->startController()
 7 SYSTEMPATH\CodeIgniter.php(368): CodeIgniter\CodeIgniter->handleRequest(null, Object(Config\Cache), false)
 8 FCPATH\index.php(67): CodeIgniter\CodeIgniter->run()
CRITICAL - 2023-04-29 07:02:53 --> syntax error, unexpected '}'
in APPPATH\Controllers\Pembelian.php on line 54.
 1 SYSTEMPATH\Autoloader\Autoloader.php(289): CodeIgniter\Autoloader\Autoloader->includeFile('D:\\wamp64\\www\\indo\\app\\Controllers\\Pembelian.php')
 2 SYSTEMPATH\Autoloader\Autoloader.php(267): CodeIgniter\Autoloader\Autoloader->loadInNamespace('App\\Controllers\\Pembelian')
 3 [internal function]: CodeIgniter\Autoloader\Autoloader->loadClass('App\\Controllers\\Pembelian')
 4 [internal function]: spl_autoload_call('App\\Controllers\\Pembelian')
 5 SYSTEMPATH\CodeIgniter.php(892): class_exists('\\App\\Controllers\\Pembelian', true)
 6 SYSTEMPATH\CodeIgniter.php(486): CodeIgniter\CodeIgniter->startController()
 7 SYSTEMPATH\CodeIgniter.php(368): CodeIgniter\CodeIgniter->handleRequest(null, Object(Config\Cache), false)
 8 FCPATH\index.php(67): CodeIgniter\CodeIgniter->run()
CRITICAL - 2023-04-29 07:02:55 --> syntax error, unexpected '}'
in APPPATH\Controllers\Pembelian.php on line 54.
 1 SYSTEMPATH\Autoloader\Autoloader.php(289): CodeIgniter\Autoloader\Autoloader->includeFile('D:\\wamp64\\www\\indo\\app\\Controllers\\Pembelian.php')
 2 SYSTEMPATH\Autoloader\Autoloader.php(267): CodeIgniter\Autoloader\Autoloader->loadInNamespace('App\\Controllers\\Pembelian')
 3 [internal function]: CodeIgniter\Autoloader\Autoloader->loadClass('App\\Controllers\\Pembelian')
 4 [internal function]: spl_autoload_call('App\\Controllers\\Pembelian')
 5 SYSTEMPATH\CodeIgniter.php(892): class_exists('\\App\\Controllers\\Pembelian', true)
 6 SYSTEMPATH\CodeIgniter.php(486): CodeIgniter\CodeIgniter->startController()
 7 SYSTEMPATH\CodeIgniter.php(368): CodeIgniter\CodeIgniter->handleRequest(null, Object(Config\Cache), false)
 8 FCPATH\index.php(67): CodeIgniter\CodeIgniter->run()
CRITICAL - 2023-04-29 07:03:27 --> syntax error, unexpected '}'
in APPPATH\Controllers\Pembelian.php on line 54.
 1 SYSTEMPATH\Autoloader\Autoloader.php(289): CodeIgniter\Autoloader\Autoloader->includeFile('D:\\wamp64\\www\\indo\\app\\Controllers\\Pembelian.php')
 2 SYSTEMPATH\Autoloader\Autoloader.php(267): CodeIgniter\Autoloader\Autoloader->loadInNamespace('App\\Controllers\\Pembelian')
 3 [internal function]: CodeIgniter\Autoloader\Autoloader->loadClass('App\\Controllers\\Pembelian')
 4 [internal function]: spl_autoload_call('App\\Controllers\\Pembelian')
 5 SYSTEMPATH\CodeIgniter.php(892): class_exists('\\App\\Controllers\\Pembelian', true)
 6 SYSTEMPATH\CodeIgniter.php(486): CodeIgniter\CodeIgniter->startController()
 7 SYSTEMPATH\CodeIgniter.php(368): CodeIgniter\CodeIgniter->handleRequest(null, Object(Config\Cache), false)
 8 FCPATH\index.php(67): CodeIgniter\CodeIgniter->run()
CRITICAL - 2023-04-29 07:04:24 --> syntax error, unexpected '}'
in APPPATH\Controllers\Pembelian.php on line 54.
 1 SYSTEMPATH\Autoloader\Autoloader.php(289): CodeIgniter\Autoloader\Autoloader->includeFile('D:\\wamp64\\www\\indo\\app\\Controllers\\Pembelian.php')
 2 SYSTEMPATH\Autoloader\Autoloader.php(267): CodeIgniter\Autoloader\Autoloader->loadInNamespace('App\\Controllers\\Pembelian')
 3 [internal function]: CodeIgniter\Autoloader\Autoloader->loadClass('App\\Controllers\\Pembelian')
 4 [internal function]: spl_autoload_call('App\\Controllers\\Pembelian')
 5 SYSTEMPATH\CodeIgniter.php(892): class_exists('\\App\\Controllers\\Pembelian', true)
 6 SYSTEMPATH\CodeIgniter.php(486): CodeIgniter\CodeIgniter->startController()
 7 SYSTEMPATH\CodeIgniter.php(368): CodeIgniter\CodeIgniter->handleRequest(null, Object(Config\Cache), false)
 8 FCPATH\index.php(67): CodeIgniter\CodeIgniter->run()
CRITICAL - 2023-04-29 07:06:17 --> syntax error, unexpected '}'
in APPPATH\Controllers\Pembelian.php on line 54.
 1 SYSTEMPATH\Autoloader\Autoloader.php(289): CodeIgniter\Autoloader\Autoloader->includeFile('D:\\wamp64\\www\\indo\\app\\Controllers\\Pembelian.php')
 2 SYSTEMPATH\Autoloader\Autoloader.php(267): CodeIgniter\Autoloader\Autoloader->loadInNamespace('App\\Controllers\\Pembelian')
 3 [internal function]: CodeIgniter\Autoloader\Autoloader->loadClass('App\\Controllers\\Pembelian')
 4 [internal function]: spl_autoload_call('App\\Controllers\\Pembelian')
 5 SYSTEMPATH\CodeIgniter.php(892): class_exists('\\App\\Controllers\\Pembelian', true)
 6 SYSTEMPATH\CodeIgniter.php(486): CodeIgniter\CodeIgniter->startController()
 7 SYSTEMPATH\CodeIgniter.php(368): CodeIgniter\CodeIgniter->handleRequest(null, Object(Config\Cache), false)
 8 FCPATH\index.php(67): CodeIgniter\CodeIgniter->run()
CRITICAL - 2023-04-29 07:10:53 --> Call to a member function library() on null
in APPPATH\Views\admin\pembelian\suplier.php on line 94.
 1 SYSTEMPATH\View\View.php(213): include()
 2 SYSTEMPATH\View\View.php(216): CodeIgniter\View\View->CodeIgniter\View\{closure}()
 3 SYSTEMPATH\Common.php(1184): CodeIgniter\View\View->render('admin/pembelian/suplier', [], true)
 4 APPPATH\Views\layout\layout.php(45): view('admin/pembelian/suplier')
 5 SYSTEMPATH\View\View.php(213): include('D:\\wamp64\\www\\indo\\app\\Views\\layout\\layout.php')
 6 SYSTEMPATH\View\View.php(216): CodeIgniter\View\View->CodeIgniter\View\{closure}()
 7 SYSTEMPATH\Common.php(1184): CodeIgniter\View\View->render('layout/layout', [], true)
 8 APPPATH\Controllers\Pembelian.php(20): view('layout/layout', [...])
 9 SYSTEMPATH\CodeIgniter.php(934): App\Controllers\Pembelian->suplier()
10 SYSTEMPATH\CodeIgniter.php(499): CodeIgniter\CodeIgniter->runController(Object(App\Controllers\Pembelian))
11 SYSTEMPATH\CodeIgniter.php(368): CodeIgniter\CodeIgniter->handleRequest(null, Object(Config\Cache), false)
12 FCPATH\index.php(67): CodeIgniter\CodeIgniter->run()
CRITICAL - 2023-04-29 07:11:14 --> Call to a member function get() on null
in APPPATH\Views\admin\pembelian\suplier.php on line 94.
 1 SYSTEMPATH\View\View.php(213): include()
 2 SYSTEMPATH\View\View.php(216): CodeIgniter\View\View->CodeIgniter\View\{closure}()
 3 SYSTEMPATH\Common.php(1184): CodeIgniter\View\View->render('admin/pembelian/suplier', [], true)
 4 APPPATH\Views\layout\layout.php(45): view('admin/pembelian/suplier')
 5 SYSTEMPATH\View\View.php(213): include('D:\\wamp64\\www\\indo\\app\\Views\\layout\\layout.php')
 6 SYSTEMPATH\View\View.php(216): CodeIgniter\View\View->CodeIgniter\View\{closure}()
 7 SYSTEMPATH\Common.php(1184): CodeIgniter\View\View->render('layout/layout', [], true)
 8 APPPATH\Controllers\Pembelian.php(20): view('layout/layout', [...])
 9 SYSTEMPATH\CodeIgniter.php(934): App\Controllers\Pembelian->suplier()
10 SYSTEMPATH\CodeIgniter.php(499): CodeIgniter\CodeIgniter->runController(Object(App\Controllers\Pembelian))
11 SYSTEMPATH\CodeIgniter.php(368): CodeIgniter\CodeIgniter->handleRequest(null, Object(Config\Cache), false)
12 FCPATH\index.php(67): CodeIgniter\CodeIgniter->run()
CRITICAL - 2023-04-29 07:11:26 --> Call to a member function get() on null
in APPPATH\Views\admin\pembelian\suplier.php on line 94.
 1 SYSTEMPATH\View\View.php(213): include()
 2 SYSTEMPATH\View\View.php(216): CodeIgniter\View\View->CodeIgniter\View\{closure}()
 3 SYSTEMPATH\Common.php(1184): CodeIgniter\View\View->render('admin/pembelian/suplier', [], true)
 4 APPPATH\Views\layout\layout.php(45): view('admin/pembelian/suplier')
 5 SYSTEMPATH\View\View.php(213): include('D:\\wamp64\\www\\indo\\app\\Views\\layout\\layout.php')
 6 SYSTEMPATH\View\View.php(216): CodeIgniter\View\View->CodeIgniter\View\{closure}()
 7 SYSTEMPATH\Common.php(1184): CodeIgniter\View\View->render('layout/layout', [], true)
 8 APPPATH\Controllers\Pembelian.php(20): view('layout/layout', [...])
 9 SYSTEMPATH\CodeIgniter.php(934): App\Controllers\Pembelian->suplier()
10 SYSTEMPATH\CodeIgniter.php(499): CodeIgniter\CodeIgniter->runController(Object(App\Controllers\Pembelian))
11 SYSTEMPATH\CodeIgniter.php(368): CodeIgniter\CodeIgniter->handleRequest(null, Object(Config\Cache), false)
12 FCPATH\index.php(67): CodeIgniter\CodeIgniter->run()
CRITICAL - 2023-04-29 07:12:15 --> Argument 1 passed to CodeIgniter\Database\BaseBuilder::get() must be of the type int or null, string given, called in D:\wamp64\www\indo\app\Views\admin\pembelian\suplier.php on line 94
in SYSTEMPATH\Database\BaseBuilder.php on line 1608.
 1 APPPATH\Views\admin\pembelian\suplier.php(94): CodeIgniter\Database\BaseBuilder->get('suplier')
 2 SYSTEMPATH\View\View.php(213): include('D:\\wamp64\\www\\indo\\app\\Views\\admin\\pembelian\\suplier.php')
 3 SYSTEMPATH\View\View.php(216): CodeIgniter\View\View->CodeIgniter\View\{closure}()
 4 SYSTEMPATH\Common.php(1184): CodeIgniter\View\View->render('admin/pembelian/suplier', [], true)
 5 APPPATH\Views\layout\layout.php(45): view('admin/pembelian/suplier')
 6 SYSTEMPATH\View\View.php(213): include('D:\\wamp64\\www\\indo\\app\\Views\\layout\\layout.php')
 7 SYSTEMPATH\View\View.php(216): CodeIgniter\View\View->CodeIgniter\View\{closure}()
 8 SYSTEMPATH\Common.php(1184): CodeIgniter\View\View->render('layout/layout', [], true)
 9 APPPATH\Controllers\Pembelian.php(20): view('layout/layout', [...])
10 SYSTEMPATH\CodeIgniter.php(934): App\Controllers\Pembelian->suplier()
11 SYSTEMPATH\CodeIgniter.php(499): CodeIgniter\CodeIgniter->runController(Object(App\Controllers\Pembelian))
12 SYSTEMPATH\CodeIgniter.php(368): CodeIgniter\CodeIgniter->handleRequest(null, Object(Config\Cache), false)
13 FCPATH\index.php(67): CodeIgniter\CodeIgniter->run()
CRITICAL - 2023-04-29 07:12:16 --> Argument 1 passed to CodeIgniter\Database\BaseBuilder::get() must be of the type int or null, string given, called in D:\wamp64\www\indo\app\Views\admin\pembelian\suplier.php on line 94
in SYSTEMPATH\Database\BaseBuilder.php on line 1608.
 1 APPPATH\Views\admin\pembelian\suplier.php(94): CodeIgniter\Database\BaseBuilder->get('suplier')
 2 SYSTEMPATH\View\View.php(213): include('D:\\wamp64\\www\\indo\\app\\Views\\admin\\pembelian\\suplier.php')
 3 SYSTEMPATH\View\View.php(216): CodeIgniter\View\View->CodeIgniter\View\{closure}()
 4 SYSTEMPATH\Common.php(1184): CodeIgniter\View\View->render('admin/pembelian/suplier', [], true)
 5 APPPATH\Views\layout\layout.php(45): view('admin/pembelian/suplier')
 6 SYSTEMPATH\View\View.php(213): include('D:\\wamp64\\www\\indo\\app\\Views\\layout\\layout.php')
 7 SYSTEMPATH\View\View.php(216): CodeIgniter\View\View->CodeIgniter\View\{closure}()
 8 SYSTEMPATH\Common.php(1184): CodeIgniter\View\View->render('layout/layout', [], true)
 9 APPPATH\Controllers\Pembelian.php(20): view('layout/layout', [...])
10 SYSTEMPATH\CodeIgniter.php(934): App\Controllers\Pembelian->suplier()
11 SYSTEMPATH\CodeIgniter.php(499): CodeIgniter\CodeIgniter->runController(Object(App\Controllers\Pembelian))
12 SYSTEMPATH\CodeIgniter.php(368): CodeIgniter\CodeIgniter->handleRequest(null, Object(Config\Cache), false)
13 FCPATH\index.php(67): CodeIgniter\CodeIgniter->run()
CRITICAL - 2023-04-29 07:20:29 --> Use of undefined constant ASSETS - assumed 'ASSETS' (this will throw an Error in a future version of PHP)
in APPPATH\Views\layout\header.php on line 8.
 1 APPPATH\Views\layout\header.php(8): CodeIgniter\Debug\Exceptions->errorHandler(2, 'Use of undefined constant ASSETS - assumed \'ASSETS\' (this will throw an Error in a future version of PHP)', 'D:\\wamp64\\www\\indo\\app\\Views\\layout\\header.php', 8, [...])
 2 SYSTEMPATH\View\View.php(213): include('D:\\wamp64\\www\\indo\\app\\Views\\layout\\header.php')
 3 SYSTEMPATH\View\View.php(216): CodeIgniter\View\View->CodeIgniter\View\{closure}()
 4 SYSTEMPATH\Common.php(1184): CodeIgniter\View\View->render('layout/header', [], true)
 5 APPPATH\Views\layout\layout.php(38): view('layout/header')
 6 SYSTEMPATH\View\View.php(213): include('D:\\wamp64\\www\\indo\\app\\Views\\layout\\layout.php')
 7 SYSTEMPATH\View\View.php(216): CodeIgniter\View\View->CodeIgniter\View\{closure}()
 8 SYSTEMPATH\Common.php(1184): CodeIgniter\View\View->render('layout/layout', [], true)
 9 APPPATH\Controllers\Pembelian.php(20): view('layout/layout', [...])
10 SYSTEMPATH\CodeIgniter.php(934): App\Controllers\Pembelian->suplier()
11 SYSTEMPATH\CodeIgniter.php(499): CodeIgniter\CodeIgniter->runController(Object(App\Controllers\Pembelian))
12 SYSTEMPATH\CodeIgniter.php(368): CodeIgniter\CodeIgniter->handleRequest(null, Object(Config\Cache), false)
13 FCPATH\index.php(67): CodeIgniter\CodeIgniter->run()
CRITICAL - 2023-04-29 07:20:34 --> Use of undefined constant ASSETS - assumed 'ASSETS' (this will throw an Error in a future version of PHP)
in APPPATH\Views\layout\header.php on line 8.
 1 APPPATH\Views\layout\header.php(8): CodeIgniter\Debug\Exceptions->errorHandler(2, 'Use of undefined constant ASSETS - assumed \'ASSETS\' (this will throw an Error in a future version of PHP)', 'D:\\wamp64\\www\\indo\\app\\Views\\layout\\header.php', 8, [...])
 2 SYSTEMPATH\View\View.php(213): include('D:\\wamp64\\www\\indo\\app\\Views\\layout\\header.php')
 3 SYSTEMPATH\View\View.php(216): CodeIgniter\View\View->CodeIgniter\View\{closure}()
 4 SYSTEMPATH\Common.php(1184): CodeIgniter\View\View->render('layout/header', [], true)
 5 APPPATH\Views\layout\layout.php(38): view('layout/header')
 6 SYSTEMPATH\View\View.php(213): include('D:\\wamp64\\www\\indo\\app\\Views\\layout\\layout.php')
 7 SYSTEMPATH\View\View.php(216): CodeIgniter\View\View->CodeIgniter\View\{closure}()
 8 SYSTEMPATH\Common.php(1184): CodeIgniter\View\View->render('layout/layout', [], true)
 9 APPPATH\Controllers\Pembelian.php(20): view('layout/layout', [...])
10 SYSTEMPATH\CodeIgniter.php(934): App\Controllers\Pembelian->suplier()
11 SYSTEMPATH\CodeIgniter.php(499): CodeIgniter\CodeIgniter->runController(Object(App\Controllers\Pembelian))
12 SYSTEMPATH\CodeIgniter.php(368): CodeIgniter\CodeIgniter->handleRequest(null, Object(Config\Cache), false)
13 FCPATH\index.php(67): CodeIgniter\CodeIgniter->run()
CRITICAL - 2023-04-29 07:20:41 --> Use of undefined constant ASSETS - assumed 'ASSETS' (this will throw an Error in a future version of PHP)
in APPPATH\Views\layout\header.php on line 8.
 1 APPPATH\Views\layout\header.php(8): CodeIgniter\Debug\Exceptions->errorHandler(2, 'Use of undefined constant ASSETS - assumed \'ASSETS\' (this will throw an Error in a future version of PHP)', 'D:\\wamp64\\www\\indo\\app\\Views\\layout\\header.php', 8, [...])
 2 SYSTEMPATH\View\View.php(213): include('D:\\wamp64\\www\\indo\\app\\Views\\layout\\header.php')
 3 SYSTEMPATH\View\View.php(216): CodeIgniter\View\View->CodeIgniter\View\{closure}()
 4 SYSTEMPATH\Common.php(1184): CodeIgniter\View\View->render('layout/header', [], true)
 5 APPPATH\Views\layout\layout.php(38): view('layout/header')
 6 SYSTEMPATH\View\View.php(213): include('D:\\wamp64\\www\\indo\\app\\Views\\layout\\layout.php')
 7 SYSTEMPATH\View\View.php(216): CodeIgniter\View\View->CodeIgniter\View\{closure}()
 8 SYSTEMPATH\Common.php(1184): CodeIgniter\View\View->render('layout/layout', [], true)
 9 APPPATH\Controllers\Pembelian.php(20): view('layout/layout', [...])
10 SYSTEMPATH\CodeIgniter.php(934): App\Controllers\Pembelian->suplier()
11 SYSTEMPATH\CodeIgniter.php(499): CodeIgniter\CodeIgniter->runController(Object(App\Controllers\Pembelian))
12 SYSTEMPATH\CodeIgniter.php(368): CodeIgniter\CodeIgniter->handleRequest(null, Object(Config\Cache), false)
13 FCPATH\index.php(67): CodeIgniter\CodeIgniter->run()
CRITICAL - 2023-04-29 07:20:43 --> Use of undefined constant ASSETS - assumed 'ASSETS' (this will throw an Error in a future version of PHP)
in APPPATH\Views\layout\header.php on line 8.
 1 APPPATH\Views\layout\header.php(8): CodeIgniter\Debug\Exceptions->errorHandler(2, 'Use of undefined constant ASSETS - assumed \'ASSETS\' (this will throw an Error in a future version of PHP)', 'D:\\wamp64\\www\\indo\\app\\Views\\layout\\header.php', 8, [...])
 2 SYSTEMPATH\View\View.php(213): include('D:\\wamp64\\www\\indo\\app\\Views\\layout\\header.php')
 3 SYSTEMPATH\View\View.php(216): CodeIgniter\View\View->CodeIgniter\View\{closure}()
 4 SYSTEMPATH\Common.php(1184): CodeIgniter\View\View->render('layout/header', [], true)
 5 APPPATH\Views\layout\layout.php(38): view('layout/header')
 6 SYSTEMPATH\View\View.php(213): include('D:\\wamp64\\www\\indo\\app\\Views\\layout\\layout.php')
 7 SYSTEMPATH\View\View.php(216): CodeIgniter\View\View->CodeIgniter\View\{closure}()
 8 SYSTEMPATH\Common.php(1184): CodeIgniter\View\View->render('layout/layout', [], true)
 9 APPPATH\Controllers\Pembelian.php(20): view('layout/layout', [...])
10 SYSTEMPATH\CodeIgniter.php(934): App\Controllers\Pembelian->suplier()
11 SYSTEMPATH\CodeIgniter.php(499): CodeIgniter\CodeIgniter->runController(Object(App\Controllers\Pembelian))
12 SYSTEMPATH\CodeIgniter.php(368): CodeIgniter\CodeIgniter->handleRequest(null, Object(Config\Cache), false)
13 FCPATH\index.php(67): CodeIgniter\CodeIgniter->run()
CRITICAL - 2023-04-29 07:21:21 --> Use of undefined constant ASSETS - assumed 'ASSETS' (this will throw an Error in a future version of PHP)
in APPPATH\Views\layout\header.php on line 8.
 1 APPPATH\Views\layout\header.php(8): CodeIgniter\Debug\Exceptions->errorHandler(2, 'Use of undefined constant ASSETS - assumed \'ASSETS\' (this will throw an Error in a future version of PHP)', 'D:\\wamp64\\www\\indo\\app\\Views\\layout\\header.php', 8, [...])
 2 SYSTEMPATH\View\View.php(213): include('D:\\wamp64\\www\\indo\\app\\Views\\layout\\header.php')
 3 SYSTEMPATH\View\View.php(216): CodeIgniter\View\View->CodeIgniter\View\{closure}()
 4 SYSTEMPATH\Common.php(1184): CodeIgniter\View\View->render('layout/header', [], true)
 5 APPPATH\Views\layout\layout.php(38): view('layout/header')
 6 SYSTEMPATH\View\View.php(213): include('D:\\wamp64\\www\\indo\\app\\Views\\layout\\layout.php')
 7 SYSTEMPATH\View\View.php(216): CodeIgniter\View\View->CodeIgniter\View\{closure}()
 8 SYSTEMPATH\Common.php(1184): CodeIgniter\View\View->render('layout/layout', [], true)
 9 APPPATH\Controllers\Pembelian.php(20): view('layout/layout', [...])
10 SYSTEMPATH\CodeIgniter.php(934): App\Controllers\Pembelian->suplier()
11 SYSTEMPATH\CodeIgniter.php(499): CodeIgniter\CodeIgniter->runController(Object(App\Controllers\Pembelian))
12 SYSTEMPATH\CodeIgniter.php(368): CodeIgniter\CodeIgniter->handleRequest(null, Object(Config\Cache), false)
13 FCPATH\index.php(67): CodeIgniter\CodeIgniter->run()
CRITICAL - 2023-04-29 07:21:30 --> Use of undefined constant ASSETS - assumed 'ASSETS' (this will throw an Error in a future version of PHP)
in APPPATH\Views\layout\header.php on line 8.
 1 APPPATH\Views\layout\header.php(8): CodeIgniter\Debug\Exceptions->errorHandler(2, 'Use of undefined constant ASSETS - assumed \'ASSETS\' (this will throw an Error in a future version of PHP)', 'D:\\wamp64\\www\\indo\\app\\Views\\layout\\header.php', 8, [...])
 2 SYSTEMPATH\View\View.php(213): include('D:\\wamp64\\www\\indo\\app\\Views\\layout\\header.php')
 3 SYSTEMPATH\View\View.php(216): CodeIgniter\View\View->CodeIgniter\View\{closure}()
 4 SYSTEMPATH\Common.php(1184): CodeIgniter\View\View->render('layout/header', [], true)
 5 APPPATH\Views\layout\layout.php(38): view('layout/header')
 6 SYSTEMPATH\View\View.php(213): include('D:\\wamp64\\www\\indo\\app\\Views\\layout\\layout.php')
 7 SYSTEMPATH\View\View.php(216): CodeIgniter\View\View->CodeIgniter\View\{closure}()
 8 SYSTEMPATH\Common.php(1184): CodeIgniter\View\View->render('layout/layout', [], true)
 9 APPPATH\Controllers\Pembelian.php(20): view('layout/layout', [...])
10 SYSTEMPATH\CodeIgniter.php(934): App\Controllers\Pembelian->suplier()
11 SYSTEMPATH\CodeIgniter.php(499): CodeIgniter\CodeIgniter->runController(Object(App\Controllers\Pembelian))
12 SYSTEMPATH\CodeIgniter.php(368): CodeIgniter\CodeIgniter->handleRequest(null, Object(Config\Cache), false)
13 FCPATH\index.php(67): CodeIgniter\CodeIgniter->run()
CRITICAL - 2023-04-29 07:21:42 --> Use of undefined constant ASSETS - assumed 'ASSETS' (this will throw an Error in a future version of PHP)
in APPPATH\Views\layout\header.php on line 8.
 1 APPPATH\Views\layout\header.php(8): CodeIgniter\Debug\Exceptions->errorHandler(2, 'Use of undefined constant ASSETS - assumed \'ASSETS\' (this will throw an Error in a future version of PHP)', 'D:\\wamp64\\www\\indo\\app\\Views\\layout\\header.php', 8, [...])
 2 SYSTEMPATH\View\View.php(213): include('D:\\wamp64\\www\\indo\\app\\Views\\layout\\header.php')
 3 SYSTEMPATH\View\View.php(216): CodeIgniter\View\View->CodeIgniter\View\{closure}()
 4 SYSTEMPATH\Common.php(1184): CodeIgniter\View\View->render('layout/header', [], true)
 5 APPPATH\Views\layout\layout.php(38): view('layout/header')
 6 SYSTEMPATH\View\View.php(213): include('D:\\wamp64\\www\\indo\\app\\Views\\layout\\layout.php')
 7 SYSTEMPATH\View\View.php(216): CodeIgniter\View\View->CodeIgniter\View\{closure}()
 8 SYSTEMPATH\Common.php(1184): CodeIgniter\View\View->render('layout/layout', [], true)
 9 APPPATH\Controllers\Pembelian.php(20): view('layout/layout', [...])
10 SYSTEMPATH\CodeIgniter.php(934): App\Controllers\Pembelian->suplier()
11 SYSTEMPATH\CodeIgniter.php(499): CodeIgniter\CodeIgniter->runController(Object(App\Controllers\Pembelian))
12 SYSTEMPATH\CodeIgniter.php(368): CodeIgniter\CodeIgniter->handleRequest(null, Object(Config\Cache), false)
13 FCPATH\index.php(67): CodeIgniter\CodeIgniter->run()
CRITICAL - 2023-04-29 07:22:06 --> Use of undefined constant ASSETS - assumed 'ASSETS' (this will throw an Error in a future version of PHP)
in APPPATH\Views\layout\header.php on line 8.
 1 APPPATH\Views\layout\header.php(8): CodeIgniter\Debug\Exceptions->errorHandler(2, 'Use of undefined constant ASSETS - assumed \'ASSETS\' (this will throw an Error in a future version of PHP)', 'D:\\wamp64\\www\\indo\\app\\Views\\layout\\header.php', 8, [...])
 2 SYSTEMPATH\View\View.php(213): include('D:\\wamp64\\www\\indo\\app\\Views\\layout\\header.php')
 3 SYSTEMPATH\View\View.php(216): CodeIgniter\View\View->CodeIgniter\View\{closure}()
 4 SYSTEMPATH\Common.php(1184): CodeIgniter\View\View->render('layout/header', [], true)
 5 APPPATH\Views\layout\layout.php(38): view('layout/header')
 6 SYSTEMPATH\View\View.php(213): include('D:\\wamp64\\www\\indo\\app\\Views\\layout\\layout.php')
 7 SYSTEMPATH\View\View.php(216): CodeIgniter\View\View->CodeIgniter\View\{closure}()
 8 SYSTEMPATH\Common.php(1184): CodeIgniter\View\View->render('layout/layout', [], true)
 9 APPPATH\Controllers\Pembelian.php(20): view('layout/layout', [...])
10 SYSTEMPATH\CodeIgniter.php(934): App\Controllers\Pembelian->suplier()
11 SYSTEMPATH\CodeIgniter.php(499): CodeIgniter\CodeIgniter->runController(Object(App\Controllers\Pembelian))
12 SYSTEMPATH\CodeIgniter.php(368): CodeIgniter\CodeIgniter->handleRequest(null, Object(Config\Cache), false)
13 FCPATH\index.php(67): CodeIgniter\CodeIgniter->run()
CRITICAL - 2023-04-29 07:22:45 --> Use of undefined constant ASSETS - assumed 'ASSETS' (this will throw an Error in a future version of PHP)
in APPPATH\Views\layout\header.php on line 8.
 1 APPPATH\Views\layout\header.php(8): CodeIgniter\Debug\Exceptions->errorHandler(2, 'Use of undefined constant ASSETS - assumed \'ASSETS\' (this will throw an Error in a future version of PHP)', 'D:\\wamp64\\www\\indo\\app\\Views\\layout\\header.php', 8, [...])
 2 SYSTEMPATH\View\View.php(213): include('D:\\wamp64\\www\\indo\\app\\Views\\layout\\header.php')
 3 SYSTEMPATH\View\View.php(216): CodeIgniter\View\View->CodeIgniter\View\{closure}()
 4 SYSTEMPATH\Common.php(1184): CodeIgniter\View\View->render('layout/header', [], true)
 5 APPPATH\Views\layout\layout.php(38): view('layout/header')
 6 SYSTEMPATH\View\View.php(213): include('D:\\wamp64\\www\\indo\\app\\Views\\layout\\layout.php')
 7 SYSTEMPATH\View\View.php(216): CodeIgniter\View\View->CodeIgniter\View\{closure}()
 8 SYSTEMPATH\Common.php(1184): CodeIgniter\View\View->render('layout/layout', [], true)
 9 APPPATH\Controllers\Pembelian.php(20): view('layout/layout', [...])
10 SYSTEMPATH\CodeIgniter.php(934): App\Controllers\Pembelian->suplier()
11 SYSTEMPATH\CodeIgniter.php(499): CodeIgniter\CodeIgniter->runController(Object(App\Controllers\Pembelian))
12 SYSTEMPATH\CodeIgniter.php(368): CodeIgniter\CodeIgniter->handleRequest(null, Object(Config\Cache), false)
13 FCPATH\index.php(67): CodeIgniter\CodeIgniter->run()
CRITICAL - 2023-04-29 07:22:54 --> Use of undefined constant ASSETS - assumed 'ASSETS' (this will throw an Error in a future version of PHP)
in APPPATH\Views\layout\header.php on line 8.
 1 APPPATH\Views\layout\header.php(8): CodeIgniter\Debug\Exceptions->errorHandler(2, 'Use of undefined constant ASSETS - assumed \'ASSETS\' (this will throw an Error in a future version of PHP)', 'D:\\wamp64\\www\\indo\\app\\Views\\layout\\header.php', 8, [...])
 2 SYSTEMPATH\View\View.php(213): include('D:\\wamp64\\www\\indo\\app\\Views\\layout\\header.php')
 3 SYSTEMPATH\View\View.php(216): CodeIgniter\View\View->CodeIgniter\View\{closure}()
 4 SYSTEMPATH\Common.php(1184): CodeIgniter\View\View->render('layout/header', [], true)
 5 APPPATH\Views\layout\layout.php(38): view('layout/header')
 6 SYSTEMPATH\View\View.php(213): include('D:\\wamp64\\www\\indo\\app\\Views\\layout\\layout.php')
 7 SYSTEMPATH\View\View.php(216): CodeIgniter\View\View->CodeIgniter\View\{closure}()
 8 SYSTEMPATH\Common.php(1184): CodeIgniter\View\View->render('layout/layout', [], true)
 9 APPPATH\Controllers\Pembelian.php(20): view('layout/layout', [...])
10 SYSTEMPATH\CodeIgniter.php(934): App\Controllers\Pembelian->suplier()
11 SYSTEMPATH\CodeIgniter.php(499): CodeIgniter\CodeIgniter->runController(Object(App\Controllers\Pembelian))
12 SYSTEMPATH\CodeIgniter.php(368): CodeIgniter\CodeIgniter->handleRequest(null, Object(Config\Cache), false)
13 FCPATH\index.php(67): CodeIgniter\CodeIgniter->run()
CRITICAL - 2023-04-29 07:23:22 --> Use of undefined constant ASSETS - assumed 'ASSETS' (this will throw an Error in a future version of PHP)
in APPPATH\Views\layout\header.php on line 8.
 1 APPPATH\Views\layout\header.php(8): CodeIgniter\Debug\Exceptions->errorHandler(2, 'Use of undefined constant ASSETS - assumed \'ASSETS\' (this will throw an Error in a future version of PHP)', 'D:\\wamp64\\www\\indo\\app\\Views\\layout\\header.php', 8, [...])
 2 SYSTEMPATH\View\View.php(213): include('D:\\wamp64\\www\\indo\\app\\Views\\layout\\header.php')
 3 SYSTEMPATH\View\View.php(216): CodeIgniter\View\View->CodeIgniter\View\{closure}()
 4 SYSTEMPATH\Common.php(1184): CodeIgniter\View\View->render('layout/header', [], true)
 5 APPPATH\Views\layout\layout.php(38): view('layout/header')
 6 SYSTEMPATH\View\View.php(213): include('D:\\wamp64\\www\\indo\\app\\Views\\layout\\layout.php')
 7 SYSTEMPATH\View\View.php(216): CodeIgniter\View\View->CodeIgniter\View\{closure}()
 8 SYSTEMPATH\Common.php(1184): CodeIgniter\View\View->render('layout/layout', [], true)
 9 APPPATH\Controllers\Pembelian.php(20): view('layout/layout', [...])
10 SYSTEMPATH\CodeIgniter.php(934): App\Controllers\Pembelian->suplier()
11 SYSTEMPATH\CodeIgniter.php(499): CodeIgniter\CodeIgniter->runController(Object(App\Controllers\Pembelian))
12 SYSTEMPATH\CodeIgniter.php(368): CodeIgniter\CodeIgniter->handleRequest(null, Object(Config\Cache), false)
13 FCPATH\index.php(67): CodeIgniter\CodeIgniter->run()
CRITICAL - 2023-04-29 07:23:36 --> Use of undefined constant ASSETS - assumed 'ASSETS' (this will throw an Error in a future version of PHP)
in APPPATH\Views\layout\header.php on line 8.
 1 APPPATH\Views\layout\header.php(8): CodeIgniter\Debug\Exceptions->errorHandler(2, 'Use of undefined constant ASSETS - assumed \'ASSETS\' (this will throw an Error in a future version of PHP)', 'D:\\wamp64\\www\\indo\\app\\Views\\layout\\header.php', 8, [...])
 2 SYSTEMPATH\View\View.php(213): include('D:\\wamp64\\www\\indo\\app\\Views\\layout\\header.php')
 3 SYSTEMPATH\View\View.php(216): CodeIgniter\View\View->CodeIgniter\View\{closure}()
 4 SYSTEMPATH\Common.php(1184): CodeIgniter\View\View->render('layout/header', [], true)
 5 APPPATH\Views\layout\layout.php(38): view('layout/header')
 6 SYSTEMPATH\View\View.php(213): include('D:\\wamp64\\www\\indo\\app\\Views\\layout\\layout.php')
 7 SYSTEMPATH\View\View.php(216): CodeIgniter\View\View->CodeIgniter\View\{closure}()
 8 SYSTEMPATH\Common.php(1184): CodeIgniter\View\View->render('layout/layout', [], true)
 9 APPPATH\Controllers\Pembelian.php(20): view('layout/layout', [...])
10 SYSTEMPATH\CodeIgniter.php(934): App\Controllers\Pembelian->suplier()
11 SYSTEMPATH\CodeIgniter.php(499): CodeIgniter\CodeIgniter->runController(Object(App\Controllers\Pembelian))
12 SYSTEMPATH\CodeIgniter.php(368): CodeIgniter\CodeIgniter->handleRequest(null, Object(Config\Cache), false)
13 FCPATH\index.php(67): CodeIgniter\CodeIgniter->run()
CRITICAL - 2023-04-29 07:24:03 --> Use of undefined constant ASSETS - assumed 'ASSETS' (this will throw an Error in a future version of PHP)
in APPPATH\Views\layout\header.php on line 8.
 1 APPPATH\Views\layout\header.php(8): CodeIgniter\Debug\Exceptions->errorHandler(2, 'Use of undefined constant ASSETS - assumed \'ASSETS\' (this will throw an Error in a future version of PHP)', 'D:\\wamp64\\www\\indo\\app\\Views\\layout\\header.php', 8, [...])
 2 SYSTEMPATH\View\View.php(213): include('D:\\wamp64\\www\\indo\\app\\Views\\layout\\header.php')
 3 SYSTEMPATH\View\View.php(216): CodeIgniter\View\View->CodeIgniter\View\{closure}()
 4 SYSTEMPATH\Common.php(1184): CodeIgniter\View\View->render('layout/header', [], true)
 5 APPPATH\Views\layout\layout.php(38): view('layout/header')
 6 SYSTEMPATH\View\View.php(213): include('D:\\wamp64\\www\\indo\\app\\Views\\layout\\layout.php')
 7 SYSTEMPATH\View\View.php(216): CodeIgniter\View\View->CodeIgniter\View\{closure}()
 8 SYSTEMPATH\Common.php(1184): CodeIgniter\View\View->render('layout/layout', [], true)
 9 APPPATH\Controllers\Pembelian.php(20): view('layout/layout', [...])
10 SYSTEMPATH\CodeIgniter.php(934): App\Controllers\Pembelian->suplier()
11 SYSTEMPATH\CodeIgniter.php(499): CodeIgniter\CodeIgniter->runController(Object(App\Controllers\Pembelian))
12 SYSTEMPATH\CodeIgniter.php(368): CodeIgniter\CodeIgniter->handleRequest(null, Object(Config\Cache), false)
13 FCPATH\index.php(67): CodeIgniter\CodeIgniter->run()
CRITICAL - 2023-04-29 07:24:14 --> Use of undefined constant ASSETS - assumed 'ASSETS' (this will throw an Error in a future version of PHP)
in APPPATH\Views\layout\header.php on line 8.
 1 APPPATH\Views\layout\header.php(8): CodeIgniter\Debug\Exceptions->errorHandler(2, 'Use of undefined constant ASSETS - assumed \'ASSETS\' (this will throw an Error in a future version of PHP)', 'D:\\wamp64\\www\\indo\\app\\Views\\layout\\header.php', 8, [...])
 2 SYSTEMPATH\View\View.php(213): include('D:\\wamp64\\www\\indo\\app\\Views\\layout\\header.php')
 3 SYSTEMPATH\View\View.php(216): CodeIgniter\View\View->CodeIgniter\View\{closure}()
 4 SYSTEMPATH\Common.php(1184): CodeIgniter\View\View->render('layout/header', [], true)
 5 APPPATH\Views\layout\layout.php(38): view('layout/header')
 6 SYSTEMPATH\View\View.php(213): include('D:\\wamp64\\www\\indo\\app\\Views\\layout\\layout.php')
 7 SYSTEMPATH\View\View.php(216): CodeIgniter\View\View->CodeIgniter\View\{closure}()
 8 SYSTEMPATH\Common.php(1184): CodeIgniter\View\View->render('layout/layout', [], true)
 9 APPPATH\Controllers\Pembelian.php(20): view('layout/layout', [...])
10 SYSTEMPATH\CodeIgniter.php(934): App\Controllers\Pembelian->suplier()
11 SYSTEMPATH\CodeIgniter.php(499): CodeIgniter\CodeIgniter->runController(Object(App\Controllers\Pembelian))
12 SYSTEMPATH\CodeIgniter.php(368): CodeIgniter\CodeIgniter->handleRequest(null, Object(Config\Cache), false)
13 FCPATH\index.php(67): CodeIgniter\CodeIgniter->run()
CRITICAL - 2023-04-29 07:56:22 --> Use of undefined constant ASSETS - assumed 'ASSETS' (this will throw an Error in a future version of PHP)
in APPPATH\Views\layout\header.php on line 8.
 1 APPPATH\Views\layout\header.php(8): CodeIgniter\Debug\Exceptions->errorHandler(2, 'Use of undefined constant ASSETS - assumed \'ASSETS\' (this will throw an Error in a future version of PHP)', 'D:\\wamp64\\www\\indo\\app\\Views\\layout\\header.php', 8, [...])
 2 SYSTEMPATH\View\View.php(213): include('D:\\wamp64\\www\\indo\\app\\Views\\layout\\header.php')
 3 SYSTEMPATH\View\View.php(216): CodeIgniter\View\View->CodeIgniter\View\{closure}()
 4 SYSTEMPATH\Common.php(1184): CodeIgniter\View\View->render('layout/header', [], true)
 5 APPPATH\Views\layout\layout.php(38): view('layout/header')
 6 SYSTEMPATH\View\View.php(213): include('D:\\wamp64\\www\\indo\\app\\Views\\layout\\layout.php')
 7 SYSTEMPATH\View\View.php(216): CodeIgniter\View\View->CodeIgniter\View\{closure}()
 8 SYSTEMPATH\Common.php(1184): CodeIgniter\View\View->render('layout/layout', [], true)
 9 APPPATH\Controllers\Pembelian.php(20): view('layout/layout', [...])
10 SYSTEMPATH\CodeIgniter.php(934): App\Controllers\Pembelian->suplier()
11 SYSTEMPATH\CodeIgniter.php(499): CodeIgniter\CodeIgniter->runController(Object(App\Controllers\Pembelian))
12 SYSTEMPATH\CodeIgniter.php(368): CodeIgniter\CodeIgniter->handleRequest(null, Object(Config\Cache), false)
13 FCPATH\index.php(67): CodeIgniter\CodeIgniter->run()
CRITICAL - 2023-04-29 07:56:24 --> Use of undefined constant ASSETS - assumed 'ASSETS' (this will throw an Error in a future version of PHP)
in APPPATH\Views\layout\header.php on line 8.
 1 APPPATH\Views\layout\header.php(8): CodeIgniter\Debug\Exceptions->errorHandler(2, 'Use of undefined constant ASSETS - assumed \'ASSETS\' (this will throw an Error in a future version of PHP)', 'D:\\wamp64\\www\\indo\\app\\Views\\layout\\header.php', 8, [...])
 2 SYSTEMPATH\View\View.php(213): include('D:\\wamp64\\www\\indo\\app\\Views\\layout\\header.php')
 3 SYSTEMPATH\View\View.php(216): CodeIgniter\View\View->CodeIgniter\View\{closure}()
 4 SYSTEMPATH\Common.php(1184): CodeIgniter\View\View->render('layout/header', [], true)
 5 APPPATH\Views\layout\layout.php(38): view('layout/header')
 6 SYSTEMPATH\View\View.php(213): include('D:\\wamp64\\www\\indo\\app\\Views\\layout\\layout.php')
 7 SYSTEMPATH\View\View.php(216): CodeIgniter\View\View->CodeIgniter\View\{closure}()
 8 SYSTEMPATH\Common.php(1184): CodeIgniter\View\View->render('layout/layout', [], true)
 9 APPPATH\Controllers\Pembelian.php(20): view('layout/layout', [...])
10 SYSTEMPATH\CodeIgniter.php(934): App\Controllers\Pembelian->suplier()
11 SYSTEMPATH\CodeIgniter.php(499): CodeIgniter\CodeIgniter->runController(Object(App\Controllers\Pembelian))
12 SYSTEMPATH\CodeIgniter.php(368): CodeIgniter\CodeIgniter->handleRequest(null, Object(Config\Cache), false)
13 FCPATH\index.php(67): CodeIgniter\CodeIgniter->run()
CRITICAL - 2023-04-29 07:56:54 --> Use of undefined constant ASSETS - assumed 'ASSETS' (this will throw an Error in a future version of PHP)
in APPPATH\Views\layout\header.php on line 8.
 1 APPPATH\Views\layout\header.php(8): CodeIgniter\Debug\Exceptions->errorHandler(2, 'Use of undefined constant ASSETS - assumed \'ASSETS\' (this will throw an Error in a future version of PHP)', 'D:\\wamp64\\www\\indo\\app\\Views\\layout\\header.php', 8, [...])
 2 SYSTEMPATH\View\View.php(213): include('D:\\wamp64\\www\\indo\\app\\Views\\layout\\header.php')
 3 SYSTEMPATH\View\View.php(216): CodeIgniter\View\View->CodeIgniter\View\{closure}()
 4 SYSTEMPATH\Common.php(1184): CodeIgniter\View\View->render('layout/header', [], true)
 5 APPPATH\Views\layout\layout.php(38): view('layout/header')
 6 SYSTEMPATH\View\View.php(213): include('D:\\wamp64\\www\\indo\\app\\Views\\layout\\layout.php')
 7 SYSTEMPATH\View\View.php(216): CodeIgniter\View\View->CodeIgniter\View\{closure}()
 8 SYSTEMPATH\Common.php(1184): CodeIgniter\View\View->render('layout/layout', [], true)
 9 APPPATH\Controllers\Pembelian.php(20): view('layout/layout', [...])
10 SYSTEMPATH\CodeIgniter.php(934): App\Controllers\Pembelian->suplier()
11 SYSTEMPATH\CodeIgniter.php(499): CodeIgniter\CodeIgniter->runController(Object(App\Controllers\Pembelian))
12 SYSTEMPATH\CodeIgniter.php(368): CodeIgniter\CodeIgniter->handleRequest(null, Object(Config\Cache), false)
13 FCPATH\index.php(67): CodeIgniter\CodeIgniter->run()
CRITICAL - 2023-04-29 07:57:20 --> Use of undefined constant ASSETS - assumed 'ASSETS' (this will throw an Error in a future version of PHP)
in APPPATH\Views\layout\header.php on line 8.
 1 APPPATH\Views\layout\header.php(8): CodeIgniter\Debug\Exceptions->errorHandler(2, 'Use of undefined constant ASSETS - assumed \'ASSETS\' (this will throw an Error in a future version of PHP)', 'D:\\wamp64\\www\\indo\\app\\Views\\layout\\header.php', 8, [...])
 2 SYSTEMPATH\View\View.php(213): include('D:\\wamp64\\www\\indo\\app\\Views\\layout\\header.php')
 3 SYSTEMPATH\View\View.php(216): CodeIgniter\View\View->CodeIgniter\View\{closure}()
 4 SYSTEMPATH\Common.php(1184): CodeIgniter\View\View->render('layout/header', [], true)
 5 APPPATH\Views\layout\layout.php(38): view('layout/header')
 6 SYSTEMPATH\View\View.php(213): include('D:\\wamp64\\www\\indo\\app\\Views\\layout\\layout.php')
 7 SYSTEMPATH\View\View.php(216): CodeIgniter\View\View->CodeIgniter\View\{closure}()
 8 SYSTEMPATH\Common.php(1184): CodeIgniter\View\View->render('layout/layout', [], true)
 9 APPPATH\Controllers\Pembelian.php(20): view('layout/layout', [...])
10 SYSTEMPATH\CodeIgniter.php(934): App\Controllers\Pembelian->suplier()
11 SYSTEMPATH\CodeIgniter.php(499): CodeIgniter\CodeIgniter->runController(Object(App\Controllers\Pembelian))
12 SYSTEMPATH\CodeIgniter.php(368): CodeIgniter\CodeIgniter->handleRequest(null, Object(Config\Cache), false)
13 FCPATH\index.php(67): CodeIgniter\CodeIgniter->run()
CRITICAL - 2023-04-29 07:57:22 --> Use of undefined constant ASSETS - assumed 'ASSETS' (this will throw an Error in a future version of PHP)
in APPPATH\Views\layout\header.php on line 8.
 1 APPPATH\Views\layout\header.php(8): CodeIgniter\Debug\Exceptions->errorHandler(2, 'Use of undefined constant ASSETS - assumed \'ASSETS\' (this will throw an Error in a future version of PHP)', 'D:\\wamp64\\www\\indo\\app\\Views\\layout\\header.php', 8, [...])
 2 SYSTEMPATH\View\View.php(213): include('D:\\wamp64\\www\\indo\\app\\Views\\layout\\header.php')
 3 SYSTEMPATH\View\View.php(216): CodeIgniter\View\View->CodeIgniter\View\{closure}()
 4 SYSTEMPATH\Common.php(1184): CodeIgniter\View\View->render('layout/header', [], true)
 5 APPPATH\Views\layout\layout.php(38): view('layout/header')
 6 SYSTEMPATH\View\View.php(213): include('D:\\wamp64\\www\\indo\\app\\Views\\layout\\layout.php')
 7 SYSTEMPATH\View\View.php(216): CodeIgniter\View\View->CodeIgniter\View\{closure}()
 8 SYSTEMPATH\Common.php(1184): CodeIgniter\View\View->render('layout/layout', [], true)
 9 APPPATH\Controllers\Pembelian.php(20): view('layout/layout', [...])
10 SYSTEMPATH\CodeIgniter.php(934): App\Controllers\Pembelian->suplier()
11 SYSTEMPATH\CodeIgniter.php(499): CodeIgniter\CodeIgniter->runController(Object(App\Controllers\Pembelian))
12 SYSTEMPATH\CodeIgniter.php(368): CodeIgniter\CodeIgniter->handleRequest(null, Object(Config\Cache), false)
13 FCPATH\index.php(67): CodeIgniter\CodeIgniter->run()
CRITICAL - 2023-04-29 07:57:38 --> Use of undefined constant ASSETS - assumed 'ASSETS' (this will throw an Error in a future version of PHP)
in APPPATH\Views\layout\header.php on line 8.
 1 APPPATH\Views\layout\header.php(8): CodeIgniter\Debug\Exceptions->errorHandler(2, 'Use of undefined constant ASSETS - assumed \'ASSETS\' (this will throw an Error in a future version of PHP)', 'D:\\wamp64\\www\\indo\\app\\Views\\layout\\header.php', 8, [...])
 2 SYSTEMPATH\View\View.php(213): include('D:\\wamp64\\www\\indo\\app\\Views\\layout\\header.php')
 3 SYSTEMPATH\View\View.php(216): CodeIgniter\View\View->CodeIgniter\View\{closure}()
 4 SYSTEMPATH\Common.php(1184): CodeIgniter\View\View->render('layout/header', [], true)
 5 APPPATH\Views\layout\layout.php(38): view('layout/header')
 6 SYSTEMPATH\View\View.php(213): include('D:\\wamp64\\www\\indo\\app\\Views\\layout\\layout.php')
 7 SYSTEMPATH\View\View.php(216): CodeIgniter\View\View->CodeIgniter\View\{closure}()
 8 SYSTEMPATH\Common.php(1184): CodeIgniter\View\View->render('layout/layout', [], true)
 9 APPPATH\Controllers\Pembelian.php(20): view('layout/layout', [...])
10 SYSTEMPATH\CodeIgniter.php(934): App\Controllers\Pembelian->suplier()
11 SYSTEMPATH\CodeIgniter.php(499): CodeIgniter\CodeIgniter->runController(Object(App\Controllers\Pembelian))
12 SYSTEMPATH\CodeIgniter.php(368): CodeIgniter\CodeIgniter->handleRequest(null, Object(Config\Cache), false)
13 FCPATH\index.php(67): CodeIgniter\CodeIgniter->run()
CRITICAL - 2023-04-29 07:58:27 --> Use of undefined constant ASSETS - assumed 'ASSETS' (this will throw an Error in a future version of PHP)
in APPPATH\Views\layout\header.php on line 8.
 1 APPPATH\Views\layout\header.php(8): CodeIgniter\Debug\Exceptions->errorHandler(2, 'Use of undefined constant ASSETS - assumed \'ASSETS\' (this will throw an Error in a future version of PHP)', 'D:\\wamp64\\www\\indo\\app\\Views\\layout\\header.php', 8, [...])
 2 SYSTEMPATH\View\View.php(213): include('D:\\wamp64\\www\\indo\\app\\Views\\layout\\header.php')
 3 SYSTEMPATH\View\View.php(216): CodeIgniter\View\View->CodeIgniter\View\{closure}()
 4 SYSTEMPATH\Common.php(1184): CodeIgniter\View\View->render('layout/header', [], true)
 5 APPPATH\Views\layout\layout.php(38): view('layout/header')
 6 SYSTEMPATH\View\View.php(213): include('D:\\wamp64\\www\\indo\\app\\Views\\layout\\layout.php')
 7 SYSTEMPATH\View\View.php(216): CodeIgniter\View\View->CodeIgniter\View\{closure}()
 8 SYSTEMPATH\Common.php(1184): CodeIgniter\View\View->render('layout/layout', [], true)
 9 APPPATH\Controllers\Home.php(17): view('layout/layout', [...])
10 SYSTEMPATH\CodeIgniter.php(934): App\Controllers\Home->index()
11 SYSTEMPATH\CodeIgniter.php(499): CodeIgniter\CodeIgniter->runController(Object(App\Controllers\Home))
12 SYSTEMPATH\CodeIgniter.php(368): CodeIgniter\CodeIgniter->handleRequest(null, Object(Config\Cache), false)
13 FCPATH\index.php(67): CodeIgniter\CodeIgniter->run()
CRITICAL - 2023-04-29 08:29:44 --> Object of class stdClass could not be converted to string
in APPPATH\Views\admin\pembelian\suplier.php on line 287.
 1 SYSTEMPATH\View\View.php(213): include()
 2 SYSTEMPATH\View\View.php(216): CodeIgniter\View\View->CodeIgniter\View\{closure}()
 3 SYSTEMPATH\Common.php(1184): CodeIgniter\View\View->render('admin/pembelian/suplier', [], true)
 4 APPPATH\Views\layout\layout.php(45): view('admin/pembelian/suplier')
 5 SYSTEMPATH\View\View.php(213): include('D:\\wamp64\\www\\indo\\app\\Views\\layout\\layout.php')
 6 SYSTEMPATH\View\View.php(216): CodeIgniter\View\View->CodeIgniter\View\{closure}()
 7 SYSTEMPATH\Common.php(1184): CodeIgniter\View\View->render('layout/layout', [], true)
 8 APPPATH\Controllers\Pembelian.php(20): view('layout/layout', [...])
 9 SYSTEMPATH\CodeIgniter.php(934): App\Controllers\Pembelian->suplier()
10 SYSTEMPATH\CodeIgniter.php(499): CodeIgniter\CodeIgniter->runController(Object(App\Controllers\Pembelian))
11 SYSTEMPATH\CodeIgniter.php(368): CodeIgniter\CodeIgniter->handleRequest(null, Object(Config\Cache), false)
12 FCPATH\index.php(67): CodeIgniter\CodeIgniter->run()
CRITICAL - 2023-04-29 09:05:13 --> A non-numeric value encountered
in APPPATH\Views\admin\pembelian\suplier.php on line 300.
 1 APPPATH\Views\admin\pembelian\suplier.php(300): CodeIgniter\Debug\Exceptions->errorHandler(2, 'A non-numeric value encountered', 'D:\\wamp64\\www\\indo\\app\\Views\\admin\\pembelian\\suplier.php', 300, [...])
 2 SYSTEMPATH\View\View.php(213): include('D:\\wamp64\\www\\indo\\app\\Views\\admin\\pembelian\\suplier.php')
 3 SYSTEMPATH\View\View.php(216): CodeIgniter\View\View->CodeIgniter\View\{closure}()
 4 SYSTEMPATH\Common.php(1184): CodeIgniter\View\View->render('admin/pembelian/suplier', [], true)
 5 APPPATH\Views\layout\layout.php(45): view('admin/pembelian/suplier')
 6 SYSTEMPATH\View\View.php(213): include('D:\\wamp64\\www\\indo\\app\\Views\\layout\\layout.php')
 7 SYSTEMPATH\View\View.php(216): CodeIgniter\View\View->CodeIgniter\View\{closure}()
 8 SYSTEMPATH\Common.php(1184): CodeIgniter\View\View->render('layout/layout', [], true)
 9 APPPATH\Controllers\Pembelian.php(20): view('layout/layout', [...])
10 SYSTEMPATH\CodeIgniter.php(934): App\Controllers\Pembelian->suplier()
11 SYSTEMPATH\CodeIgniter.php(499): CodeIgniter\CodeIgniter->runController(Object(App\Controllers\Pembelian))
12 SYSTEMPATH\CodeIgniter.php(368): CodeIgniter\CodeIgniter->handleRequest(null, Object(Config\Cache), false)
13 FCPATH\index.php(67): CodeIgniter\CodeIgniter->run()
CRITICAL - 2023-04-29 09:27:57 --> Call to undefined function db()
in APPPATH\Views\admin\pembelian\suplier.php on line 291.
 1 SYSTEMPATH\View\View.php(213): include()
 2 SYSTEMPATH\View\View.php(216): CodeIgniter\View\View->CodeIgniter\View\{closure}()
 3 SYSTEMPATH\Common.php(1184): CodeIgniter\View\View->render('admin/pembelian/suplier', [], true)
 4 APPPATH\Views\layout\layout.php(45): view('admin/pembelian/suplier')
 5 SYSTEMPATH\View\View.php(213): include('D:\\wamp64\\www\\indo\\app\\Views\\layout\\layout.php')
 6 SYSTEMPATH\View\View.php(216): CodeIgniter\View\View->CodeIgniter\View\{closure}()
 7 SYSTEMPATH\Common.php(1184): CodeIgniter\View\View->render('layout/layout', [], true)
 8 APPPATH\Controllers\Pembelian.php(20): view('layout/layout', [...])
 9 SYSTEMPATH\CodeIgniter.php(934): App\Controllers\Pembelian->suplier()
10 SYSTEMPATH\CodeIgniter.php(499): CodeIgniter\CodeIgniter->runController(Object(App\Controllers\Pembelian))
11 SYSTEMPATH\CodeIgniter.php(368): CodeIgniter\CodeIgniter->handleRequest(null, Object(Config\Cache), false)
12 FCPATH\index.php(67): CodeIgniter\CodeIgniter->run()
CRITICAL - 2023-04-29 09:29:00 --> Call to undefined function _db()
in APPPATH\Views\admin\pembelian\suplier.php on line 291.
 1 SYSTEMPATH\View\View.php(213): include()
 2 SYSTEMPATH\View\View.php(216): CodeIgniter\View\View->CodeIgniter\View\{closure}()
 3 SYSTEMPATH\Common.php(1184): CodeIgniter\View\View->render('admin/pembelian/suplier', [], true)
 4 APPPATH\Views\layout\layout.php(45): view('admin/pembelian/suplier')
 5 SYSTEMPATH\View\View.php(213): include('D:\\wamp64\\www\\indo\\app\\Views\\layout\\layout.php')
 6 SYSTEMPATH\View\View.php(216): CodeIgniter\View\View->CodeIgniter\View\{closure}()
 7 SYSTEMPATH\Common.php(1184): CodeIgniter\View\View->render('layout/layout', [], true)
 8 APPPATH\Controllers\Pembelian.php(20): view('layout/layout', [...])
 9 SYSTEMPATH\CodeIgniter.php(934): App\Controllers\Pembelian->suplier()
10 SYSTEMPATH\CodeIgniter.php(499): CodeIgniter\CodeIgniter->runController(Object(App\Controllers\Pembelian))
11 SYSTEMPATH\CodeIgniter.php(368): CodeIgniter\CodeIgniter->handleRequest(null, Object(Config\Cache), false)
12 FCPATH\index.php(67): CodeIgniter\CodeIgniter->run()
CRITICAL - 2023-04-29 10:11:42 --> Call to undefined function App\Controllers\validation_errors()
in APPPATH\Controllers\Pembelian.php on line 58.
 1 SYSTEMPATH\CodeIgniter.php(934): App\Controllers\Pembelian->suplier_add()
 2 SYSTEMPATH\CodeIgniter.php(499): CodeIgniter\CodeIgniter->runController(Object(App\Controllers\Pembelian))
 3 SYSTEMPATH\CodeIgniter.php(368): CodeIgniter\CodeIgniter->handleRequest(null, Object(Config\Cache), false)
 4 FCPATH\index.php(67): CodeIgniter\CodeIgniter->run()
CRITICAL - 2023-04-29 10:14:30 --> Call to undefined function App\Controllers\validation_show_error()
in APPPATH\Controllers\Pembelian.php on line 58.
 1 SYSTEMPATH\CodeIgniter.php(934): App\Controllers\Pembelian->suplier_add()
 2 SYSTEMPATH\CodeIgniter.php(499): CodeIgniter\CodeIgniter->runController(Object(App\Controllers\Pembelian))
 3 SYSTEMPATH\CodeIgniter.php(368): CodeIgniter\CodeIgniter->handleRequest(null, Object(Config\Cache), false)
 4 FCPATH\index.php(67): CodeIgniter\CodeIgniter->run()
CRITICAL - 2023-04-29 10:14:41 --> Call to undefined function App\Controllers\validation_show_error()
in APPPATH\Controllers\Pembelian.php on line 58.
 1 SYSTEMPATH\CodeIgniter.php(934): App\Controllers\Pembelian->suplier_add()
 2 SYSTEMPATH\CodeIgniter.php(499): CodeIgniter\CodeIgniter->runController(Object(App\Controllers\Pembelian))
 3 SYSTEMPATH\CodeIgniter.php(368): CodeIgniter\CodeIgniter->handleRequest(null, Object(Config\Cache), false)
 4 FCPATH\index.php(67): CodeIgniter\CodeIgniter->run()
CRITICAL - 2023-04-29 10:24:35 --> "kode" is not a valid Validation template.
in SYSTEMPATH\Validation\Validation.php on line 557.
 1 SYSTEMPATH\Validation\Validation.php(557): CodeIgniter\Validation\Exceptions\ValidationException::forInvalidTemplate('kode')
 2 APPPATH\Controllers\Pembelian.php(58): CodeIgniter\Validation\Validation->listErrors('kode')
 3 SYSTEMPATH\CodeIgniter.php(934): App\Controllers\Pembelian->suplier_add()
 4 SYSTEMPATH\CodeIgniter.php(499): CodeIgniter\CodeIgniter->runController(Object(App\Controllers\Pembelian))
 5 SYSTEMPATH\CodeIgniter.php(368): CodeIgniter\CodeIgniter->handleRequest(null, Object(Config\Cache), false)
 6 FCPATH\index.php(67): CodeIgniter\CodeIgniter->run()
